2019-04-24 09:41:06,250 - sys_login_action - INFO - 发起登录请求
2019-04-24 09:41:06,251 - sys_login_action - ERROR - 登录成功请求报错：'get_login' object has no attribute 'url_login'
2019-04-24 09:42:24,022 - sys_login_action - INFO - 发起登录请求
2019-04-24 09:42:48,495 - sys_login_action - INFO - 发起登录请求
2019-04-24 09:42:55,999 - sys_login_action - INFO - 发起登录请求
2019-04-24 09:43:27,295 - sys_login_action - INFO - 发起登录请求
2019-04-24 09:43:27,296 - sys_login_action - ERROR - 登录成功请求报错：'get_login' object has no attribute 'url1_login'
2019-04-24 09:43:52,676 - sys_login_action - INFO - 发起登录请求
2019-04-24 09:43:52,676 - sys_login_action - ERROR - 登录成功请求报错：'get_login' object has no attribute 'url1_login'
2019-04-24 09:44:49,546 - sys_login_action - INFO - 发起登录请求
2019-04-24 09:44:49,546 - sys_login_action - ERROR - 登录成功请求报错：'get_login' object has no attribute 'url1_login'
2019-04-24 09:52:44,814 - sys_login_action - INFO - 发起登录请求
2019-04-24 09:52:44,814 - sys_login_action - ERROR - 登录成功请求报错：'get_login' object has no attribute 'url1_login'
2019-04-24 09:53:03,990 - sys_login_action - INFO - 发起登录请求
2019-04-24 09:53:25,109 - sys_login_action - INFO - 发起登录请求
2019-04-24 09:53:25,252 - sys_login_action - INFO - 发起登录请求
2019-04-24 10:22:45,978 - get_question_list - INFO - 发起登录请求
2019-04-24 10:34:27,349 - get_question_list - INFO - 发起登录请求
2019-04-24 10:34:27,349 - get_question_list - INFO - 发起登录请求
2019-04-24 10:34:27,396 - get_question_list - INFO - 发起问题列表查询false请求
2019-04-24 10:34:27,396 - get_question_list - INFO - 发起问题列表查询false请求
2019-04-24 10:34:27,401 - get_question_list - INFO - 发起问题列表查询false请求
2019-04-24 10:34:27,401 - get_question_list - INFO - 发起问题列表查询false请求
2019-04-24 10:34:27,446 - get_question_list - INFO - 发起问题列表查询false请求
2019-04-24 10:34:27,446 - get_question_list - INFO - 发起问题列表查询false请求
2019-04-24 10:34:27,472 - get_question_list - INFO - 发起问题列表查询false请求
2019-04-24 10:34:27,472 - get_question_list - INFO - 发起问题列表查询false请求
2019-04-24 10:34:27,498 - get_question_list - INFO - 发起问题列表查询false请求
2019-04-24 10:34:27,498 - get_question_list - INFO - 发起问题列表查询false请求
2019-04-24 10:34:27,499 - get_question_list - ERROR - 查询问题列表false请求报错Invalid header name b''
2019-04-24 10:34:27,499 - get_question_list - ERROR - 查询问题列表false请求报错Invalid header name b''
2019-04-24 10:35:15,044 - get_question_list - INFO - 发起登录请求
2019-04-24 10:35:15,044 - get_question_list - INFO - 发起登录请求
2019-04-24 10:35:15,097 - get_question_list - INFO - 发起问题列表查询false请求
2019-04-24 10:35:15,097 - get_question_list - INFO - 发起问题列表查询false请求
2019-04-24 10:35:16,102 - get_question_list - INFO - 发起问题列表查询false请求
2019-04-24 10:35:16,102 - get_question_list - INFO - 发起问题列表查询false请求
2019-04-24 10:35:17,142 - get_question_list - INFO - 发起问题列表查询false请求
2019-04-24 10:35:17,142 - get_question_list - INFO - 发起问题列表查询false请求
2019-04-24 10:35:18,181 - get_question_list - INFO - 发起问题列表查询false请求
2019-04-24 10:35:18,181 - get_question_list - INFO - 发起问题列表查询false请求
2019-04-24 10:35:19,223 - get_question_list - INFO - 发起问题列表查询false请求
2019-04-24 10:35:19,223 - get_question_list - INFO - 发起问题列表查询false请求
2019-04-24 10:35:19,224 - get_question_list - ERROR - 查询问题列表false请求报错Invalid header name b''
2019-04-24 10:35:19,224 - get_question_list - ERROR - 查询问题列表false请求报错Invalid header name b''
2019-04-24 10:36:41,382 - get_question_list - INFO - 发起登录请求
2019-04-24 10:36:41,382 - get_question_list - INFO - 发起登录请求
2019-04-24 10:36:41,416 - get_question_list - INFO - 发起问题列表查询false请求
2019-04-24 10:36:41,416 - get_question_list - INFO - 发起问题列表查询false请求
2019-04-24 10:37:18,829 - get_question_list - INFO - 发起登录请求
2019-04-24 10:37:18,829 - get_question_list - INFO - 发起登录请求
2019-04-24 10:37:22,822 - get_question_list - INFO - 发起登录请求
2019-04-24 10:37:22,822 - get_question_list - INFO - 发起登录请求
2019-04-24 10:37:22,852 - get_question_list - INFO - 发起问题列表查询false请求
2019-04-24 10:37:22,852 - get_question_list - INFO - 发起问题列表查询false请求
2019-04-24 10:37:59,332 - get_question_list - INFO - 发起登录请求
2019-04-24 10:37:59,332 - get_question_list - INFO - 发起登录请求
2019-04-24 10:37:59,366 - get_question_list - INFO - 发起问题列表查询false请求
2019-04-24 10:37:59,366 - get_question_list - INFO - 发起问题列表查询false请求
2019-04-24 10:38:00,371 - get_question_list - INFO - 发起问题列表查询false请求
2019-04-24 10:38:00,371 - get_question_list - INFO - 发起问题列表查询false请求
2019-04-24 10:38:01,418 - get_question_list - INFO - 发起问题列表查询false请求
2019-04-24 10:38:01,418 - get_question_list - INFO - 发起问题列表查询false请求
2019-04-24 10:38:02,446 - get_question_list - INFO - 发起问题列表查询false请求
2019-04-24 10:38:02,446 - get_question_list - INFO - 发起问题列表查询false请求
2019-04-24 10:38:03,475 - get_question_list - INFO - 发起问题列表查询false请求
2019-04-24 10:38:03,475 - get_question_list - INFO - 发起问题列表查询false请求
2019-04-24 10:38:03,476 - get_question_list - ERROR - 查询问题列表false请求报错Invalid header name b''
2019-04-24 10:38:03,476 - get_question_list - ERROR - 查询问题列表false请求报错Invalid header name b''
2019-04-24 10:40:07,911 - get_question_list - INFO - 发起登录请求
2019-04-24 10:40:07,911 - get_question_list - INFO - 发起登录请求
2019-04-24 10:41:13,299 - get_question_list - INFO - 发起登录请求
2019-04-24 10:41:13,299 - get_question_list - INFO - 发起登录请求
2019-04-24 10:41:13,361 - get_question_list - INFO - 发起问题列表查询false请求
2019-04-24 10:41:13,361 - get_question_list - INFO - 发起问题列表查询false请求
2019-04-24 10:41:14,367 - get_question_list - INFO - 发起问题列表查询false请求
2019-04-24 10:41:14,367 - get_question_list - INFO - 发起问题列表查询false请求
2019-04-24 10:41:15,410 - get_question_list - INFO - 发起问题列表查询false请求
2019-04-24 10:41:15,410 - get_question_list - INFO - 发起问题列表查询false请求
2019-04-24 10:41:16,451 - get_question_list - INFO - 发起问题列表查询false请求
2019-04-24 10:41:16,451 - get_question_list - INFO - 发起问题列表查询false请求
2019-04-24 10:41:17,574 - get_question_list - INFO - 发起问题列表查询false请求
2019-04-24 10:41:17,574 - get_question_list - INFO - 发起问题列表查询false请求
2019-04-24 10:41:17,575 - get_question_list - ERROR - 查询问题列表false请求报错Invalid header name b''
2019-04-24 10:41:17,575 - get_question_list - ERROR - 查询问题列表false请求报错Invalid header name b''
2019-04-24 10:42:23,537 - get_question_list - INFO - 发起登录请求
2019-04-24 10:42:23,537 - get_question_list - INFO - 发起登录请求
2019-04-24 10:42:23,580 - get_question_list - INFO - 发起问题列表查询false请求
2019-04-24 10:42:23,580 - get_question_list - INFO - 发起问题列表查询false请求
2019-04-24 10:42:23,585 - get_question_list - ERROR - 查询问题列表false请求报错Invalid header name b''
2019-04-24 10:42:23,585 - get_question_list - ERROR - 查询问题列表false请求报错Invalid header name b''
2019-04-24 10:42:28,605 - get_question_list - INFO - 发起登录请求
2019-04-24 10:42:28,605 - get_question_list - INFO - 发起登录请求
2019-04-24 10:42:28,644 - get_question_list - INFO - 发起问题列表查询false请求
2019-04-24 10:42:28,644 - get_question_list - INFO - 发起问题列表查询false请求
2019-04-24 10:42:28,645 - get_question_list - ERROR - 查询问题列表false请求报错Invalid header name b''
2019-04-24 10:42:28,645 - get_question_list - ERROR - 查询问题列表false请求报错Invalid header name b''
2019-04-24 10:42:38,249 - get_question_list - INFO - 发起登录请求
2019-04-24 10:42:38,249 - get_question_list - INFO - 发起登录请求
2019-04-24 10:42:38,280 - get_question_list - INFO - 发起问题列表查询false请求
2019-04-24 10:42:38,280 - get_question_list - INFO - 发起问题列表查询false请求
2019-04-24 10:42:53,348 - get_question_list - INFO - 发起登录请求
2019-04-24 10:42:53,348 - get_question_list - INFO - 发起登录请求
2019-04-24 10:42:53,391 - get_question_list - INFO - 发起问题列表查询false请求
2019-04-24 10:42:53,391 - get_question_list - INFO - 发起问题列表查询false请求
2019-04-24 10:42:53,392 - get_question_list - ERROR - 查询问题列表false请求报错Invalid header name b''
2019-04-24 10:42:53,392 - get_question_list - ERROR - 查询问题列表false请求报错Invalid header name b''
2019-04-24 10:43:51,868 - get_question_list - INFO - 发起登录请求
2019-04-24 10:43:51,868 - get_question_list - INFO - 发起登录请求
2019-04-24 10:43:51,909 - get_question_list - INFO - 发起问题列表查询false请求
2019-04-24 10:43:51,909 - get_question_list - INFO - 发起问题列表查询false请求
2019-04-24 10:43:52,912 - get_question_list - INFO - 发起问题列表查询false请求
2019-04-24 10:43:52,912 - get_question_list - INFO - 发起问题列表查询false请求
2019-04-24 10:43:53,939 - get_question_list - INFO - 发起问题列表查询false请求
2019-04-24 10:43:53,939 - get_question_list - INFO - 发起问题列表查询false请求
2019-04-24 10:43:54,956 - get_question_list - INFO - 发起问题列表查询false请求
2019-04-24 10:43:54,956 - get_question_list - INFO - 发起问题列表查询false请求
2019-04-24 10:43:55,979 - get_question_list - INFO - 发起问题列表查询false请求
2019-04-24 10:43:55,979 - get_question_list - INFO - 发起问题列表查询false请求
2019-04-24 10:43:55,980 - get_question_list - ERROR - 查询问题列表false请求报错Invalid header name b''
2019-04-24 10:43:55,980 - get_question_list - ERROR - 查询问题列表false请求报错Invalid header name b''
2019-04-24 10:43:56,980 - get_question_list - INFO - 发起问题列表查询false请求
2019-04-24 10:43:56,980 - get_question_list - INFO - 发起问题列表查询false请求
2019-04-24 10:43:56,981 - get_question_list - ERROR - 查询问题列表false请求报错Invalid header name b''
2019-04-24 10:43:56,981 - get_question_list - ERROR - 查询问题列表false请求报错Invalid header name b''
2019-04-24 10:43:57,982 - get_question_list - INFO - 发起问题列表查询false请求
2019-04-24 10:43:57,982 - get_question_list - INFO - 发起问题列表查询false请求
2019-04-24 10:43:57,983 - get_question_list - ERROR - 查询问题列表false请求报错Invalid header name b''
2019-04-24 10:43:57,983 - get_question_list - ERROR - 查询问题列表false请求报错Invalid header name b''
2019-04-24 10:43:58,983 - get_question_list - INFO - 发起问题列表查询false请求
2019-04-24 10:43:58,983 - get_question_list - INFO - 发起问题列表查询false请求
2019-04-24 10:44:00,018 - get_question_list - INFO - 发起问题列表查询false请求
2019-04-24 10:44:00,018 - get_question_list - INFO - 发起问题列表查询false请求
2019-04-24 10:44:01,023 - get_question_list - INFO - 发起问题列表查询false请求
2019-04-24 10:44:01,023 - get_question_list - INFO - 发起问题列表查询false请求
2019-04-24 10:47:05,420 - get_question_list - INFO - 发起登录请求
2019-04-24 10:47:05,420 - get_question_list - INFO - 发起登录请求
2019-04-24 10:47:05,493 - get_question_list - INFO - 发起问题列表查询false请求
2019-04-24 10:47:05,493 - get_question_list - INFO - 发起问题列表查询false请求
2019-04-24 10:47:06,502 - get_question_list - INFO - 发起问题列表查询false请求
2019-04-24 10:47:06,502 - get_question_list - INFO - 发起问题列表查询false请求
2019-04-24 10:47:07,555 - get_question_list - INFO - 发起问题列表查询false请求
2019-04-24 10:47:07,555 - get_question_list - INFO - 发起问题列表查询false请求
2019-04-24 10:47:08,579 - get_question_list - INFO - 发起问题列表查询false请求
2019-04-24 10:47:08,579 - get_question_list - INFO - 发起问题列表查询false请求
2019-04-24 10:47:09,645 - get_question_list - INFO - 发起问题列表查询false请求
2019-04-24 10:47:09,645 - get_question_list - INFO - 发起问题列表查询false请求
2019-04-24 10:47:09,646 - get_question_list - ERROR - 查询问题列表false请求报错Invalid header name b''
2019-04-24 10:47:09,646 - get_question_list - ERROR - 查询问题列表false请求报错Invalid header name b''
2019-04-24 10:47:10,646 - get_question_list - INFO - 发起问题列表查询false请求
2019-04-24 10:47:10,646 - get_question_list - INFO - 发起问题列表查询false请求
2019-04-24 10:47:10,647 - get_question_list - ERROR - 查询问题列表false请求报错Invalid header name b''
2019-04-24 10:47:10,647 - get_question_list - ERROR - 查询问题列表false请求报错Invalid header name b''
2019-04-24 10:47:11,647 - get_question_list - INFO - 发起问题列表查询false请求
2019-04-24 10:47:11,647 - get_question_list - INFO - 发起问题列表查询false请求
2019-04-24 10:47:11,648 - get_question_list - ERROR - 查询问题列表false请求报错Invalid header name b''
2019-04-24 10:47:11,648 - get_question_list - ERROR - 查询问题列表false请求报错Invalid header name b''
2019-04-24 10:47:12,649 - get_question_list - INFO - 发起问题列表查询false请求
2019-04-24 10:47:12,649 - get_question_list - INFO - 发起问题列表查询false请求
2019-04-24 10:47:13,676 - get_question_list - INFO - 发起问题列表查询false请求
2019-04-24 10:47:13,676 - get_question_list - INFO - 发起问题列表查询false请求
2019-04-24 10:47:14,692 - get_question_list - INFO - 发起问题列表查询false请求
2019-04-24 10:47:14,692 - get_question_list - INFO - 发起问题列表查询false请求
2019-04-24 10:56:04,574 - question_list - INFO - 发起登录请求
2019-04-24 10:56:04,574 - question_list - INFO - 发起登录请求
2019-04-24 10:56:05,582 - question_list - ERROR - 登录成功请求报错：HTTPConnectionPool(host='192.168.1.200', port=8683): Max retries exceeded with url: /sys/login (Caused by NewConnectionError('<urllib3.connection.HTTPConnection object at 0x000002CCD94B3DD8>: Failed to establish a new connection: [WinError 10061] 由于目标计算机积极拒绝，无法连接。'))
2019-04-24 10:56:05,582 - question_list - ERROR - 登录成功请求报错：HTTPConnectionPool(host='192.168.1.200', port=8683): Max retries exceeded with url: /sys/login (Caused by NewConnectionError('<urllib3.connection.HTTPConnection object at 0x000002CCD94B3DD8>: Failed to establish a new connection: [WinError 10061] 由于目标计算机积极拒绝，无法连接。'))
2019-04-24 10:56:34,493 - question_list - INFO - 发起登录请求
2019-04-24 10:56:34,493 - question_list - INFO - 发起登录请求
2019-04-24 10:56:35,500 - question_list - ERROR - 登录成功请求报错：HTTPConnectionPool(host='192.168.1.200', port=8683): Max retries exceeded with url: /sys/login (Caused by NewConnectionError('<urllib3.connection.HTTPConnection object at 0x00000200C1133DA0>: Failed to establish a new connection: [WinError 10061] 由于目标计算机积极拒绝，无法连接。'))
2019-04-24 10:56:35,500 - question_list - ERROR - 登录成功请求报错：HTTPConnectionPool(host='192.168.1.200', port=8683): Max retries exceeded with url: /sys/login (Caused by NewConnectionError('<urllib3.connection.HTTPConnection object at 0x00000200C1133DA0>: Failed to establish a new connection: [WinError 10061] 由于目标计算机积极拒绝，无法连接。'))
2019-04-24 11:02:46,159 - question_list - INFO - 发起登录请求
2019-04-24 11:02:46,159 - question_list - INFO - 发起登录请求
2019-04-24 11:02:47,139 - question_list - INFO - 发起问题列表true查询请求
2019-04-24 11:02:47,139 - question_list - INFO - 发起问题列表true查询请求
2019-04-24 11:09:47,217 - sys_login_action - INFO - 发起登录请求
2019-04-24 11:10:03,882 - sys_login_action - INFO - 发起登录请求
2019-04-24 13:52:45,458 - question_insert - INFO - 发起登录请求
2019-04-24 13:52:45,458 - question_insert - INFO - 发起登录请求
2019-04-24 13:53:51,133 - question_insert - INFO - 发起登录请求
2019-04-24 13:53:51,133 - question_insert - INFO - 发起登录请求
2019-04-24 13:54:22,555 - question_insert - INFO - 发起登录请求
2019-04-24 13:54:22,555 - question_insert - INFO - 发起登录请求
2019-04-24 13:54:47,471 - question_insert - INFO - 发起登录请求
2019-04-24 13:54:47,471 - question_insert - INFO - 发起登录请求
2019-04-24 13:55:26,102 - question_insert - INFO - 发起登录请求
2019-04-24 13:55:26,102 - question_insert - INFO - 发起登录请求
2019-04-24 13:55:42,018 - question_insert - INFO - 发起登录请求
2019-04-24 13:55:42,018 - question_insert - INFO - 发起登录请求
2019-04-24 13:55:42,080 - question_insert - INFO - question插入接口为true请求开始
2019-04-24 13:55:42,080 - question_insert - INFO - question插入接口为true请求开始
2019-04-24 14:00:57,116 - question_insert - INFO - 发起登录请求
2019-04-24 14:00:57,116 - question_insert - INFO - 发起登录请求
2019-04-24 14:00:57,171 - question_insert - INFO - question插入接口为true请求开始
2019-04-24 14:00:57,171 - question_insert - INFO - question插入接口为true请求开始
2019-04-24 14:08:04,635 - question_insert - INFO - 发起登录请求
2019-04-24 14:08:04,635 - question_insert - INFO - 发起登录请求
2019-04-24 14:08:04,686 - question_insert - INFO - question插入接口header为false请求开始
2019-04-24 14:08:04,686 - question_insert - INFO - question插入接口header为false请求开始
2019-04-24 14:08:05,690 - question_insert - INFO - question插入接口header为false请求开始
2019-04-24 14:08:05,690 - question_insert - INFO - question插入接口header为false请求开始
2019-04-24 14:08:06,695 - question_insert - INFO - question插入接口header为false请求开始
2019-04-24 14:08:06,695 - question_insert - INFO - question插入接口header为false请求开始
2019-04-24 14:08:07,701 - question_insert - INFO - question插入接口header为false请求开始
2019-04-24 14:08:07,701 - question_insert - INFO - question插入接口header为false请求开始
2019-04-24 14:11:09,232 - question_insert - INFO - 发起登录请求
2019-04-24 14:11:09,232 - question_insert - INFO - 发起登录请求
2019-04-24 14:11:09,283 - question_insert - INFO - question插入接口header为false请求开始
2019-04-24 14:11:09,283 - question_insert - INFO - question插入接口header为false请求开始
2019-04-24 14:13:00,646 - question_insert - INFO - 发起登录请求
2019-04-24 14:13:00,646 - question_insert - INFO - 发起登录请求
2019-04-24 14:13:00,690 - question_insert - INFO - question插入接口header为false请求开始
2019-04-24 14:13:00,690 - question_insert - INFO - question插入接口header为false请求开始
2019-04-24 14:13:01,695 - question_insert - INFO - question插入接口header为false请求开始
2019-04-24 14:13:01,695 - question_insert - INFO - question插入接口header为false请求开始
2019-04-24 14:13:02,700 - question_insert - INFO - question插入接口header为false请求开始
2019-04-24 14:13:02,700 - question_insert - INFO - question插入接口header为false请求开始
2019-04-24 14:13:03,705 - question_insert - INFO - question插入接口header为false请求开始
2019-04-24 14:13:03,705 - question_insert - INFO - question插入接口header为false请求开始
2019-04-24 14:13:37,175 - question_insert - INFO - 发起登录请求
2019-04-24 14:13:37,175 - question_insert - INFO - 发起登录请求
2019-04-24 14:13:37,212 - question_insert - INFO - question插入接口header为false请求开始
2019-04-24 14:13:37,212 - question_insert - INFO - question插入接口header为false请求开始
2019-04-24 14:13:37,235 - question_insert - INFO - question插入接口header为false请求开始
2019-04-24 14:13:37,235 - question_insert - INFO - question插入接口header为false请求开始
2019-04-24 14:13:38,239 - question_insert - INFO - question插入接口header为false请求开始
2019-04-24 14:13:38,239 - question_insert - INFO - question插入接口header为false请求开始
2019-04-24 14:13:39,248 - question_insert - INFO - question插入接口header为false请求开始
2019-04-24 14:13:39,248 - question_insert - INFO - question插入接口header为false请求开始
2019-04-24 14:13:40,252 - question_insert - INFO - question插入接口header为false请求开始
2019-04-24 14:13:40,252 - question_insert - INFO - question插入接口header为false请求开始
2019-04-24 14:15:13,998 - question_insert - INFO - 发起登录请求
2019-04-24 14:15:13,998 - question_insert - INFO - 发起登录请求
2019-04-24 14:15:14,093 - question_insert - INFO - question插入接口header为false请求开始
2019-04-24 14:15:14,093 - question_insert - INFO - question插入接口header为false请求开始
2019-04-24 14:15:14,115 - question_insert - INFO - question插入接口header为false请求开始
2019-04-24 14:15:14,115 - question_insert - INFO - question插入接口header为false请求开始
2019-04-24 14:15:15,118 - question_insert - INFO - question插入接口header为false请求开始
2019-04-24 14:15:15,118 - question_insert - INFO - question插入接口header为false请求开始
2019-04-24 14:15:16,122 - question_insert - INFO - question插入接口header为false请求开始
2019-04-24 14:15:16,122 - question_insert - INFO - question插入接口header为false请求开始
2019-04-24 14:15:17,130 - question_insert - INFO - question插入接口header为false请求开始
2019-04-24 14:15:17,130 - question_insert - INFO - question插入接口header为false请求开始
2019-04-24 14:17:09,877 - question_insert - INFO - 发起登录请求
2019-04-24 14:17:09,877 - question_insert - INFO - 发起登录请求
2019-04-24 14:17:09,940 - question_insert - INFO - question插入接口header为false请求开始
2019-04-24 14:17:09,940 - question_insert - INFO - question插入接口header为false请求开始
2019-04-24 14:17:10,944 - question_insert - INFO - question插入接口header为false请求开始
2019-04-24 14:17:10,944 - question_insert - INFO - question插入接口header为false请求开始
2019-04-24 14:17:11,967 - question_insert - INFO - question插入接口header为false请求开始
2019-04-24 14:17:11,967 - question_insert - INFO - question插入接口header为false请求开始
2019-04-24 14:17:11,968 - question_insert - ERROR - question插入接口header为false请求报错Invalid header name b''
2019-04-24 14:17:11,968 - question_insert - ERROR - question插入接口header为false请求报错Invalid header name b''
2019-04-24 14:17:12,969 - question_insert - INFO - question插入接口header为false请求开始
2019-04-24 14:17:12,969 - question_insert - INFO - question插入接口header为false请求开始
2019-04-24 14:23:21,904 - question_insert - INFO - 发起登录请求
2019-04-24 14:23:21,904 - question_insert - INFO - 发起登录请求
2019-04-24 14:23:21,945 - question_insert - INFO - question插入接口为true请求开始
2019-04-24 14:23:21,945 - question_insert - INFO - question插入接口为true请求开始
2019-04-24 14:23:46,975 - question_insert - INFO - 发起登录请求
2019-04-24 14:23:46,975 - question_insert - INFO - 发起登录请求
2019-04-24 14:23:47,011 - question_insert - INFO - question插入接口为true请求开始
2019-04-24 14:23:47,011 - question_insert - INFO - question插入接口为true请求开始
2019-04-24 14:24:12,844 - question_insert - INFO - 发起登录请求
2019-04-24 14:24:12,844 - question_insert - INFO - 发起登录请求
2019-04-24 14:24:12,900 - question_insert - INFO - question插入接口为true请求开始
2019-04-24 14:24:12,900 - question_insert - INFO - question插入接口为true请求开始
2019-04-24 14:26:27,652 - question_insert - INFO - 发起登录请求
2019-04-24 14:26:27,652 - question_insert - INFO - 发起登录请求
2019-04-24 14:26:27,695 - question_insert - INFO - question插入接口为true请求开始
2019-04-24 14:26:27,695 - question_insert - INFO - question插入接口为true请求开始
2019-04-24 14:27:00,256 - question_insert - INFO - 发起登录请求
2019-04-24 14:27:00,256 - question_insert - INFO - 发起登录请求
2019-04-24 14:27:00,292 - question_insert - INFO - question插入接口为true请求开始
2019-04-24 14:27:00,292 - question_insert - INFO - question插入接口为true请求开始
2019-04-24 14:27:24,616 - question_insert - INFO - 发起登录请求
2019-04-24 14:27:24,616 - question_insert - INFO - 发起登录请求
2019-04-24 14:27:24,678 - question_insert - INFO - question插入接口为true请求开始
2019-04-24 14:27:24,678 - question_insert - INFO - question插入接口为true请求开始
2019-04-24 14:27:32,752 - question_insert - INFO - 发起登录请求
2019-04-24 14:27:32,752 - question_insert - INFO - 发起登录请求
2019-04-24 14:27:32,781 - question_insert - INFO - question插入接口为true请求开始
2019-04-24 14:27:32,781 - question_insert - INFO - question插入接口为true请求开始
2019-04-24 14:27:44,344 - question_insert - INFO - 发起登录请求
2019-04-24 14:27:44,344 - question_insert - INFO - 发起登录请求
2019-04-24 14:27:44,381 - question_insert - INFO - question插入接口为true请求开始
2019-04-24 14:27:44,381 - question_insert - INFO - question插入接口为true请求开始
2019-04-24 14:27:53,827 - question_insert - INFO - 发起登录请求
2019-04-24 14:27:53,827 - question_insert - INFO - 发起登录请求
2019-04-24 14:27:54,619 - question_insert - INFO - question插入接口为true请求开始
2019-04-24 14:27:54,619 - question_insert - INFO - question插入接口为true请求开始
2019-04-24 14:28:09,715 - question_insert - INFO - 发起登录请求
2019-04-24 14:28:09,715 - question_insert - INFO - 发起登录请求
2019-04-24 14:28:09,750 - question_insert - INFO - question插入接口为true请求开始
2019-04-24 14:28:09,750 - question_insert - INFO - question插入接口为true请求开始
2019-04-24 14:29:03,413 - question_insert - INFO - 发起登录请求
2019-04-24 14:29:03,413 - question_insert - INFO - 发起登录请求
2019-04-24 14:29:04,020 - question_insert - INFO - question插入接口为true请求开始
2019-04-24 14:29:04,020 - question_insert - INFO - question插入接口为true请求开始
2019-04-24 14:29:11,093 - question_insert - INFO - 发起登录请求
2019-04-24 14:29:11,093 - question_insert - INFO - 发起登录请求
2019-04-24 14:29:11,123 - question_insert - INFO - question插入接口为true请求开始
2019-04-24 14:29:11,123 - question_insert - INFO - question插入接口为true请求开始
2019-04-24 14:29:15,653 - question_insert - INFO - 发起登录请求
2019-04-24 14:29:15,653 - question_insert - INFO - 发起登录请求
2019-04-24 14:29:15,690 - question_insert - INFO - question插入接口为true请求开始
2019-04-24 14:29:15,690 - question_insert - INFO - question插入接口为true请求开始
2019-04-24 14:30:22,496 - question_insert - INFO - 发起登录请求
2019-04-24 14:30:22,496 - question_insert - INFO - 发起登录请求
2019-04-24 14:30:23,293 - question_insert - INFO - question插入接口为true请求开始
2019-04-24 14:30:23,293 - question_insert - INFO - question插入接口为true请求开始
2019-04-24 14:30:57,606 - question_insert - INFO - 发起登录请求
2019-04-24 14:30:57,606 - question_insert - INFO - 发起登录请求
2019-04-24 14:30:57,678 - question_insert - INFO - question插入接口为true请求开始
2019-04-24 14:30:57,678 - question_insert - INFO - question插入接口为true请求开始
2019-04-24 14:31:12,584 - question_insert - INFO - 发起登录请求
2019-04-24 14:31:12,584 - question_insert - INFO - 发起登录请求
2019-04-24 14:31:12,640 - question_insert - INFO - question插入接口为true请求开始
2019-04-24 14:31:12,640 - question_insert - INFO - question插入接口为true请求开始
2019-04-24 14:41:27,305 - question_insert - INFO - 发起登录请求
2019-04-24 14:41:27,305 - question_insert - INFO - 发起登录请求
2019-04-24 14:43:07,321 - question_insert - INFO - 发起登录请求
2019-04-24 14:43:07,321 - question_insert - INFO - 发起登录请求
2019-04-24 14:43:25,283 - question_insert - INFO - 发起登录请求
2019-04-24 14:43:25,283 - question_insert - INFO - 发起登录请求
2019-04-24 14:43:25,493 - question_insert - INFO - question插入接口为true请求开始
2019-04-24 14:43:25,493 - question_insert - INFO - question插入接口为true请求开始
2019-04-24 14:43:58,298 - question_insert - INFO - 发起登录请求
2019-04-24 14:43:58,298 - question_insert - INFO - 发起登录请求
2019-04-24 14:43:58,335 - question_insert - INFO - question插入接口为true请求开始
2019-04-24 14:43:58,335 - question_insert - INFO - question插入接口为true请求开始
2019-04-24 14:49:45,863 - question_insert - INFO - 发起登录请求
2019-04-24 14:49:45,863 - question_insert - INFO - 发起登录请求
2019-04-24 14:49:45,907 - question_insert - INFO - question插入接口为true请求开始
2019-04-24 14:49:45,907 - question_insert - INFO - question插入接口为true请求开始
2019-04-24 14:52:00,821 - question_insert - INFO - 发起登录请求
2019-04-24 14:52:00,821 - question_insert - INFO - 发起登录请求
2019-04-24 14:52:00,882 - question_insert - INFO - question插入接口为true请求开始
2019-04-24 14:52:00,882 - question_insert - INFO - question插入接口为true请求开始
2019-04-24 14:53:33,149 - question_insert - INFO - 发起登录请求
2019-04-24 14:53:33,149 - question_insert - INFO - 发起登录请求
2019-04-24 14:53:33,208 - question_insert - INFO - question插入接口为true请求开始
2019-04-24 14:53:33,208 - question_insert - INFO - question插入接口为true请求开始
2019-04-24 14:53:39,276 - question_insert - INFO - 发起登录请求
2019-04-24 14:53:39,276 - question_insert - INFO - 发起登录请求
2019-04-24 14:53:39,305 - question_insert - INFO - question插入接口为true请求开始
2019-04-24 14:53:39,305 - question_insert - INFO - question插入接口为true请求开始
2019-04-24 14:53:58,567 - question_insert - INFO - 发起登录请求
2019-04-24 14:53:58,567 - question_insert - INFO - 发起登录请求
2019-04-24 14:53:58,602 - question_insert - INFO - question插入接口为true请求开始
2019-04-24 14:53:58,602 - question_insert - INFO - question插入接口为true请求开始
2019-04-24 14:55:05,026 - question_insert - INFO - 发起登录请求
2019-04-24 14:55:05,026 - question_insert - INFO - 发起登录请求
2019-04-24 14:55:05,072 - question_insert - INFO - question插入接口为true请求开始
2019-04-24 14:55:05,072 - question_insert - INFO - question插入接口为true请求开始
2019-04-24 15:00:54,397 - question_insert - INFO - 发起登录请求
2019-04-24 15:00:54,397 - question_insert - INFO - 发起登录请求
2019-04-24 15:00:54,463 - question_insert - INFO - question插入接口为true请求开始
2019-04-24 15:00:54,463 - question_insert - INFO - question插入接口为true请求开始
2019-04-24 15:01:01,159 - question_insert - INFO - 发起登录请求
2019-04-24 15:01:01,159 - question_insert - INFO - 发起登录请求
2019-04-24 15:01:01,194 - question_insert - INFO - question插入接口为true请求开始
2019-04-24 15:01:01,194 - question_insert - INFO - question插入接口为true请求开始
2019-04-24 15:01:07,695 - question_insert - INFO - 发起登录请求
2019-04-24 15:01:07,695 - question_insert - INFO - 发起登录请求
2019-04-24 15:01:07,726 - question_insert - INFO - question插入接口为true请求开始
2019-04-24 15:01:07,726 - question_insert - INFO - question插入接口为true请求开始
2019-04-24 15:01:13,353 - question_insert - INFO - 发起登录请求
2019-04-24 15:01:13,353 - question_insert - INFO - 发起登录请求
2019-04-24 15:01:13,400 - question_insert - INFO - question插入接口为true请求开始
2019-04-24 15:01:13,400 - question_insert - INFO - question插入接口为true请求开始
2019-04-24 15:01:18,584 - question_insert - INFO - 发起登录请求
2019-04-24 15:01:18,584 - question_insert - INFO - 发起登录请求
2019-04-24 15:01:18,616 - question_insert - INFO - question插入接口为true请求开始
2019-04-24 15:01:18,616 - question_insert - INFO - question插入接口为true请求开始
2019-04-24 15:01:34,876 - question_insert - INFO - 发起登录请求
2019-04-24 15:01:34,876 - question_insert - INFO - 发起登录请求
2019-04-24 15:01:49,433 - question_insert - INFO - 发起登录请求
2019-04-24 15:01:49,433 - question_insert - INFO - 发起登录请求
2019-04-24 15:01:49,475 - question_insert - INFO - question插入接口为true请求开始
2019-04-24 15:01:49,475 - question_insert - INFO - question插入接口为true请求开始
2019-04-24 15:01:57,449 - question_insert - INFO - 发起登录请求
2019-04-24 15:01:57,449 - question_insert - INFO - 发起登录请求
2019-04-24 15:01:57,499 - question_insert - INFO - question插入接口为true请求开始
2019-04-24 15:01:57,499 - question_insert - INFO - question插入接口为true请求开始
2019-04-24 15:02:06,503 - question_insert - INFO - 发起登录请求
2019-04-24 15:02:06,503 - question_insert - INFO - 发起登录请求
2019-04-24 15:02:06,540 - question_insert - INFO - question插入接口为true请求开始
2019-04-24 15:02:06,540 - question_insert - INFO - question插入接口为true请求开始
2019-04-24 15:02:24,165 - question_insert - INFO - 发起登录请求
2019-04-24 15:02:24,165 - question_insert - INFO - 发起登录请求
2019-04-24 15:02:24,200 - question_insert - INFO - question插入接口为true请求开始
2019-04-24 15:02:24,200 - question_insert - INFO - question插入接口为true请求开始
2019-04-24 15:03:59,415 - question_insert - INFO - 发起登录请求
2019-04-24 15:03:59,415 - question_insert - INFO - 发起登录请求
2019-04-24 15:03:59,481 - question_insert - INFO - question插入接口为true请求开始
2019-04-24 15:03:59,481 - question_insert - INFO - question插入接口为true请求开始
2019-04-24 15:04:11,792 - question_insert - INFO - 发起登录请求
2019-04-24 15:04:11,792 - question_insert - INFO - 发起登录请求
2019-04-24 15:04:11,837 - question_insert - INFO - question插入接口为true请求开始
2019-04-24 15:04:11,837 - question_insert - INFO - question插入接口为true请求开始
2019-04-24 15:04:22,066 - question_insert - INFO - 发起登录请求
2019-04-24 15:04:22,066 - question_insert - INFO - 发起登录请求
2019-04-24 15:04:22,098 - question_insert - INFO - question插入接口为true请求开始
2019-04-24 15:04:22,098 - question_insert - INFO - question插入接口为true请求开始
2019-04-24 15:04:27,610 - question_insert - INFO - 发起登录请求
2019-04-24 15:04:27,610 - question_insert - INFO - 发起登录请求
2019-04-24 15:04:27,641 - question_insert - INFO - question插入接口为true请求开始
2019-04-24 15:04:27,641 - question_insert - INFO - question插入接口为true请求开始
2019-04-24 15:05:11,321 - question_insert - INFO - 发起登录请求
2019-04-24 15:05:11,321 - question_insert - INFO - 发起登录请求
2019-04-24 15:05:11,356 - question_insert - INFO - question插入接口为true请求开始
2019-04-24 15:05:11,356 - question_insert - INFO - question插入接口为true请求开始
2019-04-24 15:05:21,175 - question_insert - INFO - 发起登录请求
2019-04-24 15:05:21,175 - question_insert - INFO - 发起登录请求
2019-04-24 15:05:21,207 - question_insert - INFO - question插入接口为true请求开始
2019-04-24 15:05:21,207 - question_insert - INFO - question插入接口为true请求开始
2019-04-24 15:05:29,776 - question_insert - INFO - 发起登录请求
2019-04-24 15:05:29,776 - question_insert - INFO - 发起登录请求
2019-04-24 15:05:29,825 - question_insert - INFO - question插入接口为true请求开始
2019-04-24 15:05:29,825 - question_insert - INFO - question插入接口为true请求开始
2019-04-24 15:05:35,370 - question_insert - INFO - 发起登录请求
2019-04-24 15:05:35,370 - question_insert - INFO - 发起登录请求
2019-04-24 15:05:35,468 - question_insert - INFO - question插入接口为true请求开始
2019-04-24 15:05:35,468 - question_insert - INFO - question插入接口为true请求开始
2019-04-24 15:12:39,340 - question_insert - INFO - 发起登录请求
2019-04-24 15:12:39,340 - question_insert - INFO - 发起登录请求
2019-04-24 15:12:39,392 - question_insert - INFO - question插入接口为true请求开始
2019-04-24 15:12:39,392 - question_insert - INFO - question插入接口为true请求开始
2019-04-24 15:12:44,424 - question_insert - INFO - 发起登录请求
2019-04-24 15:12:44,424 - question_insert - INFO - 发起登录请求
2019-04-24 15:12:44,462 - question_insert - INFO - question插入接口为true请求开始
2019-04-24 15:12:44,462 - question_insert - INFO - question插入接口为true请求开始
2019-04-24 15:12:48,893 - question_insert - INFO - 发起登录请求
2019-04-24 15:12:48,893 - question_insert - INFO - 发起登录请求
2019-04-24 15:12:48,924 - question_insert - INFO - question插入接口为true请求开始
2019-04-24 15:12:48,924 - question_insert - INFO - question插入接口为true请求开始
2019-04-24 15:12:53,551 - question_insert - INFO - 发起登录请求
2019-04-24 15:12:53,551 - question_insert - INFO - 发起登录请求
2019-04-24 15:12:53,586 - question_insert - INFO - question插入接口为true请求开始
2019-04-24 15:12:53,586 - question_insert - INFO - question插入接口为true请求开始
2019-04-24 15:12:58,650 - question_insert - INFO - 发起登录请求
2019-04-24 15:12:58,650 - question_insert - INFO - 发起登录请求
2019-04-24 15:12:58,679 - question_insert - INFO - question插入接口为true请求开始
2019-04-24 15:12:58,679 - question_insert - INFO - question插入接口为true请求开始
2019-04-24 15:13:08,324 - question_insert - INFO - 发起登录请求
2019-04-24 15:13:08,324 - question_insert - INFO - 发起登录请求
2019-04-24 15:13:08,371 - question_insert - INFO - question插入接口为true请求开始
2019-04-24 15:13:08,371 - question_insert - INFO - question插入接口为true请求开始
2019-04-24 15:13:13,520 - question_insert - INFO - 发起登录请求
2019-04-24 15:13:13,520 - question_insert - INFO - 发起登录请求
2019-04-24 15:13:13,549 - question_insert - INFO - question插入接口为true请求开始
2019-04-24 15:13:13,549 - question_insert - INFO - question插入接口为true请求开始
2019-04-24 15:13:37,094 - question_insert - INFO - 发起登录请求
2019-04-24 15:13:37,094 - question_insert - INFO - 发起登录请求
2019-04-24 15:13:37,130 - question_insert - INFO - question插入接口为true请求开始
2019-04-24 15:13:37,130 - question_insert - INFO - question插入接口为true请求开始
2019-04-24 15:13:41,000 - question_insert - INFO - 发起登录请求
2019-04-24 15:13:41,000 - question_insert - INFO - 发起登录请求
2019-04-24 15:13:41,030 - question_insert - INFO - question插入接口为true请求开始
2019-04-24 15:13:41,030 - question_insert - INFO - question插入接口为true请求开始
2019-04-24 15:13:47,382 - question_insert - INFO - 发起登录请求
2019-04-24 15:13:47,382 - question_insert - INFO - 发起登录请求
2019-04-24 15:13:47,418 - question_insert - INFO - question插入接口为true请求开始
2019-04-24 15:13:47,418 - question_insert - INFO - question插入接口为true请求开始
2019-04-24 15:13:51,050 - question_insert - INFO - 发起登录请求
2019-04-24 15:13:51,050 - question_insert - INFO - 发起登录请求
2019-04-24 15:13:51,112 - question_insert - INFO - question插入接口为true请求开始
2019-04-24 15:13:51,112 - question_insert - INFO - question插入接口为true请求开始
2019-04-24 15:13:54,967 - question_insert - INFO - 发起登录请求
2019-04-24 15:13:54,967 - question_insert - INFO - 发起登录请求
2019-04-24 15:13:55,018 - question_insert - INFO - question插入接口为true请求开始
2019-04-24 15:13:55,018 - question_insert - INFO - question插入接口为true请求开始
2019-04-24 15:13:58,656 - question_insert - INFO - 发起登录请求
2019-04-24 15:13:58,656 - question_insert - INFO - 发起登录请求
2019-04-24 15:13:58,687 - question_insert - INFO - question插入接口为true请求开始
2019-04-24 15:13:58,687 - question_insert - INFO - question插入接口为true请求开始
2019-04-24 15:14:02,500 - question_insert - INFO - 发起登录请求
2019-04-24 15:14:02,500 - question_insert - INFO - 发起登录请求
2019-04-24 15:14:02,527 - question_insert - INFO - question插入接口为true请求开始
2019-04-24 15:14:02,527 - question_insert - INFO - question插入接口为true请求开始
2019-04-24 15:14:44,258 - question_insert - INFO - 发起登录请求
2019-04-24 15:14:44,258 - question_insert - INFO - 发起登录请求
2019-04-24 15:14:44,297 - question_insert - INFO - question插入接口为true请求开始
2019-04-24 15:14:44,297 - question_insert - INFO - question插入接口为true请求开始
2019-04-24 15:14:49,357 - question_insert - INFO - 发起登录请求
2019-04-24 15:14:49,357 - question_insert - INFO - 发起登录请求
2019-04-24 15:14:49,386 - question_insert - INFO - question插入接口为true请求开始
2019-04-24 15:14:49,386 - question_insert - INFO - question插入接口为true请求开始
2019-04-24 15:38:29,800 - question_insert - INFO - 发起登录请求
2019-04-24 15:38:29,800 - question_insert - INFO - 发起登录请求
2019-04-24 15:38:29,868 - question_insert - INFO - question插入接口为true请求开始
2019-04-24 15:38:29,868 - question_insert - INFO - question插入接口为true请求开始
2019-04-24 15:38:36,727 - question_insert - INFO - 发起登录请求
2019-04-24 15:38:36,727 - question_insert - INFO - 发起登录请求
2019-04-24 15:38:36,797 - question_insert - INFO - question插入接口为true请求开始
2019-04-24 15:38:36,797 - question_insert - INFO - question插入接口为true请求开始
2019-04-24 15:39:29,959 - question_insert - INFO - 发起登录请求
2019-04-24 15:39:29,959 - question_insert - INFO - 发起登录请求
2019-04-24 15:39:29,995 - question_insert - INFO - question插入接口为true请求开始
2019-04-24 15:39:29,995 - question_insert - INFO - question插入接口为true请求开始
2019-04-24 15:41:16,916 - question_insert - INFO - 发起登录请求
2019-04-24 15:41:16,916 - question_insert - INFO - 发起登录请求
2019-04-24 15:41:16,955 - question_insert - INFO - question插入接口为true请求开始
2019-04-24 15:41:16,955 - question_insert - INFO - question插入接口为true请求开始
2019-04-24 15:42:49,755 - question_insert - INFO - 发起登录请求
2019-04-24 15:42:49,755 - question_insert - INFO - 发起登录请求
2019-04-24 15:42:49,804 - question_insert - INFO - question插入接口为true请求开始
2019-04-24 15:42:49,804 - question_insert - INFO - question插入接口为true请求开始
2019-04-24 15:42:56,456 - question_insert - INFO - 发起登录请求
2019-04-24 15:42:56,456 - question_insert - INFO - 发起登录请求
2019-04-24 15:42:56,487 - question_insert - INFO - question插入接口为true请求开始
2019-04-24 15:42:56,487 - question_insert - INFO - question插入接口为true请求开始
2019-04-24 15:44:39,597 - question_insert - INFO - 发起登录请求
2019-04-24 15:44:39,597 - question_insert - INFO - 发起登录请求
2019-04-24 15:44:39,636 - question_insert - INFO - question插入接口为true请求开始
2019-04-24 15:44:39,636 - question_insert - INFO - question插入接口为true请求开始
2019-04-24 15:45:27,504 - question_insert - INFO - 发起登录请求
2019-04-24 15:45:27,504 - question_insert - INFO - 发起登录请求
2019-04-24 15:45:27,539 - question_insert - INFO - question插入接口为true请求开始
2019-04-24 15:45:27,539 - question_insert - INFO - question插入接口为true请求开始
2019-04-24 15:47:39,611 - question_insert - INFO - 发起登录请求
2019-04-24 15:47:39,611 - question_insert - INFO - 发起登录请求
2019-04-24 15:47:39,648 - question_insert - INFO - question插入接口为true请求开始
2019-04-24 15:47:39,648 - question_insert - INFO - question插入接口为true请求开始
2019-04-24 15:49:05,845 - question_insert - INFO - 发起登录请求
2019-04-24 15:49:05,845 - question_insert - INFO - 发起登录请求
2019-04-24 15:49:15,062 - question_insert - INFO - 发起登录请求
2019-04-24 15:49:15,062 - question_insert - INFO - 发起登录请求
2019-04-24 15:49:27,793 - question_insert - INFO - 发起登录请求
2019-04-24 15:49:27,793 - question_insert - INFO - 发起登录请求
2019-04-24 17:21:44,684 - question_delete - INFO - 发起登录请求
2019-04-24 17:21:44,684 - question_delete - INFO - 发起登录请求
2019-04-24 17:22:13,967 - question_delete - INFO - 发起登录请求
2019-04-24 17:22:13,967 - question_delete - INFO - 发起登录请求
2019-04-24 17:23:22,358 - question_delete - INFO - 发起登录请求
2019-04-24 17:23:22,358 - question_delete - INFO - 发起登录请求
2019-04-24 17:24:02,304 - question_delete - INFO - 发起登录请求
2019-04-24 17:24:02,304 - question_delete - INFO - 发起登录请求
2019-04-24 17:24:33,491 - question_delete - INFO - 发起登录请求
2019-04-24 17:24:33,491 - question_delete - INFO - 发起登录请求
2019-04-24 17:25:41,668 - question_delete - INFO - 发起登录请求
2019-04-24 17:25:41,668 - question_delete - INFO - 发起登录请求
2019-04-24 17:28:25,712 - question_delete - INFO - 发起登录请求
2019-04-24 17:28:25,712 - question_delete - INFO - 发起登录请求
2019-04-24 17:28:54,921 - question_delete - INFO - 发起登录请求
2019-04-24 17:28:54,921 - question_delete - INFO - 发起登录请求
2019-04-24 17:29:26,529 - question_delete - INFO - 发起登录请求
2019-04-24 17:29:26,529 - question_delete - INFO - 发起登录请求
2019-04-24 17:29:54,313 - question_delete - INFO - 发起登录请求
2019-04-24 17:29:54,313 - question_delete - INFO - 发起登录请求
2019-04-24 17:30:30,057 - question_delete - INFO - 发起登录请求
2019-04-24 17:30:30,057 - question_delete - INFO - 发起登录请求
2019-04-24 17:30:41,023 - question_delete - INFO - 发起登录请求
2019-04-24 17:30:41,023 - question_delete - INFO - 发起登录请求
2019-04-24 17:31:21,114 - question_delete - INFO - 发起登录请求
2019-04-24 17:31:21,114 - question_delete - INFO - 发起登录请求
2019-04-24 17:31:33,872 - question_delete - INFO - 发起登录请求
2019-04-24 17:31:33,872 - question_delete - INFO - 发起登录请求
2019-04-24 17:31:48,978 - question_delete - INFO - 发起登录请求
2019-04-24 17:31:48,978 - question_delete - INFO - 发起登录请求
2019-04-24 17:32:11,034 - question_delete - INFO - 发起登录请求
2019-04-24 17:32:11,034 - question_delete - INFO - 发起登录请求
2019-04-24 17:32:28,760 - question_delete - INFO - 发起登录请求
2019-04-24 17:32:28,760 - question_delete - INFO - 发起登录请求
2019-04-24 17:33:16,866 - question_delete - INFO - 发起登录请求
2019-04-24 17:33:16,866 - question_delete - INFO - 发起登录请求
2019-04-24 17:33:52,685 - question_delete - INFO - 发起登录请求
2019-04-24 17:33:52,685 - question_delete - INFO - 发起登录请求
2019-04-24 17:34:12,288 - question_delete - INFO - 发起登录请求
2019-04-24 17:34:12,288 - question_delete - INFO - 发起登录请求
2019-04-24 17:34:22,573 - question_delete - INFO - 发起登录请求
2019-04-24 17:34:22,573 - question_delete - INFO - 发起登录请求
2019-04-24 17:34:38,198 - question_delete - INFO - 发起登录请求
2019-04-24 17:34:38,198 - question_delete - INFO - 发起登录请求
2019-04-24 17:35:00,948 - question_delete - INFO - 发起登录请求
2019-04-24 17:35:00,948 - question_delete - INFO - 发起登录请求
2019-04-24 17:35:05,567 - question_delete - INFO - 发起登录请求
2019-04-24 17:35:05,567 - question_delete - INFO - 发起登录请求
2019-04-24 17:35:54,075 - question_delete - INFO - 发起登录请求
2019-04-24 17:35:54,075 - question_delete - INFO - 发起登录请求
2019-04-24 17:38:02,826 - question_delete - INFO - 发起登录请求
2019-04-24 17:38:02,826 - question_delete - INFO - 发起登录请求
2019-04-24 17:38:15,476 - question_delete - INFO - 发起登录请求
2019-04-24 17:38:15,476 - question_delete - INFO - 发起登录请求
2019-04-24 17:38:49,531 - question_delete - INFO - 发起登录请求
2019-04-24 17:38:49,531 - question_delete - INFO - 发起登录请求
2019-04-24 17:38:59,767 - question_delete - INFO - 发起登录请求
2019-04-24 17:38:59,767 - question_delete - INFO - 发起登录请求
2019-04-24 17:39:16,600 - question_delete - INFO - 发起登录请求
2019-04-24 17:39:16,600 - question_delete - INFO - 发起登录请求
2019-04-24 17:39:37,633 - question_delete - INFO - 发起登录请求
2019-04-24 17:39:37,633 - question_delete - INFO - 发起登录请求
2019-04-24 17:42:31,523 - question_delete - INFO - 发起登录请求
2019-04-24 17:42:31,523 - question_delete - INFO - 发起登录请求
2019-04-24 17:44:25,265 - question_delete - INFO - 发起登录请求
2019-04-24 17:44:25,265 - question_delete - INFO - 发起登录请求
2019-04-24 17:45:55,852 - question_delete - INFO - 发起登录请求
2019-04-24 17:45:55,852 - question_delete - INFO - 发起登录请求
2019-04-24 17:46:07,192 - question_delete - INFO - 发起登录请求
2019-04-24 17:46:07,192 - question_delete - INFO - 发起登录请求
2019-04-24 17:46:15,087 - question_delete - INFO - 发起登录请求
2019-04-24 17:46:15,087 - question_delete - INFO - 发起登录请求
2019-04-24 17:46:57,796 - question_delete - INFO - 发起登录请求
2019-04-24 17:46:57,796 - question_delete - INFO - 发起登录请求
2019-04-24 17:47:13,628 - question_delete - INFO - 发起登录请求
2019-04-24 17:47:13,628 - question_delete - INFO - 发起登录请求
2019-04-24 17:47:28,880 - question_delete - INFO - 发起登录请求
2019-04-24 17:47:28,880 - question_delete - INFO - 发起登录请求
2019-04-24 17:47:37,730 - question_delete - INFO - 发起登录请求
2019-04-24 17:47:37,730 - question_delete - INFO - 发起登录请求
2019-04-24 17:48:06,383 - question_delete - INFO - 发起登录请求
2019-04-24 17:48:06,383 - question_delete - INFO - 发起登录请求
2019-04-24 17:48:06,448 - question_delete - INFO - 删除失败
2019-04-24 17:48:06,448 - question_delete - INFO - 删除失败
2019-04-24 18:06:04,127 - question_delete - INFO - 发起登录请求
2019-04-24 18:06:04,127 - question_delete - INFO - 发起登录请求
2019-04-24 18:06:04,158 - question_delete - INFO - 执行删除question操作
2019-04-24 18:06:04,158 - question_delete - INFO - 执行删除question操作
2019-04-24 18:06:04,158 - question_delete - ERROR - 执行删除question操作报错'question_delete' object has no attribute 'url_question_inser'
2019-04-24 18:06:04,158 - question_delete - ERROR - 执行删除question操作报错'question_delete' object has no attribute 'url_question_inser'
2019-04-24 18:07:17,504 - question_delete - INFO - 发起登录请求
2019-04-24 18:07:17,504 - question_delete - INFO - 发起登录请求
2019-04-24 18:07:17,540 - question_delete - INFO - 执行删除question操作
2019-04-24 18:07:17,540 - question_delete - INFO - 执行删除question操作
2019-04-24 18:07:17,540 - question_delete - ERROR - 执行删除question操作报错'question_delete' object has no attribute 'url_question_inser'
2019-04-24 18:07:17,540 - question_delete - ERROR - 执行删除question操作报错'question_delete' object has no attribute 'url_question_inser'
2019-04-24 18:07:57,303 - question_delete - INFO - 发起登录请求
2019-04-24 18:07:57,303 - question_delete - INFO - 发起登录请求
2019-04-24 18:07:57,334 - question_delete - INFO - 执行删除question操作
2019-04-24 18:07:57,334 - question_delete - INFO - 执行删除question操作
2019-04-24 18:07:57,334 - question_delete - ERROR - 执行删除question操作报错'question_delete' object has no attribute 'url_question_inser'
2019-04-24 18:07:57,334 - question_delete - ERROR - 执行删除question操作报错'question_delete' object has no attribute 'url_question_inser'
2019-04-24 18:11:02,052 - question_delete - INFO - 发起登录请求
2019-04-24 18:11:02,052 - question_delete - INFO - 发起登录请求
2019-04-24 18:11:02,095 - question_delete - INFO - 执行删除question操作
2019-04-24 18:11:02,095 - question_delete - INFO - 执行删除question操作
2019-04-24 18:11:02,095 - question_delete - ERROR - 执行删除question操作报错'question_delete' object has no attribute 'data_suc'
2019-04-24 18:11:02,095 - question_delete - ERROR - 执行删除question操作报错'question_delete' object has no attribute 'data_suc'
2019-04-24 18:12:23,417 - question_delete - INFO - 发起登录请求
2019-04-24 18:12:23,417 - question_delete - INFO - 发起登录请求
2019-04-24 18:12:23,460 - question_delete - INFO - 执行删除question操作
2019-04-24 18:12:23,460 - question_delete - INFO - 执行删除question操作
2019-04-24 18:13:06,307 - question_delete - INFO - 发起登录请求
2019-04-24 18:13:06,307 - question_delete - INFO - 发起登录请求
2019-04-24 18:13:06,347 - question_delete - INFO - 执行删除question操作
2019-04-24 18:13:06,347 - question_delete - INFO - 执行删除question操作
2019-04-24 18:16:35,887 - question_delete - INFO - 发起登录请求
2019-04-24 18:16:35,887 - question_delete - INFO - 发起登录请求
2019-04-24 18:16:35,926 - question_delete - INFO - 执行删除question操作
2019-04-24 18:16:35,926 - question_delete - INFO - 执行删除question操作
2019-04-24 18:16:43,687 - question_delete - INFO - 发起登录请求
2019-04-24 18:16:43,687 - question_delete - INFO - 发起登录请求
2019-04-24 18:16:43,710 - question_delete - INFO - 执行删除question操作
2019-04-24 18:16:43,710 - question_delete - INFO - 执行删除question操作
2019-04-24 18:17:49,486 - question_delete - INFO - 发起登录请求
2019-04-24 18:17:49,486 - question_delete - INFO - 发起登录请求
2019-04-24 18:17:49,522 - question_delete - INFO - 执行删除question操作
2019-04-24 18:17:49,522 - question_delete - INFO - 执行删除question操作
