2019-05-16 09:25:56,430 - getRegionList - INFO - 发起登录成功请求
2019-05-16 09:25:56,430 - getRegionList - INFO - 发起登录成功请求
2019-05-16 09:25:56,555 - getRegionList - INFO - 执行查询region操作
2019-05-16 09:25:56,555 - getRegionList - INFO - 执行查询region操作
2019-05-16 09:31:34,119 - getRegionList - INFO - 发起登录成功请求
2019-05-16 09:31:34,119 - getRegionList - INFO - 发起登录成功请求
2019-05-16 09:31:34,226 - getRegionList - INFO - 执行查询region操作
2019-05-16 09:31:34,226 - getRegionList - INFO - 执行查询region操作
2019-05-16 09:32:00,958 - getRegionList - INFO - 发起登录成功请求
2019-05-16 09:32:00,958 - getRegionList - INFO - 发起登录成功请求
2019-05-16 09:32:01,015 - getRegionList - INFO - 执行查询region操作
2019-05-16 09:32:01,015 - getRegionList - INFO - 执行查询region操作
2019-05-16 09:32:07,317 - getRegionList - INFO - 发起登录成功请求
2019-05-16 09:32:07,317 - getRegionList - INFO - 发起登录成功请求
2019-05-16 09:32:07,362 - getRegionList - INFO - 执行查询region操作
2019-05-16 09:32:07,362 - getRegionList - INFO - 执行查询region操作
2019-05-16 09:52:37,700 - getRegionList - INFO - 发起登录成功请求
2019-05-16 09:52:37,700 - getRegionList - INFO - 发起登录成功请求
2019-05-16 09:52:52,834 - getRegionList - INFO - 发起登录成功请求
2019-05-16 09:52:52,834 - getRegionList - INFO - 发起登录成功请求
2019-05-16 09:52:52,880 - getRegionList - INFO - 执行查询region操作
2019-05-16 09:52:52,880 - getRegionList - INFO - 执行查询region操作
2019-05-16 10:19:13,339 - test_region - INFO - 发起登录成功请求
2019-05-16 10:19:13,339 - test_region - INFO - 发起登录成功请求
2019-05-16 10:19:13,434 - test_region - INFO - 执行查询region操作
2019-05-16 10:19:13,434 - test_region - INFO - 执行查询region操作
2019-05-16 10:19:13,434 - test_region - INFO - 执行查询region操作
2019-05-16 10:19:13,480 - test_region - INFO - 执行查询region操作
2019-05-16 10:19:13,480 - test_region - INFO - 执行查询region操作
2019-05-16 10:19:13,480 - test_region - INFO - 执行查询region操作
2019-05-16 10:19:13,513 - test_region - INFO - 执行查询region操作
2019-05-16 10:19:13,513 - test_region - INFO - 执行查询region操作
2019-05-16 10:19:13,513 - test_region - INFO - 执行查询region操作
2019-05-16 10:20:39,724 - test_region - INFO - 发起登录成功请求
2019-05-16 10:20:39,724 - test_region - INFO - 发起登录成功请求
2019-05-16 10:20:39,781 - test_region - INFO - 执行查询region操作
2019-05-16 10:20:39,781 - test_region - INFO - 执行查询region操作
2019-05-16 10:20:39,781 - test_region - INFO - 执行查询region操作
2019-05-16 10:20:39,829 - test_region - INFO - 执行查询region操作
2019-05-16 10:20:39,829 - test_region - INFO - 执行查询region操作
2019-05-16 10:20:39,829 - test_region - INFO - 执行查询region操作
2019-05-16 10:20:39,873 - test_region - INFO - 执行查询region操作
2019-05-16 10:20:39,873 - test_region - INFO - 执行查询region操作
2019-05-16 10:20:39,873 - test_region - INFO - 执行查询region操作
2019-05-16 10:21:14,978 - test_region - INFO - 发起登录成功请求
2019-05-16 10:21:14,978 - test_region - INFO - 发起登录成功请求
2019-05-16 10:21:15,069 - test_region - INFO - 执行查询region操作
2019-05-16 10:21:15,069 - test_region - INFO - 执行查询region操作
2019-05-16 10:21:15,069 - test_region - INFO - 执行查询region操作
2019-05-16 10:21:15,110 - test_region - INFO - 执行查询region操作
2019-05-16 10:21:15,110 - test_region - INFO - 执行查询region操作
2019-05-16 10:21:15,110 - test_region - INFO - 执行查询region操作
2019-05-16 10:21:15,143 - test_region - INFO - 执行查询region操作
2019-05-16 10:21:15,143 - test_region - INFO - 执行查询region操作
2019-05-16 10:21:15,143 - test_region - INFO - 执行查询region操作
2019-05-16 10:23:04,581 - test_region - INFO - 发起登录成功请求
2019-05-16 10:23:04,581 - test_region - INFO - 发起登录成功请求
2019-05-16 10:23:04,727 - test_region - INFO - 执行查询region操作
2019-05-16 10:23:04,727 - test_region - INFO - 执行查询region操作
2019-05-16 10:23:04,727 - test_region - INFO - 执行查询region操作
2019-05-16 10:23:04,791 - test_region - INFO - 执行查询region操作
2019-05-16 10:23:04,791 - test_region - INFO - 执行查询region操作
2019-05-16 10:23:04,791 - test_region - INFO - 执行查询region操作
2019-05-16 10:23:04,834 - test_region - INFO - 执行查询region操作
2019-05-16 10:23:04,834 - test_region - INFO - 执行查询region操作
2019-05-16 10:23:04,834 - test_region - INFO - 执行查询region操作
2019-05-16 10:23:44,561 - test_region - INFO - 发起登录成功请求
2019-05-16 10:23:44,561 - test_region - INFO - 发起登录成功请求
2019-05-16 10:23:44,616 - test_region - INFO - 执行查询region操作
2019-05-16 10:23:44,616 - test_region - INFO - 执行查询region操作
2019-05-16 10:23:44,616 - test_region - INFO - 执行查询region操作
2019-05-16 10:23:44,659 - test_region - INFO - 执行查询region操作
2019-05-16 10:23:44,659 - test_region - INFO - 执行查询region操作
2019-05-16 10:23:44,659 - test_region - INFO - 执行查询region操作
2019-05-16 10:23:44,688 - test_region - INFO - 执行查询region操作
2019-05-16 10:23:44,688 - test_region - INFO - 执行查询region操作
2019-05-16 10:23:44,688 - test_region - INFO - 执行查询region操作
2019-05-16 10:24:32,076 - test_region - INFO - 发起登录成功请求
2019-05-16 10:24:32,076 - test_region - INFO - 发起登录成功请求
2019-05-16 10:24:32,148 - test_region - INFO - 执行查询region操作
2019-05-16 10:24:32,148 - test_region - INFO - 执行查询region操作
2019-05-16 10:24:32,148 - test_region - INFO - 执行查询region操作
2019-05-16 10:24:32,187 - test_region - INFO - 执行查询region操作
2019-05-16 10:24:32,187 - test_region - INFO - 执行查询region操作
2019-05-16 10:24:32,187 - test_region - INFO - 执行查询region操作
2019-05-16 10:24:32,223 - test_region - INFO - 执行查询region操作
2019-05-16 10:24:32,223 - test_region - INFO - 执行查询region操作
2019-05-16 10:24:32,223 - test_region - INFO - 执行查询region操作
2019-05-16 10:25:59,436 - test_region - INFO - 发起登录成功请求
2019-05-16 10:25:59,436 - test_region - INFO - 发起登录成功请求
2019-05-16 10:25:59,496 - test_region - INFO - 执行查询region操作
2019-05-16 10:25:59,496 - test_region - INFO - 执行查询region操作
2019-05-16 10:25:59,496 - test_region - INFO - 执行查询region操作
2019-05-16 10:25:59,536 - test_region - INFO - 执行查询region操作
2019-05-16 10:25:59,536 - test_region - INFO - 执行查询region操作
2019-05-16 10:25:59,536 - test_region - INFO - 执行查询region操作
2019-05-16 10:25:59,602 - test_region - INFO - 执行查询region操作
2019-05-16 10:25:59,602 - test_region - INFO - 执行查询region操作
2019-05-16 10:25:59,602 - test_region - INFO - 执行查询region操作
2019-05-16 10:27:17,253 - test_region - INFO - 发起登录成功请求
2019-05-16 10:27:17,253 - test_region - INFO - 发起登录成功请求
2019-05-16 10:27:17,324 - test_region - INFO - 执行查询region操作
2019-05-16 10:27:17,324 - test_region - INFO - 执行查询region操作
2019-05-16 10:27:17,324 - test_region - INFO - 执行查询region操作
2019-05-16 10:27:17,360 - test_region - INFO - 执行查询region操作
2019-05-16 10:27:17,360 - test_region - INFO - 执行查询region操作
2019-05-16 10:27:17,360 - test_region - INFO - 执行查询region操作
2019-05-16 10:27:17,390 - test_region - INFO - 执行查询region操作
2019-05-16 10:27:17,390 - test_region - INFO - 执行查询region操作
2019-05-16 10:27:17,390 - test_region - INFO - 执行查询region操作
2019-05-16 10:27:48,563 - test_region - INFO - 发起登录成功请求
2019-05-16 10:27:48,563 - test_region - INFO - 发起登录成功请求
2019-05-16 10:27:48,608 - test_region - INFO - 执行查询region操作
2019-05-16 10:27:48,608 - test_region - INFO - 执行查询region操作
2019-05-16 10:27:48,608 - test_region - INFO - 执行查询region操作
2019-05-16 10:27:48,679 - test_region - INFO - 执行查询region操作
2019-05-16 10:27:48,679 - test_region - INFO - 执行查询region操作
2019-05-16 10:27:48,679 - test_region - INFO - 执行查询region操作
2019-05-16 10:27:48,740 - test_region - INFO - 执行查询region操作
2019-05-16 10:27:48,740 - test_region - INFO - 执行查询region操作
2019-05-16 10:27:48,740 - test_region - INFO - 执行查询region操作
2019-05-16 10:28:06,298 - test_region - INFO - 发起登录成功请求
2019-05-16 10:28:06,298 - test_region - INFO - 发起登录成功请求
2019-05-16 10:28:06,355 - test_region - INFO - 执行查询region操作
2019-05-16 10:28:06,355 - test_region - INFO - 执行查询region操作
2019-05-16 10:28:06,355 - test_region - INFO - 执行查询region操作
2019-05-16 10:28:06,402 - test_region - INFO - 执行查询region操作
2019-05-16 10:28:06,402 - test_region - INFO - 执行查询region操作
2019-05-16 10:28:06,402 - test_region - INFO - 执行查询region操作
2019-05-16 10:28:06,440 - test_region - INFO - 执行查询region操作
2019-05-16 10:28:06,440 - test_region - INFO - 执行查询region操作
2019-05-16 10:28:06,440 - test_region - INFO - 执行查询region操作
2019-05-16 10:30:02,306 - test_region - INFO - 发起登录成功请求
2019-05-16 10:30:02,306 - test_region - INFO - 发起登录成功请求
2019-05-16 10:30:02,374 - test_region - INFO - 执行查询region操作
2019-05-16 10:30:02,374 - test_region - INFO - 执行查询region操作
2019-05-16 10:30:02,374 - test_region - INFO - 执行查询region操作
2019-05-16 10:30:02,428 - test_region - INFO - 执行查询region操作
2019-05-16 10:30:02,428 - test_region - INFO - 执行查询region操作
2019-05-16 10:30:02,428 - test_region - INFO - 执行查询region操作
2019-05-16 10:30:02,457 - test_region - INFO - 执行查询region操作
2019-05-16 10:30:02,457 - test_region - INFO - 执行查询region操作
2019-05-16 10:30:02,457 - test_region - INFO - 执行查询region操作
2019-05-16 10:30:17,671 - test_region - INFO - 发起登录成功请求
2019-05-16 10:30:17,671 - test_region - INFO - 发起登录成功请求
2019-05-16 10:30:17,715 - test_region - INFO - 执行查询region操作
2019-05-16 10:30:17,715 - test_region - INFO - 执行查询region操作
2019-05-16 10:30:17,715 - test_region - INFO - 执行查询region操作
2019-05-16 10:30:17,769 - test_region - INFO - 执行查询region操作
2019-05-16 10:30:17,769 - test_region - INFO - 执行查询region操作
2019-05-16 10:30:17,769 - test_region - INFO - 执行查询region操作
2019-05-16 10:30:17,805 - test_region - INFO - 执行查询region操作
2019-05-16 10:30:17,805 - test_region - INFO - 执行查询region操作
2019-05-16 10:30:17,805 - test_region - INFO - 执行查询region操作
2019-05-16 11:16:27,125 - run_all_case - INFO - 发起登录成功请求
2019-05-16 11:16:27,125 - run_all_case - INFO - 发起登录成功请求
2019-05-16 11:16:27,125 - run_all_case - INFO - 发起登录成功请求
2019-05-16 11:20:02,699 - run_all_case - INFO - 发起登录成功请求
2019-05-16 11:20:02,699 - run_all_case - INFO - 发起登录成功请求
2019-05-16 11:20:02,699 - run_all_case - INFO - 发起登录成功请求
2019-05-16 11:21:12,370 - run_main - INFO - 发起登录成功请求
2019-05-16 11:21:12,370 - run_main - INFO - 发起登录成功请求
2019-05-16 11:21:12,370 - run_main - INFO - 发起登录成功请求
2019-05-16 11:22:07,539 - run_main - INFO - 发起登录成功请求
2019-05-16 11:22:07,539 - run_main - INFO - 发起登录成功请求
2019-05-16 11:22:07,539 - run_main - INFO - 发起登录成功请求
2019-05-16 11:22:10,585 - run_main - INFO - 发起登录请求
2019-05-16 11:22:10,585 - run_main - INFO - 发起登录请求
2019-05-16 11:22:10,585 - run_main - INFO - 发起登录请求
2019-05-16 11:22:10,585 - run_main - INFO - 发起登录请求
2019-05-16 11:22:10,608 - run_main - INFO - 发起登录失败请求
2019-05-16 11:22:10,608 - run_main - INFO - 发起登录失败请求
2019-05-16 11:22:10,608 - run_main - INFO - 发起登录失败请求
2019-05-16 11:22:10,608 - run_main - INFO - 发起登录失败请求
2019-05-16 11:22:10,637 - run_main - INFO - 发起登录失败请求
2019-05-16 11:22:10,637 - run_main - INFO - 发起登录失败请求
2019-05-16 11:22:10,637 - run_main - INFO - 发起登录失败请求
2019-05-16 11:22:10,637 - run_main - INFO - 发起登录失败请求
2019-05-16 11:22:10,658 - run_main - INFO - 发起登录失败请求
2019-05-16 11:22:10,658 - run_main - INFO - 发起登录失败请求
2019-05-16 11:22:10,658 - run_main - INFO - 发起登录失败请求
2019-05-16 11:22:10,658 - run_main - INFO - 发起登录失败请求
2019-05-16 11:22:10,678 - run_main - INFO - 发起登录失败请求
2019-05-16 11:22:10,678 - run_main - INFO - 发起登录失败请求
2019-05-16 11:22:10,678 - run_main - INFO - 发起登录失败请求
2019-05-16 11:22:10,678 - run_main - INFO - 发起登录失败请求
2019-05-16 11:22:10,689 - run_main - INFO - 发起登录失败请求
2019-05-16 11:22:10,689 - run_main - INFO - 发起登录失败请求
2019-05-16 11:22:10,689 - run_main - INFO - 发起登录失败请求
2019-05-16 11:22:10,689 - run_main - INFO - 发起登录失败请求
2019-05-16 11:22:10,699 - run_main - INFO - 发起登录失败请求
2019-05-16 11:22:10,699 - run_main - INFO - 发起登录失败请求
2019-05-16 11:22:10,699 - run_main - INFO - 发起登录失败请求
2019-05-16 11:22:10,699 - run_main - INFO - 发起登录失败请求
2019-05-16 11:22:10,719 - run_main - INFO - 发起登录失败请求
2019-05-16 11:22:10,719 - run_main - INFO - 发起登录失败请求
2019-05-16 11:22:10,719 - run_main - INFO - 发起登录失败请求
2019-05-16 11:22:10,719 - run_main - INFO - 发起登录失败请求
2019-05-16 11:22:10,737 - run_main - INFO - 发起登录失败请求
2019-05-16 11:22:10,737 - run_main - INFO - 发起登录失败请求
2019-05-16 11:22:10,737 - run_main - INFO - 发起登录失败请求
2019-05-16 11:22:10,737 - run_main - INFO - 发起登录失败请求
2019-05-16 11:22:10,750 - run_main - INFO - 发起登录失败请求
2019-05-16 11:22:10,750 - run_main - INFO - 发起登录失败请求
2019-05-16 11:22:10,750 - run_main - INFO - 发起登录失败请求
2019-05-16 11:22:10,750 - run_main - INFO - 发起登录失败请求
2019-05-16 11:22:10,759 - run_main - INFO - 执行查询region操作
2019-05-16 11:22:10,759 - run_main - INFO - 执行查询region操作
2019-05-16 11:22:10,759 - run_main - INFO - 执行查询region操作
2019-05-16 11:22:10,759 - run_main - INFO - 执行查询region操作
2019-05-16 11:22:10,781 - run_main - INFO - 执行查询region操作
2019-05-16 11:22:10,781 - run_main - INFO - 执行查询region操作
2019-05-16 11:22:10,781 - run_main - INFO - 执行查询region操作
2019-05-16 11:22:10,781 - run_main - INFO - 执行查询region操作
2019-05-16 11:22:10,794 - run_main - INFO - 执行查询region操作
2019-05-16 11:22:10,794 - run_main - INFO - 执行查询region操作
2019-05-16 11:22:10,794 - run_main - INFO - 执行查询region操作
2019-05-16 11:22:10,794 - run_main - INFO - 执行查询region操作
2019-05-16 11:22:10,808 - run_main - INFO - 执行查询region操作
2019-05-16 11:22:10,808 - run_main - INFO - 执行查询region操作
2019-05-16 11:22:10,808 - run_main - INFO - 执行查询region操作
2019-05-16 11:22:10,808 - run_main - INFO - 执行查询region操作
2019-05-16 11:22:10,826 - run_main - INFO - 执行查询region操作
2019-05-16 11:22:10,826 - run_main - INFO - 执行查询region操作
2019-05-16 11:22:10,826 - run_main - INFO - 执行查询region操作
2019-05-16 11:22:10,826 - run_main - INFO - 执行查询region操作
2019-05-16 11:22:10,837 - run_main - INFO - 执行查询region操作
2019-05-16 11:22:10,837 - run_main - INFO - 执行查询region操作
2019-05-16 11:22:10,837 - run_main - INFO - 执行查询region操作
2019-05-16 11:22:10,837 - run_main - INFO - 执行查询region操作
2019-05-16 11:22:32,321 - test_login - INFO - 发起登录请求
2019-05-16 11:22:32,321 - test_login - INFO - 发起登录请求
2019-05-16 11:22:32,371 - test_login - INFO - 发起登录失败请求
2019-05-16 11:22:32,371 - test_login - INFO - 发起登录失败请求
2019-05-16 11:22:32,411 - test_login - INFO - 发起登录失败请求
2019-05-16 11:22:32,411 - test_login - INFO - 发起登录失败请求
2019-05-16 11:22:32,441 - test_login - INFO - 发起登录失败请求
2019-05-16 11:22:32,441 - test_login - INFO - 发起登录失败请求
2019-05-16 11:22:32,461 - test_login - INFO - 发起登录失败请求
2019-05-16 11:22:32,461 - test_login - INFO - 发起登录失败请求
2019-05-16 11:22:32,471 - test_login - INFO - 发起登录失败请求
2019-05-16 11:22:32,471 - test_login - INFO - 发起登录失败请求
2019-05-16 11:22:32,481 - test_login - INFO - 发起登录失败请求
2019-05-16 11:22:32,481 - test_login - INFO - 发起登录失败请求
2019-05-16 11:22:32,491 - test_login - INFO - 发起登录失败请求
2019-05-16 11:22:32,491 - test_login - INFO - 发起登录失败请求
2019-05-16 11:22:32,501 - test_login - INFO - 发起登录失败请求
2019-05-16 11:22:32,501 - test_login - INFO - 发起登录失败请求
2019-05-16 11:22:32,511 - test_login - INFO - 发起登录失败请求
2019-05-16 11:22:32,511 - test_login - INFO - 发起登录失败请求
2019-05-16 11:23:14,375 - run_main - INFO - 发起登录成功请求
2019-05-16 11:23:14,375 - run_main - INFO - 发起登录成功请求
2019-05-16 11:23:14,375 - run_main - INFO - 发起登录成功请求
2019-05-16 11:23:17,422 - run_main - INFO - 发起登录请求
2019-05-16 11:23:17,422 - run_main - INFO - 发起登录请求
2019-05-16 11:23:17,422 - run_main - INFO - 发起登录请求
2019-05-16 11:23:17,422 - run_main - INFO - 发起登录请求
2019-05-16 11:23:17,462 - run_main - INFO - 发起登录失败请求
2019-05-16 11:23:17,462 - run_main - INFO - 发起登录失败请求
2019-05-16 11:23:17,462 - run_main - INFO - 发起登录失败请求
2019-05-16 11:23:17,462 - run_main - INFO - 发起登录失败请求
2019-05-16 11:23:17,481 - run_main - INFO - 发起登录失败请求
2019-05-16 11:23:17,481 - run_main - INFO - 发起登录失败请求
2019-05-16 11:23:17,481 - run_main - INFO - 发起登录失败请求
2019-05-16 11:23:17,481 - run_main - INFO - 发起登录失败请求
2019-05-16 11:23:17,502 - run_main - INFO - 发起登录失败请求
2019-05-16 11:23:17,502 - run_main - INFO - 发起登录失败请求
2019-05-16 11:23:17,502 - run_main - INFO - 发起登录失败请求
2019-05-16 11:23:17,502 - run_main - INFO - 发起登录失败请求
2019-05-16 11:23:17,515 - run_main - INFO - 发起登录失败请求
2019-05-16 11:23:17,515 - run_main - INFO - 发起登录失败请求
2019-05-16 11:23:17,515 - run_main - INFO - 发起登录失败请求
2019-05-16 11:23:17,515 - run_main - INFO - 发起登录失败请求
2019-05-16 11:23:17,524 - run_main - INFO - 发起登录失败请求
2019-05-16 11:23:17,524 - run_main - INFO - 发起登录失败请求
2019-05-16 11:23:17,524 - run_main - INFO - 发起登录失败请求
2019-05-16 11:23:17,524 - run_main - INFO - 发起登录失败请求
2019-05-16 11:23:17,532 - run_main - INFO - 发起登录失败请求
2019-05-16 11:23:17,532 - run_main - INFO - 发起登录失败请求
2019-05-16 11:23:17,532 - run_main - INFO - 发起登录失败请求
2019-05-16 11:23:17,532 - run_main - INFO - 发起登录失败请求
2019-05-16 11:23:17,540 - run_main - INFO - 发起登录失败请求
2019-05-16 11:23:17,540 - run_main - INFO - 发起登录失败请求
2019-05-16 11:23:17,540 - run_main - INFO - 发起登录失败请求
2019-05-16 11:23:17,540 - run_main - INFO - 发起登录失败请求
2019-05-16 11:23:17,551 - run_main - INFO - 发起登录失败请求
2019-05-16 11:23:17,551 - run_main - INFO - 发起登录失败请求
2019-05-16 11:23:17,551 - run_main - INFO - 发起登录失败请求
2019-05-16 11:23:17,551 - run_main - INFO - 发起登录失败请求
2019-05-16 11:23:17,559 - run_main - INFO - 发起登录失败请求
2019-05-16 11:23:17,559 - run_main - INFO - 发起登录失败请求
2019-05-16 11:23:17,559 - run_main - INFO - 发起登录失败请求
2019-05-16 11:23:17,559 - run_main - INFO - 发起登录失败请求
2019-05-16 11:23:17,570 - run_main - INFO - 执行查询region操作
2019-05-16 11:23:17,570 - run_main - INFO - 执行查询region操作
2019-05-16 11:23:17,570 - run_main - INFO - 执行查询region操作
2019-05-16 11:23:17,570 - run_main - INFO - 执行查询region操作
2019-05-16 11:23:17,585 - run_main - INFO - 执行查询region操作
2019-05-16 11:23:17,585 - run_main - INFO - 执行查询region操作
2019-05-16 11:23:17,585 - run_main - INFO - 执行查询region操作
2019-05-16 11:23:17,585 - run_main - INFO - 执行查询region操作
2019-05-16 11:23:17,607 - run_main - INFO - 执行查询region操作
2019-05-16 11:23:17,607 - run_main - INFO - 执行查询region操作
2019-05-16 11:23:17,607 - run_main - INFO - 执行查询region操作
2019-05-16 11:23:17,607 - run_main - INFO - 执行查询region操作
2019-05-16 11:23:17,633 - run_main - INFO - 执行查询region操作
2019-05-16 11:23:17,633 - run_main - INFO - 执行查询region操作
2019-05-16 11:23:17,633 - run_main - INFO - 执行查询region操作
2019-05-16 11:23:17,633 - run_main - INFO - 执行查询region操作
2019-05-16 11:23:17,648 - run_main - INFO - 执行查询region操作
2019-05-16 11:23:17,648 - run_main - INFO - 执行查询region操作
2019-05-16 11:23:17,648 - run_main - INFO - 执行查询region操作
2019-05-16 11:23:17,648 - run_main - INFO - 执行查询region操作
2019-05-16 11:23:17,666 - run_main - INFO - 执行查询region操作
2019-05-16 11:23:17,666 - run_main - INFO - 执行查询region操作
2019-05-16 11:23:17,666 - run_main - INFO - 执行查询region操作
2019-05-16 11:23:17,666 - run_main - INFO - 执行查询region操作
2019-05-16 11:25:25,428 - test_region - INFO - 发起登录成功请求
2019-05-16 11:25:25,428 - test_region - INFO - 发起登录成功请求
2019-05-16 11:25:25,492 - test_region - INFO - 执行查询region操作
2019-05-16 11:25:25,492 - test_region - INFO - 执行查询region操作
2019-05-16 11:25:25,492 - test_region - INFO - 执行查询region操作
2019-05-16 11:25:25,532 - test_region - INFO - 执行查询region操作
2019-05-16 11:25:25,532 - test_region - INFO - 执行查询region操作
2019-05-16 11:25:25,532 - test_region - INFO - 执行查询region操作
2019-05-16 11:25:25,568 - test_region - INFO - 执行查询region操作
2019-05-16 11:25:25,568 - test_region - INFO - 执行查询region操作
2019-05-16 11:25:25,568 - test_region - INFO - 执行查询region操作
2019-05-16 11:25:36,433 - run_main - INFO - 发起登录成功请求
2019-05-16 11:25:36,433 - run_main - INFO - 发起登录成功请求
2019-05-16 11:25:36,433 - run_main - INFO - 发起登录成功请求
2019-05-16 11:25:39,489 - run_main - INFO - 发起登录请求
2019-05-16 11:25:39,489 - run_main - INFO - 发起登录请求
2019-05-16 11:25:39,489 - run_main - INFO - 发起登录请求
2019-05-16 11:25:39,489 - run_main - INFO - 发起登录请求
2019-05-16 11:25:39,548 - run_main - INFO - 发起登录失败请求
2019-05-16 11:25:39,548 - run_main - INFO - 发起登录失败请求
2019-05-16 11:25:39,548 - run_main - INFO - 发起登录失败请求
2019-05-16 11:25:39,548 - run_main - INFO - 发起登录失败请求
2019-05-16 11:25:39,582 - run_main - INFO - 发起登录失败请求
2019-05-16 11:25:39,582 - run_main - INFO - 发起登录失败请求
2019-05-16 11:25:39,582 - run_main - INFO - 发起登录失败请求
2019-05-16 11:25:39,582 - run_main - INFO - 发起登录失败请求
2019-05-16 11:25:39,619 - run_main - INFO - 发起登录失败请求
2019-05-16 11:25:39,619 - run_main - INFO - 发起登录失败请求
2019-05-16 11:25:39,619 - run_main - INFO - 发起登录失败请求
2019-05-16 11:25:39,619 - run_main - INFO - 发起登录失败请求
2019-05-16 11:25:39,633 - run_main - INFO - 发起登录失败请求
2019-05-16 11:25:39,633 - run_main - INFO - 发起登录失败请求
2019-05-16 11:25:39,633 - run_main - INFO - 发起登录失败请求
2019-05-16 11:25:39,633 - run_main - INFO - 发起登录失败请求
2019-05-16 11:25:39,642 - run_main - INFO - 发起登录失败请求
2019-05-16 11:25:39,642 - run_main - INFO - 发起登录失败请求
2019-05-16 11:25:39,642 - run_main - INFO - 发起登录失败请求
2019-05-16 11:25:39,642 - run_main - INFO - 发起登录失败请求
2019-05-16 11:25:39,651 - run_main - INFO - 发起登录失败请求
2019-05-16 11:25:39,651 - run_main - INFO - 发起登录失败请求
2019-05-16 11:25:39,651 - run_main - INFO - 发起登录失败请求
2019-05-16 11:25:39,651 - run_main - INFO - 发起登录失败请求
2019-05-16 11:25:39,662 - run_main - INFO - 发起登录失败请求
2019-05-16 11:25:39,662 - run_main - INFO - 发起登录失败请求
2019-05-16 11:25:39,662 - run_main - INFO - 发起登录失败请求
2019-05-16 11:25:39,662 - run_main - INFO - 发起登录失败请求
2019-05-16 11:25:39,672 - run_main - INFO - 发起登录失败请求
2019-05-16 11:25:39,672 - run_main - INFO - 发起登录失败请求
2019-05-16 11:25:39,672 - run_main - INFO - 发起登录失败请求
2019-05-16 11:25:39,672 - run_main - INFO - 发起登录失败请求
2019-05-16 11:25:39,680 - run_main - INFO - 发起登录失败请求
2019-05-16 11:25:39,680 - run_main - INFO - 发起登录失败请求
2019-05-16 11:25:39,680 - run_main - INFO - 发起登录失败请求
2019-05-16 11:25:39,680 - run_main - INFO - 发起登录失败请求
2019-05-16 11:25:39,690 - run_main - INFO - 执行查询region操作
2019-05-16 11:25:39,690 - run_main - INFO - 执行查询region操作
2019-05-16 11:25:39,690 - run_main - INFO - 执行查询region操作
2019-05-16 11:25:39,690 - run_main - INFO - 执行查询region操作
2019-05-16 11:25:39,702 - run_main - INFO - 执行查询region操作
2019-05-16 11:25:39,702 - run_main - INFO - 执行查询region操作
2019-05-16 11:25:39,702 - run_main - INFO - 执行查询region操作
2019-05-16 11:25:39,702 - run_main - INFO - 执行查询region操作
2019-05-16 11:25:39,713 - run_main - INFO - 执行查询region操作
2019-05-16 11:25:39,713 - run_main - INFO - 执行查询region操作
2019-05-16 11:25:39,713 - run_main - INFO - 执行查询region操作
2019-05-16 11:25:39,713 - run_main - INFO - 执行查询region操作
2019-05-16 11:25:39,725 - run_main - INFO - 执行查询region操作
2019-05-16 11:25:39,725 - run_main - INFO - 执行查询region操作
2019-05-16 11:25:39,725 - run_main - INFO - 执行查询region操作
2019-05-16 11:25:39,725 - run_main - INFO - 执行查询region操作
2019-05-16 11:25:39,740 - run_main - INFO - 执行查询region操作
2019-05-16 11:25:39,740 - run_main - INFO - 执行查询region操作
2019-05-16 11:25:39,740 - run_main - INFO - 执行查询region操作
2019-05-16 11:25:39,740 - run_main - INFO - 执行查询region操作
2019-05-16 11:25:39,751 - run_main - INFO - 执行查询region操作
2019-05-16 11:25:39,751 - run_main - INFO - 执行查询region操作
2019-05-16 11:25:39,751 - run_main - INFO - 执行查询region操作
2019-05-16 11:25:39,751 - run_main - INFO - 执行查询region操作
2019-05-16 11:27:13,373 - test_region - INFO - 发起登录成功请求
2019-05-16 11:27:13,373 - test_region - INFO - 发起登录成功请求
2019-05-16 11:27:13,429 - test_region - INFO - 执行查询region操作
2019-05-16 11:27:13,429 - test_region - INFO - 执行查询region操作
2019-05-16 11:27:13,429 - test_region - INFO - 执行查询region操作
2019-05-16 11:27:13,489 - test_region - INFO - 执行查询region操作
2019-05-16 11:27:13,489 - test_region - INFO - 执行查询region操作
2019-05-16 11:27:13,489 - test_region - INFO - 执行查询region操作
2019-05-16 11:27:13,524 - test_region - INFO - 执行查询region操作
2019-05-16 11:27:13,524 - test_region - INFO - 执行查询region操作
2019-05-16 11:27:13,524 - test_region - INFO - 执行查询region操作
2019-05-16 11:28:12,631 - run_main - INFO - 发起登录成功请求
2019-05-16 11:28:12,631 - run_main - INFO - 发起登录成功请求
2019-05-16 11:28:12,631 - run_main - INFO - 发起登录成功请求
2019-05-16 11:28:15,672 - run_main - INFO - 发起登录请求
2019-05-16 11:28:15,672 - run_main - INFO - 发起登录请求
2019-05-16 11:28:15,672 - run_main - INFO - 发起登录请求
2019-05-16 11:28:15,672 - run_main - INFO - 发起登录请求
2019-05-16 11:28:15,707 - run_main - INFO - 发起登录失败请求
2019-05-16 11:28:15,707 - run_main - INFO - 发起登录失败请求
2019-05-16 11:28:15,707 - run_main - INFO - 发起登录失败请求
2019-05-16 11:28:15,707 - run_main - INFO - 发起登录失败请求
2019-05-16 11:28:15,723 - run_main - INFO - 发起登录失败请求
2019-05-16 11:28:15,723 - run_main - INFO - 发起登录失败请求
2019-05-16 11:28:15,723 - run_main - INFO - 发起登录失败请求
2019-05-16 11:28:15,723 - run_main - INFO - 发起登录失败请求
2019-05-16 11:28:15,750 - run_main - INFO - 发起登录失败请求
2019-05-16 11:28:15,750 - run_main - INFO - 发起登录失败请求
2019-05-16 11:28:15,750 - run_main - INFO - 发起登录失败请求
2019-05-16 11:28:15,750 - run_main - INFO - 发起登录失败请求
2019-05-16 11:28:15,758 - run_main - INFO - 发起登录失败请求
2019-05-16 11:28:15,758 - run_main - INFO - 发起登录失败请求
2019-05-16 11:28:15,758 - run_main - INFO - 发起登录失败请求
2019-05-16 11:28:15,758 - run_main - INFO - 发起登录失败请求
2019-05-16 11:28:15,762 - run_main - INFO - 发起登录失败请求
2019-05-16 11:28:15,762 - run_main - INFO - 发起登录失败请求
2019-05-16 11:28:15,762 - run_main - INFO - 发起登录失败请求
2019-05-16 11:28:15,762 - run_main - INFO - 发起登录失败请求
2019-05-16 11:28:15,770 - run_main - INFO - 发起登录失败请求
2019-05-16 11:28:15,770 - run_main - INFO - 发起登录失败请求
2019-05-16 11:28:15,770 - run_main - INFO - 发起登录失败请求
2019-05-16 11:28:15,770 - run_main - INFO - 发起登录失败请求
2019-05-16 11:28:15,778 - run_main - INFO - 发起登录失败请求
2019-05-16 11:28:15,778 - run_main - INFO - 发起登录失败请求
2019-05-16 11:28:15,778 - run_main - INFO - 发起登录失败请求
2019-05-16 11:28:15,778 - run_main - INFO - 发起登录失败请求
2019-05-16 11:28:15,793 - run_main - INFO - 发起登录失败请求
2019-05-16 11:28:15,793 - run_main - INFO - 发起登录失败请求
2019-05-16 11:28:15,793 - run_main - INFO - 发起登录失败请求
2019-05-16 11:28:15,793 - run_main - INFO - 发起登录失败请求
2019-05-16 11:28:15,801 - run_main - INFO - 发起登录失败请求
2019-05-16 11:28:15,801 - run_main - INFO - 发起登录失败请求
2019-05-16 11:28:15,801 - run_main - INFO - 发起登录失败请求
2019-05-16 11:28:15,801 - run_main - INFO - 发起登录失败请求
2019-05-16 11:28:15,809 - run_main - INFO - 执行查询region操作
2019-05-16 11:28:15,809 - run_main - INFO - 执行查询region操作
2019-05-16 11:28:15,809 - run_main - INFO - 执行查询region操作
2019-05-16 11:28:15,809 - run_main - INFO - 执行查询region操作
2019-05-16 11:28:15,820 - run_main - INFO - 执行查询region操作
2019-05-16 11:28:15,820 - run_main - INFO - 执行查询region操作
2019-05-16 11:28:15,820 - run_main - INFO - 执行查询region操作
2019-05-16 11:28:15,820 - run_main - INFO - 执行查询region操作
2019-05-16 11:28:15,829 - run_main - INFO - 执行查询region操作
2019-05-16 11:28:15,829 - run_main - INFO - 执行查询region操作
2019-05-16 11:28:15,829 - run_main - INFO - 执行查询region操作
2019-05-16 11:28:15,829 - run_main - INFO - 执行查询region操作
2019-05-16 11:28:15,843 - run_main - INFO - 执行查询region操作
2019-05-16 11:28:15,843 - run_main - INFO - 执行查询region操作
2019-05-16 11:28:15,843 - run_main - INFO - 执行查询region操作
2019-05-16 11:28:15,843 - run_main - INFO - 执行查询region操作
2019-05-16 11:28:15,851 - run_main - INFO - 执行查询region操作
2019-05-16 11:28:15,851 - run_main - INFO - 执行查询region操作
2019-05-16 11:28:15,851 - run_main - INFO - 执行查询region操作
2019-05-16 11:28:15,851 - run_main - INFO - 执行查询region操作
2019-05-16 11:28:15,863 - run_main - INFO - 执行查询region操作
2019-05-16 11:28:15,863 - run_main - INFO - 执行查询region操作
2019-05-16 11:28:15,863 - run_main - INFO - 执行查询region操作
2019-05-16 11:28:15,863 - run_main - INFO - 执行查询region操作
2019-05-16 11:29:27,292 - test_region - INFO - 发起登录成功请求
2019-05-16 11:29:27,292 - test_region - INFO - 发起登录成功请求
2019-05-16 11:29:27,360 - test_region - INFO - 执行查询region操作
2019-05-16 11:29:27,360 - test_region - INFO - 执行查询region操作
2019-05-16 11:29:27,360 - test_region - INFO - 执行查询region操作
2019-05-16 11:29:27,391 - test_region - INFO - 执行查询region操作
2019-05-16 11:29:27,391 - test_region - INFO - 执行查询region操作
2019-05-16 11:29:27,391 - test_region - INFO - 执行查询region操作
2019-05-16 11:29:27,417 - test_region - INFO - 执行查询region操作
2019-05-16 11:29:27,417 - test_region - INFO - 执行查询region操作
2019-05-16 11:29:27,417 - test_region - INFO - 执行查询region操作
2019-05-16 11:33:27,336 - run_main - INFO - 发起登录成功请求
2019-05-16 11:33:27,336 - run_main - INFO - 发起登录成功请求
2019-05-16 11:33:27,336 - run_main - INFO - 发起登录成功请求
2019-05-16 11:33:30,409 - run_main - INFO - 发起登录请求
2019-05-16 11:33:30,409 - run_main - INFO - 发起登录请求
2019-05-16 11:33:30,409 - run_main - INFO - 发起登录请求
2019-05-16 11:33:30,409 - run_main - INFO - 发起登录请求
2019-05-16 11:33:30,460 - run_main - INFO - 发起登录失败请求
2019-05-16 11:33:30,460 - run_main - INFO - 发起登录失败请求
2019-05-16 11:33:30,460 - run_main - INFO - 发起登录失败请求
2019-05-16 11:33:30,460 - run_main - INFO - 发起登录失败请求
2019-05-16 11:33:30,479 - run_main - INFO - 发起登录失败请求
2019-05-16 11:33:30,479 - run_main - INFO - 发起登录失败请求
2019-05-16 11:33:30,479 - run_main - INFO - 发起登录失败请求
2019-05-16 11:33:30,479 - run_main - INFO - 发起登录失败请求
2019-05-16 11:33:30,498 - run_main - INFO - 发起登录失败请求
2019-05-16 11:33:30,498 - run_main - INFO - 发起登录失败请求
2019-05-16 11:33:30,498 - run_main - INFO - 发起登录失败请求
2019-05-16 11:33:30,498 - run_main - INFO - 发起登录失败请求
2019-05-16 11:33:30,507 - run_main - INFO - 发起登录失败请求
2019-05-16 11:33:30,507 - run_main - INFO - 发起登录失败请求
2019-05-16 11:33:30,507 - run_main - INFO - 发起登录失败请求
2019-05-16 11:33:30,507 - run_main - INFO - 发起登录失败请求
2019-05-16 11:33:30,514 - run_main - INFO - 发起登录失败请求
2019-05-16 11:33:30,514 - run_main - INFO - 发起登录失败请求
2019-05-16 11:33:30,514 - run_main - INFO - 发起登录失败请求
2019-05-16 11:33:30,514 - run_main - INFO - 发起登录失败请求
2019-05-16 11:33:30,522 - run_main - INFO - 发起登录失败请求
2019-05-16 11:33:30,522 - run_main - INFO - 发起登录失败请求
2019-05-16 11:33:30,522 - run_main - INFO - 发起登录失败请求
2019-05-16 11:33:30,522 - run_main - INFO - 发起登录失败请求
2019-05-16 11:33:30,531 - run_main - INFO - 发起登录失败请求
2019-05-16 11:33:30,531 - run_main - INFO - 发起登录失败请求
2019-05-16 11:33:30,531 - run_main - INFO - 发起登录失败请求
2019-05-16 11:33:30,531 - run_main - INFO - 发起登录失败请求
2019-05-16 11:33:30,539 - run_main - INFO - 发起登录失败请求
2019-05-16 11:33:30,539 - run_main - INFO - 发起登录失败请求
2019-05-16 11:33:30,539 - run_main - INFO - 发起登录失败请求
2019-05-16 11:33:30,539 - run_main - INFO - 发起登录失败请求
2019-05-16 11:33:30,544 - run_main - INFO - 发起登录失败请求
2019-05-16 11:33:30,544 - run_main - INFO - 发起登录失败请求
2019-05-16 11:33:30,544 - run_main - INFO - 发起登录失败请求
2019-05-16 11:33:30,544 - run_main - INFO - 发起登录失败请求
2019-05-16 11:33:30,551 - run_main - INFO - 执行查询region操作
2019-05-16 11:33:30,551 - run_main - INFO - 执行查询region操作
2019-05-16 11:33:30,551 - run_main - INFO - 执行查询region操作
2019-05-16 11:33:30,551 - run_main - INFO - 执行查询region操作
2019-05-16 11:33:30,562 - run_main - INFO - 执行查询region操作
2019-05-16 11:33:30,562 - run_main - INFO - 执行查询region操作
2019-05-16 11:33:30,562 - run_main - INFO - 执行查询region操作
2019-05-16 11:33:30,562 - run_main - INFO - 执行查询region操作
2019-05-16 11:33:30,573 - run_main - INFO - 执行查询region操作
2019-05-16 11:33:30,573 - run_main - INFO - 执行查询region操作
2019-05-16 11:33:30,573 - run_main - INFO - 执行查询region操作
2019-05-16 11:33:30,573 - run_main - INFO - 执行查询region操作
2019-05-16 11:33:30,584 - run_main - INFO - 执行查询region操作
2019-05-16 11:33:30,584 - run_main - INFO - 执行查询region操作
2019-05-16 11:33:30,584 - run_main - INFO - 执行查询region操作
2019-05-16 11:33:30,584 - run_main - INFO - 执行查询region操作
2019-05-16 11:33:30,596 - run_main - INFO - 执行查询region操作
2019-05-16 11:33:30,596 - run_main - INFO - 执行查询region操作
2019-05-16 11:33:30,596 - run_main - INFO - 执行查询region操作
2019-05-16 11:33:30,596 - run_main - INFO - 执行查询region操作
2019-05-16 11:33:30,607 - run_main - INFO - 执行查询region操作
2019-05-16 11:33:30,607 - run_main - INFO - 执行查询region操作
2019-05-16 11:33:30,607 - run_main - INFO - 执行查询region操作
2019-05-16 11:33:30,607 - run_main - INFO - 执行查询region操作
2019-05-16 11:34:27,236 - test_region - INFO - 发起登录成功请求
2019-05-16 11:34:27,236 - test_region - INFO - 发起登录成功请求
2019-05-16 11:34:27,273 - test_region - INFO - 执行查询region操作
2019-05-16 11:34:27,273 - test_region - INFO - 执行查询region操作
2019-05-16 11:34:27,273 - test_region - INFO - 执行查询region操作
2019-05-16 11:34:27,316 - test_region - INFO - 执行查询region操作
2019-05-16 11:34:27,316 - test_region - INFO - 执行查询region操作
2019-05-16 11:34:27,316 - test_region - INFO - 执行查询region操作
2019-05-16 11:34:27,350 - test_region - INFO - 执行查询region操作
2019-05-16 11:34:27,350 - test_region - INFO - 执行查询region操作
2019-05-16 11:34:27,350 - test_region - INFO - 执行查询region操作
2019-05-16 11:35:23,244 - run_main - INFO - 发起登录成功请求
2019-05-16 11:35:23,244 - run_main - INFO - 发起登录成功请求
2019-05-16 11:35:26,291 - run_main - INFO - 执行查询region操作
2019-05-16 11:35:26,291 - run_main - INFO - 执行查询region操作
2019-05-16 11:35:26,291 - run_main - INFO - 执行查询region操作
2019-05-16 11:35:26,291 - run_main - INFO - 执行查询region操作
2019-05-16 11:35:26,336 - run_main - INFO - 执行查询region操作
2019-05-16 11:35:26,336 - run_main - INFO - 执行查询region操作
2019-05-16 11:35:26,336 - run_main - INFO - 执行查询region操作
2019-05-16 11:35:26,336 - run_main - INFO - 执行查询region操作
2019-05-16 11:35:26,363 - run_main - INFO - 执行查询region操作
2019-05-16 11:35:26,363 - run_main - INFO - 执行查询region操作
2019-05-16 11:35:26,363 - run_main - INFO - 执行查询region操作
2019-05-16 11:35:26,363 - run_main - INFO - 执行查询region操作
2019-05-16 11:35:26,388 - run_main - INFO - 发起登录请求
2019-05-16 11:35:26,388 - run_main - INFO - 发起登录请求
2019-05-16 11:35:26,388 - run_main - INFO - 发起登录请求
2019-05-16 11:35:26,388 - run_main - INFO - 发起登录请求
2019-05-16 11:35:26,419 - run_main - INFO - 发起登录失败请求
2019-05-16 11:35:26,419 - run_main - INFO - 发起登录失败请求
2019-05-16 11:35:26,419 - run_main - INFO - 发起登录失败请求
2019-05-16 11:35:26,419 - run_main - INFO - 发起登录失败请求
2019-05-16 11:35:26,438 - run_main - INFO - 发起登录失败请求
2019-05-16 11:35:26,438 - run_main - INFO - 发起登录失败请求
2019-05-16 11:35:26,438 - run_main - INFO - 发起登录失败请求
2019-05-16 11:35:26,438 - run_main - INFO - 发起登录失败请求
2019-05-16 11:35:26,461 - run_main - INFO - 发起登录失败请求
2019-05-16 11:35:26,461 - run_main - INFO - 发起登录失败请求
2019-05-16 11:35:26,461 - run_main - INFO - 发起登录失败请求
2019-05-16 11:35:26,461 - run_main - INFO - 发起登录失败请求
2019-05-16 11:35:26,469 - run_main - INFO - 发起登录失败请求
2019-05-16 11:35:26,469 - run_main - INFO - 发起登录失败请求
2019-05-16 11:35:26,469 - run_main - INFO - 发起登录失败请求
2019-05-16 11:35:26,469 - run_main - INFO - 发起登录失败请求
2019-05-16 11:35:26,478 - run_main - INFO - 发起登录失败请求
2019-05-16 11:35:26,478 - run_main - INFO - 发起登录失败请求
2019-05-16 11:35:26,478 - run_main - INFO - 发起登录失败请求
2019-05-16 11:35:26,478 - run_main - INFO - 发起登录失败请求
2019-05-16 11:35:26,487 - run_main - INFO - 发起登录失败请求
2019-05-16 11:35:26,487 - run_main - INFO - 发起登录失败请求
2019-05-16 11:35:26,487 - run_main - INFO - 发起登录失败请求
2019-05-16 11:35:26,487 - run_main - INFO - 发起登录失败请求
2019-05-16 11:35:26,495 - run_main - INFO - 发起登录失败请求
2019-05-16 11:35:26,495 - run_main - INFO - 发起登录失败请求
2019-05-16 11:35:26,495 - run_main - INFO - 发起登录失败请求
2019-05-16 11:35:26,495 - run_main - INFO - 发起登录失败请求
2019-05-16 11:35:26,506 - run_main - INFO - 发起登录失败请求
2019-05-16 11:35:26,506 - run_main - INFO - 发起登录失败请求
2019-05-16 11:35:26,506 - run_main - INFO - 发起登录失败请求
2019-05-16 11:35:26,506 - run_main - INFO - 发起登录失败请求
2019-05-16 11:35:26,517 - run_main - INFO - 发起登录失败请求
2019-05-16 11:35:26,517 - run_main - INFO - 发起登录失败请求
2019-05-16 11:35:26,517 - run_main - INFO - 发起登录失败请求
2019-05-16 11:35:26,517 - run_main - INFO - 发起登录失败请求
2019-05-16 11:37:06,999 - sys_login_action - INFO - 发起登录成功请求
2019-05-16 11:37:08,150 - sys_login_action - INFO - 发起登录成功请求
2019-05-16 11:37:09,301 - sys_login_action - INFO - 发起登录成功请求
2019-05-16 11:59:16,142 - run_main_with_email - INFO - 发起登录成功请求
2019-05-16 11:59:16,142 - run_main_with_email - INFO - 发起登录成功请求
2019-05-16 11:59:16,142 - run_main_with_email - INFO - 发起登录成功请求
2019-05-16 11:59:19,220 - run_main_with_email - INFO - 执行查询region操作
2019-05-16 11:59:19,220 - run_main_with_email - INFO - 执行查询region操作
2019-05-16 11:59:19,220 - run_main_with_email - INFO - 执行查询region操作
2019-05-16 11:59:19,220 - run_main_with_email - INFO - 执行查询region操作
2019-05-16 11:59:19,220 - run_main_with_email - INFO - 执行查询region操作
2019-05-16 11:59:19,272 - run_main_with_email - INFO - 执行查询region操作
2019-05-16 11:59:19,272 - run_main_with_email - INFO - 执行查询region操作
2019-05-16 11:59:19,272 - run_main_with_email - INFO - 执行查询region操作
2019-05-16 11:59:19,272 - run_main_with_email - INFO - 执行查询region操作
2019-05-16 11:59:19,272 - run_main_with_email - INFO - 执行查询region操作
2019-05-16 11:59:19,308 - run_main_with_email - INFO - 执行查询region操作
2019-05-16 11:59:19,308 - run_main_with_email - INFO - 执行查询region操作
2019-05-16 11:59:19,308 - run_main_with_email - INFO - 执行查询region操作
2019-05-16 11:59:19,308 - run_main_with_email - INFO - 执行查询region操作
2019-05-16 11:59:19,308 - run_main_with_email - INFO - 执行查询region操作
2019-05-16 11:59:19,336 - run_main_with_email - INFO - 发起登录请求
2019-05-16 11:59:19,336 - run_main_with_email - INFO - 发起登录请求
2019-05-16 11:59:19,336 - run_main_with_email - INFO - 发起登录请求
2019-05-16 11:59:19,336 - run_main_with_email - INFO - 发起登录请求
2019-05-16 11:59:19,336 - run_main_with_email - INFO - 发起登录请求
2019-05-16 11:59:19,388 - run_main_with_email - INFO - 发起登录失败请求
2019-05-16 11:59:19,388 - run_main_with_email - INFO - 发起登录失败请求
2019-05-16 11:59:19,388 - run_main_with_email - INFO - 发起登录失败请求
2019-05-16 11:59:19,388 - run_main_with_email - INFO - 发起登录失败请求
2019-05-16 11:59:19,388 - run_main_with_email - INFO - 发起登录失败请求
2019-05-16 11:59:19,416 - run_main_with_email - INFO - 发起登录失败请求
2019-05-16 11:59:19,416 - run_main_with_email - INFO - 发起登录失败请求
2019-05-16 11:59:19,416 - run_main_with_email - INFO - 发起登录失败请求
2019-05-16 11:59:19,416 - run_main_with_email - INFO - 发起登录失败请求
2019-05-16 11:59:19,416 - run_main_with_email - INFO - 发起登录失败请求
2019-05-16 11:59:19,442 - run_main_with_email - INFO - 发起登录失败请求
2019-05-16 11:59:19,442 - run_main_with_email - INFO - 发起登录失败请求
2019-05-16 11:59:19,442 - run_main_with_email - INFO - 发起登录失败请求
2019-05-16 11:59:19,442 - run_main_with_email - INFO - 发起登录失败请求
2019-05-16 11:59:19,442 - run_main_with_email - INFO - 发起登录失败请求
2019-05-16 11:59:19,450 - run_main_with_email - INFO - 发起登录失败请求
2019-05-16 11:59:19,450 - run_main_with_email - INFO - 发起登录失败请求
2019-05-16 11:59:19,450 - run_main_with_email - INFO - 发起登录失败请求
2019-05-16 11:59:19,450 - run_main_with_email - INFO - 发起登录失败请求
2019-05-16 11:59:19,450 - run_main_with_email - INFO - 发起登录失败请求
2019-05-16 11:59:19,458 - run_main_with_email - INFO - 发起登录失败请求
2019-05-16 11:59:19,458 - run_main_with_email - INFO - 发起登录失败请求
2019-05-16 11:59:19,458 - run_main_with_email - INFO - 发起登录失败请求
2019-05-16 11:59:19,458 - run_main_with_email - INFO - 发起登录失败请求
2019-05-16 11:59:19,458 - run_main_with_email - INFO - 发起登录失败请求
2019-05-16 11:59:19,466 - run_main_with_email - INFO - 发起登录失败请求
2019-05-16 11:59:19,466 - run_main_with_email - INFO - 发起登录失败请求
2019-05-16 11:59:19,466 - run_main_with_email - INFO - 发起登录失败请求
2019-05-16 11:59:19,466 - run_main_with_email - INFO - 发起登录失败请求
2019-05-16 11:59:19,466 - run_main_with_email - INFO - 发起登录失败请求
2019-05-16 11:59:19,472 - run_main_with_email - INFO - 发起登录失败请求
2019-05-16 11:59:19,472 - run_main_with_email - INFO - 发起登录失败请求
2019-05-16 11:59:19,472 - run_main_with_email - INFO - 发起登录失败请求
2019-05-16 11:59:19,472 - run_main_with_email - INFO - 发起登录失败请求
2019-05-16 11:59:19,472 - run_main_with_email - INFO - 发起登录失败请求
2019-05-16 11:59:19,481 - run_main_with_email - INFO - 发起登录失败请求
2019-05-16 11:59:19,481 - run_main_with_email - INFO - 发起登录失败请求
2019-05-16 11:59:19,481 - run_main_with_email - INFO - 发起登录失败请求
2019-05-16 11:59:19,481 - run_main_with_email - INFO - 发起登录失败请求
2019-05-16 11:59:19,481 - run_main_with_email - INFO - 发起登录失败请求
2019-05-16 11:59:19,491 - run_main_with_email - INFO - 发起登录失败请求
2019-05-16 11:59:19,491 - run_main_with_email - INFO - 发起登录失败请求
2019-05-16 11:59:19,491 - run_main_with_email - INFO - 发起登录失败请求
2019-05-16 11:59:19,491 - run_main_with_email - INFO - 发起登录失败请求
2019-05-16 11:59:19,491 - run_main_with_email - INFO - 发起登录失败请求
2019-05-16 11:59:19,512 - run_main_with_email - INFO - 调用163
2019-05-16 11:59:19,512 - run_main_with_email - INFO - 调用163
2019-05-16 11:59:19,512 - run_main_with_email - INFO - 调用163
2019-05-16 11:59:19,512 - run_main_with_email - INFO - 调用163
2019-05-16 11:59:19,512 - run_main_with_email - INFO - 调用163
