2019-05-10 10:49:32,100 - question_delete - INFO - 发起登录请求
2019-05-10 10:49:32,100 - question_delete - INFO - 发起登录请求
2019-05-10 10:49:32,167 - question_delete - INFO - 执行删除question操作
2019-05-10 10:49:32,167 - question_delete - INFO - 执行删除question操作
2019-05-10 10:50:15,602 - sys_login_action - INFO - 发起登录请求
2019-05-10 10:50:41,426 - question_delete - INFO - 发起登录请求
2019-05-10 10:50:41,426 - question_delete - INFO - 发起登录请求
2019-05-10 10:50:41,470 - question_delete - INFO - 执行删除question操作
2019-05-10 10:50:41,470 - question_delete - INFO - 执行删除question操作
2019-05-10 10:51:24,731 - question_delete - INFO - 发起登录请求
2019-05-10 10:51:24,731 - question_delete - INFO - 发起登录请求
2019-05-10 10:51:24,777 - question_delete - INFO - 执行删除question操作
2019-05-10 10:51:24,777 - question_delete - INFO - 执行删除question操作
2019-05-10 10:52:09,798 - question_delete - INFO - 发起登录请求
2019-05-10 10:52:09,798 - question_delete - INFO - 发起登录请求
2019-05-10 10:52:09,852 - question_delete - INFO - 执行删除question操作
2019-05-10 10:52:09,852 - question_delete - INFO - 执行删除question操作
2019-05-10 10:52:57,394 - question_delete - INFO - 发起登录请求
2019-05-10 10:52:57,394 - question_delete - INFO - 发起登录请求
2019-05-10 10:52:57,479 - question_delete - INFO - 执行删除question操作
2019-05-10 10:52:57,479 - question_delete - INFO - 执行删除question操作
2019-05-10 10:53:37,421 - sys_login_action - INFO - 发起登录请求
2019-05-10 11:02:34,406 - question_status - INFO - 发起登录请求
2019-05-10 11:02:34,406 - question_status - INFO - 发起登录请求
2019-05-10 11:02:34,468 - question_status - INFO - 执行question_status操作
2019-05-10 11:02:34,468 - question_status - INFO - 执行question_status操作
2019-05-10 11:02:49,428 - question_status - INFO - 发起登录请求
2019-05-10 11:02:49,428 - question_status - INFO - 发起登录请求
2019-05-10 11:02:49,476 - question_status - INFO - 执行question_status操作
2019-05-10 11:02:49,476 - question_status - INFO - 执行question_status操作
2019-05-10 11:05:48,104 - question_insert - INFO - 发起登录请求
2019-05-10 11:05:48,104 - question_insert - INFO - 发起登录请求
2019-05-10 11:05:48,279 - question_insert - INFO - question插入接口为true请求开始
2019-05-10 11:05:48,279 - question_insert - INFO - question插入接口为true请求开始
2019-05-10 11:06:02,752 - question_insert - INFO - 发起登录请求
2019-05-10 11:06:02,752 - question_insert - INFO - 发起登录请求
2019-05-10 11:06:02,817 - question_insert - INFO - question插入接口为true请求开始
2019-05-10 11:06:02,817 - question_insert - INFO - question插入接口为true请求开始
