2019-04-25 09:03:27,741 - question_delete - INFO - 发起登录请求
2019-04-25 09:03:27,741 - question_delete - INFO - 发起登录请求
2019-04-25 09:22:53,559 - question_delete - INFO - 发起登录请求
2019-04-25 09:22:53,559 - question_delete - INFO - 发起登录请求
2019-04-25 09:23:04,393 - question_delete - INFO - 发起登录请求
2019-04-25 09:23:04,393 - question_delete - INFO - 发起登录请求
2019-04-25 09:23:13,986 - question_delete - INFO - 发起登录请求
2019-04-25 09:23:13,986 - question_delete - INFO - 发起登录请求
2019-04-25 09:23:14,010 - question_delete - INFO - 执行删除question操作
2019-04-25 09:23:14,010 - question_delete - INFO - 执行删除question操作
2019-04-25 09:23:36,598 - question_delete - INFO - 发起登录请求
2019-04-25 09:23:36,598 - question_delete - INFO - 发起登录请求
2019-04-25 09:23:36,630 - question_delete - INFO - 执行删除question操作
2019-04-25 09:23:36,630 - question_delete - INFO - 执行删除question操作
2019-04-25 09:23:47,275 - question_delete - INFO - 发起登录请求
2019-04-25 09:23:47,275 - question_delete - INFO - 发起登录请求
2019-04-25 09:23:47,300 - question_delete - INFO - 执行删除question操作
2019-04-25 09:23:47,300 - question_delete - INFO - 执行删除question操作
2019-04-25 09:24:52,300 - question_delete - INFO - 发起登录请求
2019-04-25 09:24:52,300 - question_delete - INFO - 发起登录请求
2019-04-25 09:24:52,329 - question_delete - INFO - 执行删除question操作
2019-04-25 09:24:52,329 - question_delete - INFO - 执行删除question操作
2019-04-25 09:26:59,508 - question_delete - INFO - 发起登录请求
2019-04-25 09:26:59,508 - question_delete - INFO - 发起登录请求
2019-04-25 09:26:59,546 - question_delete - INFO - 执行删除question操作
2019-04-25 09:26:59,546 - question_delete - INFO - 执行删除question操作
2019-04-25 09:26:59,547 - question_delete - ERROR - 执行删除question操作报错Invalid header name b''
2019-04-25 09:26:59,547 - question_delete - ERROR - 执行删除question操作报错Invalid header name b''
2019-04-25 09:27:11,582 - question_delete - INFO - 发起登录请求
2019-04-25 09:27:11,582 - question_delete - INFO - 发起登录请求
2019-04-25 09:27:11,656 - question_delete - INFO - 执行删除question操作
2019-04-25 09:27:11,656 - question_delete - INFO - 执行删除question操作
2019-04-25 09:27:41,653 - question_delete - INFO - 发起登录请求
2019-04-25 09:27:41,653 - question_delete - INFO - 发起登录请求
2019-04-25 09:27:41,679 - question_delete - INFO - 执行删除question操作
2019-04-25 09:27:41,679 - question_delete - INFO - 执行删除question操作
2019-04-25 09:27:41,680 - question_delete - ERROR - 执行删除question操作报错Invalid header name b''
2019-04-25 09:27:41,680 - question_delete - ERROR - 执行删除question操作报错Invalid header name b''
2019-04-25 09:28:51,930 - question_delete - INFO - 发起登录请求
2019-04-25 09:28:51,930 - question_delete - INFO - 发起登录请求
2019-04-25 09:28:53,732 - question_delete - INFO - 执行删除question操作
2019-04-25 09:28:53,732 - question_delete - INFO - 执行删除question操作
2019-04-25 09:29:21,814 - question_delete - INFO - 发起登录请求
2019-04-25 09:29:21,814 - question_delete - INFO - 发起登录请求
2019-04-25 09:29:22,736 - question_delete - INFO - 执行删除question操作
2019-04-25 09:29:22,736 - question_delete - INFO - 执行删除question操作
2019-04-25 09:29:42,606 - question_delete - INFO - 发起登录请求
2019-04-25 09:29:42,606 - question_delete - INFO - 发起登录请求
2019-04-25 09:29:42,640 - question_delete - INFO - 执行删除question操作
2019-04-25 09:29:42,640 - question_delete - INFO - 执行删除question操作
2019-04-25 09:29:49,513 - question_delete - INFO - 发起登录请求
2019-04-25 09:29:49,513 - question_delete - INFO - 发起登录请求
2019-04-25 09:29:49,538 - question_delete - INFO - 执行删除question操作
2019-04-25 09:29:49,538 - question_delete - INFO - 执行删除question操作
2019-04-25 10:03:54,356 - getRegionList - INFO - 发起登录请求
2019-04-25 10:03:54,356 - getRegionList - INFO - 发起登录请求
2019-04-25 10:03:54,448 - getRegionList - INFO - 执行删除question操作
2019-04-25 10:03:54,448 - getRegionList - INFO - 执行删除question操作
2019-04-25 10:23:22,189 - getRegionList - INFO - 发起登录请求
2019-04-25 10:23:22,189 - getRegionList - INFO - 发起登录请求
2019-04-25 10:23:22,220 - getRegionList - INFO - 执行查询region操作
2019-04-25 10:23:22,220 - getRegionList - INFO - 执行查询region操作
2019-04-25 10:26:36,015 - getRegionList - INFO - 发起登录请求
2019-04-25 10:26:36,015 - getRegionList - INFO - 发起登录请求
2019-04-25 10:26:46,075 - getRegionList - INFO - 发起登录请求
2019-04-25 10:26:46,075 - getRegionList - INFO - 发起登录请求
2019-04-25 10:26:46,401 - getRegionList - INFO - 执行查询region操作
2019-04-25 10:26:46,401 - getRegionList - INFO - 执行查询region操作
2019-04-25 10:27:10,132 - getRegionList - INFO - 发起登录请求
2019-04-25 10:27:10,132 - getRegionList - INFO - 发起登录请求
2019-04-25 10:27:10,172 - getRegionList - INFO - 执行查询region操作
2019-04-25 10:27:10,172 - getRegionList - INFO - 执行查询region操作
2019-04-25 10:27:25,044 - getRegionList - INFO - 发起登录请求
2019-04-25 10:27:25,044 - getRegionList - INFO - 发起登录请求
2019-04-25 10:27:25,098 - getRegionList - INFO - 执行查询region操作
2019-04-25 10:27:25,098 - getRegionList - INFO - 执行查询region操作
2019-04-25 10:27:43,070 - getRegionList - INFO - 发起登录请求
2019-04-25 10:27:43,070 - getRegionList - INFO - 发起登录请求
2019-04-25 10:27:43,132 - getRegionList - INFO - 执行查询region操作
2019-04-25 10:27:43,132 - getRegionList - INFO - 执行查询region操作
2019-04-25 10:27:52,278 - getRegionList - INFO - 发起登录请求
2019-04-25 10:27:52,278 - getRegionList - INFO - 发起登录请求
2019-04-25 10:27:52,311 - getRegionList - INFO - 执行查询region操作
2019-04-25 10:27:52,311 - getRegionList - INFO - 执行查询region操作
2019-04-25 10:30:41,846 - getRegionList - INFO - 发起登录请求
2019-04-25 10:30:41,846 - getRegionList - INFO - 发起登录请求
2019-04-25 10:30:41,886 - getRegionList - INFO - 执行查询region操作
2019-04-25 10:30:41,886 - getRegionList - INFO - 执行查询region操作
2019-04-25 10:30:54,063 - getRegionList - INFO - 发起登录请求
2019-04-25 10:30:54,063 - getRegionList - INFO - 发起登录请求
2019-04-25 10:30:54,103 - getRegionList - INFO - 执行查询region操作
2019-04-25 10:30:54,103 - getRegionList - INFO - 执行查询region操作
2019-04-25 10:35:25,728 - getRegionList - INFO - 发起登录请求
2019-04-25 10:35:25,728 - getRegionList - INFO - 发起登录请求
2019-04-25 10:35:25,770 - getRegionList - INFO - 执行查询region操作
2019-04-25 10:35:25,770 - getRegionList - INFO - 执行查询region操作
2019-04-25 10:39:26,664 - getRegionList - INFO - 发起登录请求
2019-04-25 10:39:26,664 - getRegionList - INFO - 发起登录请求
2019-04-25 10:39:26,707 - getRegionList - INFO - 执行查询region操作
2019-04-25 10:39:26,707 - getRegionList - INFO - 执行查询region操作
2019-04-25 10:39:53,816 - getRegionList - INFO - 发起登录请求
2019-04-25 10:39:53,816 - getRegionList - INFO - 发起登录请求
2019-04-25 10:39:53,860 - getRegionList - INFO - 执行查询region操作
2019-04-25 10:39:53,860 - getRegionList - INFO - 执行查询region操作
2019-04-25 10:40:03,277 - getRegionList - INFO - 发起登录请求
2019-04-25 10:40:03,277 - getRegionList - INFO - 发起登录请求
2019-04-25 10:40:03,313 - getRegionList - INFO - 执行查询region操作
2019-04-25 10:40:03,313 - getRegionList - INFO - 执行查询region操作
2019-04-25 10:40:28,158 - getRegionList - INFO - 发起登录请求
2019-04-25 10:40:28,158 - getRegionList - INFO - 发起登录请求
2019-04-25 10:40:28,193 - getRegionList - INFO - 执行查询region操作
2019-04-25 10:40:28,193 - getRegionList - INFO - 执行查询region操作
2019-04-25 10:40:36,646 - getRegionList - INFO - 发起登录请求
2019-04-25 10:40:36,646 - getRegionList - INFO - 发起登录请求
2019-04-25 10:40:36,690 - getRegionList - INFO - 执行查询region操作
2019-04-25 10:40:36,690 - getRegionList - INFO - 执行查询region操作
2019-04-25 10:40:45,677 - getRegionList - INFO - 发起登录请求
2019-04-25 10:40:45,677 - getRegionList - INFO - 发起登录请求
2019-04-25 10:40:45,714 - getRegionList - INFO - 执行查询region操作
2019-04-25 10:40:45,714 - getRegionList - INFO - 执行查询region操作
2019-04-25 10:41:28,116 - getRegionList - INFO - 发起登录请求
2019-04-25 10:41:28,116 - getRegionList - INFO - 发起登录请求
2019-04-25 10:41:28,141 - getRegionList - INFO - 执行查询region操作
2019-04-25 10:41:28,141 - getRegionList - INFO - 执行查询region操作
2019-04-25 10:41:43,961 - getRegionList - INFO - 发起登录请求
2019-04-25 10:41:43,961 - getRegionList - INFO - 发起登录请求
2019-04-25 10:41:43,987 - getRegionList - INFO - 执行查询region操作
2019-04-25 10:41:43,987 - getRegionList - INFO - 执行查询region操作
2019-04-25 10:42:00,373 - getRegionList - INFO - 发起登录请求
2019-04-25 10:42:00,373 - getRegionList - INFO - 发起登录请求
2019-04-25 10:42:00,407 - getRegionList - INFO - 执行查询region操作
2019-04-25 10:42:00,407 - getRegionList - INFO - 执行查询region操作
2019-04-25 10:42:20,491 - getRegionList - INFO - 发起登录请求
2019-04-25 10:42:20,491 - getRegionList - INFO - 发起登录请求
2019-04-25 10:42:20,535 - getRegionList - INFO - 执行查询region操作
2019-04-25 10:42:20,535 - getRegionList - INFO - 执行查询region操作
2019-04-25 10:42:34,469 - getRegionList - INFO - 发起登录请求
2019-04-25 10:42:34,469 - getRegionList - INFO - 发起登录请求
2019-04-25 10:42:34,492 - getRegionList - INFO - 执行查询region操作
2019-04-25 10:42:34,492 - getRegionList - INFO - 执行查询region操作
2019-04-25 10:42:49,656 - getRegionList - INFO - 发起登录请求
2019-04-25 10:42:49,656 - getRegionList - INFO - 发起登录请求
2019-04-25 10:42:49,684 - getRegionList - INFO - 执行查询region操作
2019-04-25 10:42:49,684 - getRegionList - INFO - 执行查询region操作
2019-04-25 10:42:56,226 - getRegionList - INFO - 发起登录请求
2019-04-25 10:42:56,226 - getRegionList - INFO - 发起登录请求
2019-04-25 10:42:56,254 - getRegionList - INFO - 执行查询region操作
2019-04-25 10:42:56,254 - getRegionList - INFO - 执行查询region操作
2019-04-25 10:43:06,594 - getRegionList - INFO - 发起登录请求
2019-04-25 10:43:06,594 - getRegionList - INFO - 发起登录请求
2019-04-25 10:43:06,622 - getRegionList - INFO - 执行查询region操作
2019-04-25 10:43:06,622 - getRegionList - INFO - 执行查询region操作
2019-04-25 10:43:15,210 - getRegionList - INFO - 发起登录请求
2019-04-25 10:43:15,210 - getRegionList - INFO - 发起登录请求
2019-04-25 10:43:15,234 - getRegionList - INFO - 执行查询region操作
2019-04-25 10:43:15,234 - getRegionList - INFO - 执行查询region操作
2019-04-25 10:43:18,871 - getRegionList - INFO - 发起登录请求
2019-04-25 10:43:18,871 - getRegionList - INFO - 发起登录请求
2019-04-25 10:43:18,899 - getRegionList - INFO - 执行查询region操作
2019-04-25 10:43:18,899 - getRegionList - INFO - 执行查询region操作
2019-04-25 10:44:00,936 - getRegionList - INFO - 发起登录请求
2019-04-25 10:44:00,936 - getRegionList - INFO - 发起登录请求
2019-04-25 10:44:00,963 - getRegionList - INFO - 执行查询region操作
2019-04-25 10:44:00,963 - getRegionList - INFO - 执行查询region操作
2019-04-25 10:44:09,317 - getRegionList - INFO - 发起登录请求
2019-04-25 10:44:09,317 - getRegionList - INFO - 发起登录请求
2019-04-25 10:44:09,343 - getRegionList - INFO - 执行查询region操作
2019-04-25 10:44:09,343 - getRegionList - INFO - 执行查询region操作
2019-04-25 10:45:26,827 - getRegionList - INFO - 发起登录请求
2019-04-25 10:45:26,827 - getRegionList - INFO - 发起登录请求
2019-04-25 10:45:26,855 - getRegionList - INFO - 执行查询region操作
2019-04-25 10:45:26,855 - getRegionList - INFO - 执行查询region操作
2019-04-25 10:56:20,309 - getRegionList - INFO - 发起登录请求
2019-04-25 10:56:20,309 - getRegionList - INFO - 发起登录请求
2019-04-25 10:56:20,341 - getRegionList - INFO - 执行查询region操作
2019-04-25 10:56:20,341 - getRegionList - INFO - 执行查询region操作
2019-04-25 10:56:42,495 - getRegionList - INFO - 发起登录请求
2019-04-25 10:56:42,495 - getRegionList - INFO - 发起登录请求
2019-04-25 10:56:42,529 - getRegionList - INFO - 执行查询region操作
2019-04-25 10:56:42,529 - getRegionList - INFO - 执行查询region操作
2019-04-25 10:57:23,681 - getRegionList - INFO - 发起登录请求
2019-04-25 10:57:23,681 - getRegionList - INFO - 发起登录请求
2019-04-25 10:57:23,717 - getRegionList - INFO - 执行查询region操作
2019-04-25 10:57:23,717 - getRegionList - INFO - 执行查询region操作
2019-04-25 10:57:37,298 - getRegionList - INFO - 发起登录请求
2019-04-25 10:57:37,298 - getRegionList - INFO - 发起登录请求
2019-04-25 10:57:37,328 - getRegionList - INFO - 执行查询region操作
2019-04-25 10:57:37,328 - getRegionList - INFO - 执行查询region操作
2019-04-25 10:57:37,329 - getRegionList - ERROR - 执行查询region操作报错Invalid header name b''
2019-04-25 10:57:37,329 - getRegionList - ERROR - 执行查询region操作报错Invalid header name b''
2019-04-25 10:57:42,636 - getRegionList - INFO - 发起登录请求
2019-04-25 10:57:42,636 - getRegionList - INFO - 发起登录请求
2019-04-25 10:57:42,658 - getRegionList - INFO - 执行查询region操作
2019-04-25 10:57:42,658 - getRegionList - INFO - 执行查询region操作
2019-04-25 10:57:55,010 - getRegionList - INFO - 发起登录请求
2019-04-25 10:57:55,010 - getRegionList - INFO - 发起登录请求
2019-04-25 10:57:55,154 - getRegionList - INFO - 执行查询region操作
2019-04-25 10:57:55,154 - getRegionList - INFO - 执行查询region操作
2019-04-25 10:58:09,903 - getRegionList - INFO - 发起登录请求
2019-04-25 10:58:09,903 - getRegionList - INFO - 发起登录请求
2019-04-25 10:58:09,937 - getRegionList - INFO - 执行查询region操作
2019-04-25 10:58:09,937 - getRegionList - INFO - 执行查询region操作
2019-04-25 10:59:41,195 - getRegionList - INFO - 发起登录请求
2019-04-25 10:59:41,195 - getRegionList - INFO - 发起登录请求
2019-04-25 10:59:41,218 - getRegionList - INFO - 执行查询region操作
2019-04-25 10:59:41,218 - getRegionList - INFO - 执行查询region操作
2019-04-25 10:59:52,872 - getRegionList - INFO - 发起登录请求
2019-04-25 10:59:52,872 - getRegionList - INFO - 发起登录请求
2019-04-25 10:59:52,900 - getRegionList - INFO - 执行查询region操作
2019-04-25 10:59:52,900 - getRegionList - INFO - 执行查询region操作
2019-04-25 10:59:59,439 - getRegionList - INFO - 发起登录请求
2019-04-25 10:59:59,439 - getRegionList - INFO - 发起登录请求
2019-04-25 10:59:59,461 - getRegionList - INFO - 执行查询region操作
2019-04-25 10:59:59,461 - getRegionList - INFO - 执行查询region操作
2019-04-25 11:28:52,707 - question_list - INFO - 发起登录请求
2019-04-25 11:28:52,707 - question_list - INFO - 发起登录请求
2019-04-25 11:28:52,743 - question_list - INFO - 发起问题列表true查询请求
2019-04-25 11:28:52,743 - question_list - INFO - 发起问题列表true查询请求
2019-04-25 11:29:19,544 - getRegionList - INFO - 发起登录请求
2019-04-25 11:29:19,544 - getRegionList - INFO - 发起登录请求
2019-04-25 11:29:19,576 - getRegionList - INFO - 执行查询region操作
2019-04-25 11:29:19,576 - getRegionList - INFO - 执行查询region操作
2019-04-25 11:29:29,412 - sys_login_action - INFO - 发起登录请求
2019-04-25 11:29:35,138 - question_list - INFO - 发起登录请求
2019-04-25 11:29:35,138 - question_list - INFO - 发起登录请求
2019-04-25 11:29:35,163 - question_list - INFO - 发起问题列表true查询请求
2019-04-25 11:29:35,163 - question_list - INFO - 发起问题列表true查询请求
2019-04-25 11:30:04,784 - question_delete - INFO - 发起登录请求
2019-04-25 11:30:04,784 - question_delete - INFO - 发起登录请求
2019-04-25 11:30:04,817 - question_delete - INFO - 执行删除question操作
2019-04-25 11:30:04,817 - question_delete - INFO - 执行删除question操作
2019-04-25 11:30:23,880 - question_list - INFO - 发起登录请求
2019-04-25 11:30:23,880 - question_list - INFO - 发起登录请求
2019-04-25 11:30:23,911 - question_list - INFO - 发起问题列表true查询请求
2019-04-25 11:30:23,911 - question_list - INFO - 发起问题列表true查询请求
2019-04-25 11:48:24,188 - question_list - INFO - 发起登录请求
2019-04-25 11:48:24,188 - question_list - INFO - 发起登录请求
2019-04-25 11:48:24,224 - question_list - INFO - 发起问题列表true查询请求
2019-04-25 11:48:24,224 - question_list - INFO - 发起问题列表true查询请求
2019-04-25 11:50:10,139 - question_list - INFO - 发起登录请求
2019-04-25 11:50:10,139 - question_list - INFO - 发起登录请求
2019-04-25 11:50:10,172 - question_list - INFO - 发起问题列表true查询请求
2019-04-25 11:50:10,172 - question_list - INFO - 发起问题列表true查询请求
2019-04-25 11:50:22,438 - question_list - INFO - 发起登录请求
2019-04-25 11:50:22,438 - question_list - INFO - 发起登录请求
2019-04-25 11:50:22,466 - question_list - INFO - 发起问题列表true查询请求
2019-04-25 11:50:22,466 - question_list - INFO - 发起问题列表true查询请求
2019-04-25 11:55:14,141 - question_list - INFO - 发起登录请求
2019-04-25 11:55:14,141 - question_list - INFO - 发起登录请求
2019-04-25 11:55:14,190 - question_list - INFO - 发起问题列表true查询请求
2019-04-25 11:55:14,190 - question_list - INFO - 发起问题列表true查询请求
2019-04-25 11:55:33,620 - question_list - INFO - 发起登录请求
2019-04-25 11:55:33,620 - question_list - INFO - 发起登录请求
2019-04-25 11:55:33,651 - question_list - INFO - 发起问题列表true查询请求
2019-04-25 11:55:33,651 - question_list - INFO - 发起问题列表true查询请求
2019-04-25 11:57:11,997 - question_list - INFO - 发起登录请求
2019-04-25 11:57:11,997 - question_list - INFO - 发起登录请求
2019-04-25 11:57:12,030 - question_list - INFO - 发起问题列表true查询请求
2019-04-25 11:57:12,030 - question_list - INFO - 发起问题列表true查询请求
2019-04-25 11:57:34,476 - question_list - INFO - 发起登录请求
2019-04-25 11:57:34,476 - question_list - INFO - 发起登录请求
2019-04-25 11:57:34,501 - question_list - INFO - 发起问题列表true查询请求
2019-04-25 11:57:34,501 - question_list - INFO - 发起问题列表true查询请求
2019-04-25 11:57:57,725 - question_list - INFO - 发起登录请求
2019-04-25 11:57:57,725 - question_list - INFO - 发起登录请求
2019-04-25 11:57:57,751 - question_list - INFO - 发起问题列表true查询请求
2019-04-25 11:57:57,751 - question_list - INFO - 发起问题列表true查询请求
2019-04-25 13:45:05,675 - question_list - INFO - 发起登录请求
2019-04-25 13:45:05,675 - question_list - INFO - 发起登录请求
2019-04-25 13:45:05,738 - question_list - INFO - 发起问题列表true查询请求
2019-04-25 13:45:05,738 - question_list - INFO - 发起问题列表true查询请求
2019-04-25 13:52:33,663 - question_list - INFO - 发起登录请求
2019-04-25 13:52:33,663 - question_list - INFO - 发起登录请求
2019-04-25 13:52:33,689 - question_list - INFO - 发起问题列表true查询请求
2019-04-25 13:52:33,689 - question_list - INFO - 发起问题列表true查询请求
2019-04-25 13:53:08,802 - question_list - INFO - 发起登录请求
2019-04-25 13:53:08,802 - question_list - INFO - 发起登录请求
2019-04-25 13:53:08,831 - question_list - INFO - 发起问题列表true查询请求
2019-04-25 13:53:08,831 - question_list - INFO - 发起问题列表true查询请求
2019-04-25 13:53:17,643 - question_list - INFO - 发起登录请求
2019-04-25 13:53:17,643 - question_list - INFO - 发起登录请求
2019-04-25 13:53:17,669 - question_list - INFO - 发起问题列表true查询请求
2019-04-25 13:53:17,669 - question_list - INFO - 发起问题列表true查询请求
2019-04-25 13:53:51,050 - question_list - INFO - 发起登录请求
2019-04-25 13:53:51,050 - question_list - INFO - 发起登录请求
2019-04-25 13:53:51,075 - question_list - INFO - 发起问题列表true查询请求
2019-04-25 13:53:51,075 - question_list - INFO - 发起问题列表true查询请求
2019-04-25 13:54:14,241 - question_list - INFO - 发起登录请求
2019-04-25 13:54:14,241 - question_list - INFO - 发起登录请求
2019-04-25 13:54:14,273 - question_list - INFO - 发起问题列表true查询请求
2019-04-25 13:54:14,273 - question_list - INFO - 发起问题列表true查询请求
2019-04-25 13:54:36,578 - question_list - INFO - 发起登录请求
2019-04-25 13:54:36,578 - question_list - INFO - 发起登录请求
2019-04-25 13:54:36,613 - question_list - INFO - 发起问题列表true查询请求
2019-04-25 13:54:36,613 - question_list - INFO - 发起问题列表true查询请求
2019-04-25 13:55:41,006 - question_list - INFO - 发起登录请求
2019-04-25 13:55:41,006 - question_list - INFO - 发起登录请求
2019-04-25 13:55:41,038 - question_list - INFO - 发起问题列表true查询请求
2019-04-25 13:55:41,038 - question_list - INFO - 发起问题列表true查询请求
2019-04-25 13:56:37,102 - question_list - INFO - 发起登录请求
2019-04-25 13:56:37,102 - question_list - INFO - 发起登录请求
2019-04-25 13:56:37,252 - question_list - INFO - 发起问题列表true查询请求
2019-04-25 13:56:37,252 - question_list - INFO - 发起问题列表true查询请求
2019-04-25 13:57:16,773 - question_list - INFO - 发起登录请求
2019-04-25 13:57:16,773 - question_list - INFO - 发起登录请求
2019-04-25 13:57:16,803 - question_list - INFO - 发起问题列表true查询请求
2019-04-25 13:57:16,803 - question_list - INFO - 发起问题列表true查询请求
2019-04-25 13:58:55,134 - question_list - INFO - 发起登录请求
2019-04-25 13:58:55,134 - question_list - INFO - 发起登录请求
2019-04-25 13:58:55,616 - question_list - INFO - 发起问题列表true查询请求
2019-04-25 13:58:55,616 - question_list - INFO - 发起问题列表true查询请求
2019-04-25 13:59:57,351 - question_list - INFO - 发起登录请求
2019-04-25 13:59:57,351 - question_list - INFO - 发起登录请求
2019-04-25 13:59:57,384 - question_list - INFO - 发起问题列表true查询请求
2019-04-25 13:59:57,384 - question_list - INFO - 发起问题列表true查询请求
2019-04-25 14:37:33,873 - sys_login_action - INFO - 发起登录请求
2019-04-25 15:05:51,356 - getRegionList - INFO - 发起登录请求
2019-04-25 15:05:51,356 - getRegionList - INFO - 发起登录请求
2019-04-25 15:06:07,008 - getRegionList - INFO - 发起登录请求
2019-04-25 15:06:07,008 - getRegionList - INFO - 发起登录请求
2019-04-25 15:06:07,051 - getRegionList - INFO - 执行查询region操作
2019-04-25 15:06:07,051 - getRegionList - INFO - 执行查询region操作
2019-04-25 15:06:17,192 - getRegionList - INFO - 发起登录请求
2019-04-25 15:06:17,192 - getRegionList - INFO - 发起登录请求
2019-04-25 15:06:17,234 - getRegionList - INFO - 执行查询region操作
2019-04-25 15:06:17,234 - getRegionList - INFO - 执行查询region操作
2019-04-25 15:11:07,733 - order_Info - INFO - 发起登录请求
2019-04-25 15:11:07,733 - order_Info - INFO - 发起登录请求
2019-04-25 15:11:07,858 - order_Info - INFO - 执行查询order_info操作
2019-04-25 15:11:07,858 - order_Info - INFO - 执行查询order_info操作
2019-04-25 15:12:10,084 - order_Info - INFO - 发起登录请求
2019-04-25 15:12:10,084 - order_Info - INFO - 发起登录请求
2019-04-25 15:12:10,148 - order_Info - INFO - 执行查询order_info操作
2019-04-25 15:12:10,148 - order_Info - INFO - 执行查询order_info操作
2019-04-25 15:12:28,963 - order_Info - INFO - 发起登录请求
2019-04-25 15:12:28,963 - order_Info - INFO - 发起登录请求
2019-04-25 15:12:28,997 - order_Info - INFO - 执行查询order_info操作
2019-04-25 15:12:28,997 - order_Info - INFO - 执行查询order_info操作
2019-04-25 15:15:24,950 - order_Info - INFO - 发起登录请求
2019-04-25 15:15:24,950 - order_Info - INFO - 发起登录请求
2019-04-25 15:15:25,044 - order_Info - INFO - 执行查询order_info操作
2019-04-25 15:15:25,044 - order_Info - INFO - 执行查询order_info操作
2019-04-25 15:15:42,940 - order_Info - INFO - 发起登录请求
2019-04-25 15:15:42,940 - order_Info - INFO - 发起登录请求
2019-04-25 15:15:42,973 - order_Info - INFO - 执行查询order_info操作
2019-04-25 15:15:42,973 - order_Info - INFO - 执行查询order_info操作
2019-04-25 15:15:52,681 - order_Info - INFO - 发起登录请求
2019-04-25 15:15:52,681 - order_Info - INFO - 发起登录请求
2019-04-25 15:15:52,715 - order_Info - INFO - 执行查询order_info操作
2019-04-25 15:15:52,715 - order_Info - INFO - 执行查询order_info操作
2019-04-25 15:16:09,810 - order_Info - INFO - 发起登录请求
2019-04-25 15:16:09,810 - order_Info - INFO - 发起登录请求
2019-04-25 15:16:09,860 - order_Info - INFO - 执行查询order_info操作
2019-04-25 15:16:09,860 - order_Info - INFO - 执行查询order_info操作
2019-04-25 15:28:55,065 - question_delete - INFO - 发起登录请求
2019-04-25 15:28:55,065 - question_delete - INFO - 发起登录请求
2019-04-25 15:28:55,132 - question_delete - INFO - 执行删除question操作
2019-04-25 15:28:55,132 - question_delete - INFO - 执行删除question操作
2019-04-25 15:30:26,554 - order_Info - INFO - 发起登录请求
2019-04-25 15:30:26,554 - order_Info - INFO - 发起登录请求
2019-04-25 15:30:26,629 - order_Info - INFO - 执行查询order_info操作
2019-04-25 15:30:26,629 - order_Info - INFO - 执行查询order_info操作
2019-04-25 15:30:34,614 - order_Info - INFO - 发起登录请求
2019-04-25 15:30:34,614 - order_Info - INFO - 发起登录请求
2019-04-25 15:30:34,678 - order_Info - INFO - 执行查询order_info操作
2019-04-25 15:30:34,678 - order_Info - INFO - 执行查询order_info操作
2019-04-25 15:30:48,528 - order_Info - INFO - 发起登录请求
2019-04-25 15:30:48,528 - order_Info - INFO - 发起登录请求
2019-04-25 15:30:48,580 - order_Info - INFO - 执行查询order_info操作
2019-04-25 15:30:48,580 - order_Info - INFO - 执行查询order_info操作
2019-04-25 15:31:18,089 - order_Info - INFO - 发起登录请求
2019-04-25 15:31:18,089 - order_Info - INFO - 发起登录请求
2019-04-25 15:31:18,149 - order_Info - INFO - 执行查询order_info操作
2019-04-25 15:31:18,149 - order_Info - INFO - 执行查询order_info操作
2019-04-25 15:46:10,597 - sys_login_action - INFO - 发起登录请求
2019-04-25 15:52:41,776 - order_List - INFO - 发起登录请求
2019-04-25 15:52:41,776 - order_List - INFO - 发起登录请求
2019-04-25 15:52:41,824 - order_List - INFO - 执行查询order_list操作
2019-04-25 15:52:41,824 - order_List - INFO - 执行查询order_list操作
2019-04-25 16:12:31,615 - order_refund - INFO - 发起登录请求
2019-04-25 16:12:31,615 - order_refund - INFO - 发起登录请求
2019-04-25 16:12:31,660 - order_refund - INFO - 执行查询order_refund操作
2019-04-25 16:12:31,660 - order_refund - INFO - 执行查询order_refund操作
2019-04-25 16:13:08,975 - order_refund - INFO - 发起登录请求
2019-04-25 16:13:08,975 - order_refund - INFO - 发起登录请求
2019-04-25 16:13:09,023 - order_refund - INFO - 执行查询order_refund操作
2019-04-25 16:13:09,023 - order_refund - INFO - 执行查询order_refund操作
2019-04-25 16:13:23,586 - order_refund - INFO - 发起登录请求
2019-04-25 16:13:23,586 - order_refund - INFO - 发起登录请求
2019-04-25 16:13:23,610 - order_refund - INFO - 执行查询order_refund操作
2019-04-25 16:13:23,610 - order_refund - INFO - 执行查询order_refund操作
2019-04-25 16:15:08,849 - order_Info - INFO - 发起登录请求
2019-04-25 16:15:08,849 - order_Info - INFO - 发起登录请求
2019-04-25 16:15:08,911 - order_Info - INFO - 执行查询order_info操作
2019-04-25 16:15:08,911 - order_Info - INFO - 执行查询order_info操作
2019-04-25 16:15:49,906 - order_Info - INFO - 发起登录请求
2019-04-25 16:15:49,906 - order_Info - INFO - 发起登录请求
2019-04-25 16:15:49,967 - order_Info - INFO - 执行查询order_info操作
2019-04-25 16:15:49,967 - order_Info - INFO - 执行查询order_info操作
2019-04-25 16:22:25,940 - order_Info - INFO - 发起登录请求
2019-04-25 16:22:25,940 - order_Info - INFO - 发起登录请求
2019-04-25 16:22:26,029 - order_Info - INFO - 执行查询order_info操作
2019-04-25 16:22:26,029 - order_Info - INFO - 执行查询order_info操作
2019-04-25 16:22:58,590 - order_refund - INFO - 发起登录请求
2019-04-25 16:22:58,590 - order_refund - INFO - 发起登录请求
2019-04-25 16:22:58,642 - order_refund - INFO - 执行查询order_refund操作
2019-04-25 16:22:58,642 - order_refund - INFO - 执行查询order_refund操作
2019-04-25 16:30:38,812 - sys_login_action - INFO - 发起登录请求
2019-04-25 16:45:41,220 - order_Info - INFO - 发起登录请求
2019-04-25 16:45:41,220 - order_Info - INFO - 发起登录请求
2019-04-25 16:45:41,275 - order_Info - INFO - 执行查询order_info操作
2019-04-25 16:45:41,275 - order_Info - INFO - 执行查询order_info操作
2019-04-25 16:45:55,773 - sys_login_action - INFO - 发起登录请求
2019-04-25 17:10:21,758 - order_List - INFO - 发起登录请求
2019-04-25 17:10:21,758 - order_List - INFO - 发起登录请求
2019-04-25 17:10:21,823 - order_List - INFO - 执行查询order_list操作
2019-04-25 17:10:21,823 - order_List - INFO - 执行查询order_list操作
2019-04-25 17:11:15,090 - order_List - INFO - 发起登录请求
2019-04-25 17:11:15,090 - order_List - INFO - 发起登录请求
2019-04-25 17:11:15,157 - order_List - INFO - 执行查询order_list操作
2019-04-25 17:11:15,157 - order_List - INFO - 执行查询order_list操作
2019-04-25 17:11:25,522 - order_List - INFO - 发起登录请求
2019-04-25 17:11:25,522 - order_List - INFO - 发起登录请求
2019-04-25 17:11:25,657 - order_List - INFO - 执行查询order_list操作
2019-04-25 17:11:25,657 - order_List - INFO - 执行查询order_list操作
2019-04-25 17:13:17,460 - order_List - INFO - 发起登录请求
2019-04-25 17:13:17,460 - order_List - INFO - 发起登录请求
2019-04-25 17:13:17,531 - order_List - INFO - 执行查询order_list操作
2019-04-25 17:13:17,531 - order_List - INFO - 执行查询order_list操作
2019-04-25 17:13:27,084 - order_List - INFO - 发起登录请求
2019-04-25 17:13:27,084 - order_List - INFO - 发起登录请求
2019-04-25 17:13:27,170 - order_List - INFO - 执行查询order_list操作
2019-04-25 17:13:27,170 - order_List - INFO - 执行查询order_list操作
2019-04-25 17:13:33,634 - order_List - INFO - 发起登录请求
2019-04-25 17:13:33,634 - order_List - INFO - 发起登录请求
2019-04-25 17:13:33,732 - order_List - INFO - 执行查询order_list操作
2019-04-25 17:13:33,732 - order_List - INFO - 执行查询order_list操作
2019-04-25 18:04:28,436 - order_List - INFO - 发起登录请求
2019-04-25 18:04:28,436 - order_List - INFO - 发起登录请求
2019-04-25 18:04:28,539 - order_List - INFO - 执行查询order_list操作
2019-04-25 18:04:28,539 - order_List - INFO - 执行查询order_list操作
2019-04-25 18:08:48,420 - order_List - INFO - 发起登录请求
2019-04-25 18:08:48,420 - order_List - INFO - 发起登录请求
2019-04-25 18:08:48,498 - order_List - INFO - 执行查询order_list操作
2019-04-25 18:08:48,498 - order_List - INFO - 执行查询order_list操作
2019-04-25 18:08:59,019 - order_List - INFO - 发起登录请求
2019-04-25 18:08:59,019 - order_List - INFO - 发起登录请求
2019-04-25 18:08:59,086 - order_List - INFO - 执行查询order_list操作
2019-04-25 18:08:59,086 - order_List - INFO - 执行查询order_list操作
2019-04-25 18:09:32,619 - order_List - INFO - 发起登录请求
2019-04-25 18:09:32,619 - order_List - INFO - 发起登录请求
2019-04-25 18:09:32,702 - order_List - INFO - 执行查询order_list操作
2019-04-25 18:09:32,702 - order_List - INFO - 执行查询order_list操作
2019-04-25 18:10:01,238 - order_List - INFO - 发起登录请求
2019-04-25 18:10:01,238 - order_List - INFO - 发起登录请求
2019-04-25 18:10:01,305 - order_List - INFO - 执行查询order_list操作
2019-04-25 18:10:01,305 - order_List - INFO - 执行查询order_list操作
2019-04-25 18:10:37,665 - order_List - INFO - 发起登录请求
2019-04-25 18:10:37,665 - order_List - INFO - 发起登录请求
2019-04-25 18:10:37,719 - order_List - INFO - 执行查询order_list操作
2019-04-25 18:10:37,719 - order_List - INFO - 执行查询order_list操作
