2019-04-26 09:56:20,279 - order_List - INFO - 发起登录请求
2019-04-26 09:56:20,279 - order_List - INFO - 发起登录请求
2019-04-26 09:56:20,368 - order_List - INFO - 执行查询order_list操作
2019-04-26 09:56:20,368 - order_List - INFO - 执行查询order_list操作
2019-04-26 09:57:41,756 - order_List - INFO - 发起登录请求
2019-04-26 09:57:41,756 - order_List - INFO - 发起登录请求
2019-04-26 09:57:41,852 - order_List - INFO - 执行查询order_list操作
2019-04-26 09:57:41,852 - order_List - INFO - 执行查询order_list操作
2019-04-26 10:05:50,514 - order_List - INFO - 发起登录请求
2019-04-26 10:05:50,514 - order_List - INFO - 发起登录请求
2019-04-26 10:05:50,658 - order_List - INFO - 执行查询order_list操作
2019-04-26 10:05:50,658 - order_List - INFO - 执行查询order_list操作
2019-04-26 10:06:29,440 - order_List - INFO - 发起登录请求
2019-04-26 10:06:29,440 - order_List - INFO - 发起登录请求
2019-04-26 10:06:29,501 - order_List - INFO - 执行查询order_list操作
2019-04-26 10:06:29,501 - order_List - INFO - 执行查询order_list操作
2019-04-26 10:07:18,057 - order_List - INFO - 发起登录请求
2019-04-26 10:07:18,057 - order_List - INFO - 发起登录请求
2019-04-26 10:07:18,111 - order_List - INFO - 执行查询order_list操作
2019-04-26 10:07:18,111 - order_List - INFO - 执行查询order_list操作
2019-04-26 10:07:44,096 - order_List - INFO - 发起登录请求
2019-04-26 10:07:44,096 - order_List - INFO - 发起登录请求
2019-04-26 10:07:44,145 - order_List - INFO - 执行查询order_list操作
2019-04-26 10:07:44,145 - order_List - INFO - 执行查询order_list操作
2019-04-26 10:08:39,444 - order_List - INFO - 发起登录请求
2019-04-26 10:08:39,444 - order_List - INFO - 发起登录请求
2019-04-26 10:08:39,503 - order_List - INFO - 执行查询order_list操作
2019-04-26 10:08:39,503 - order_List - INFO - 执行查询order_list操作
2019-04-26 10:16:02,165 - order_List - INFO - 发起登录请求
2019-04-26 10:16:02,165 - order_List - INFO - 发起登录请求
2019-04-26 10:16:02,248 - order_List - INFO - 执行查询order_list操作
2019-04-26 10:16:02,248 - order_List - INFO - 执行查询order_list操作
2019-04-26 10:17:13,168 - order_List - INFO - 发起登录请求
2019-04-26 10:17:13,168 - order_List - INFO - 发起登录请求
2019-04-26 10:17:13,281 - order_List - INFO - 执行查询order_list操作
2019-04-26 10:17:13,281 - order_List - INFO - 执行查询order_list操作
2019-04-26 10:20:46,887 - order_List - INFO - 发起登录请求
2019-04-26 10:20:46,887 - order_List - INFO - 发起登录请求
2019-04-26 10:20:46,955 - order_List - INFO - 执行查询order_list操作
2019-04-26 10:20:46,955 - order_List - INFO - 执行查询order_list操作
2019-04-26 10:24:28,679 - order_List - INFO - 发起登录请求
2019-04-26 10:24:28,679 - order_List - INFO - 发起登录请求
2019-04-26 10:24:28,766 - order_List - INFO - 执行查询order_list操作
2019-04-26 10:24:28,766 - order_List - INFO - 执行查询order_list操作
2019-04-26 10:26:36,421 - order_List - INFO - 发起登录请求
2019-04-26 10:26:36,421 - order_List - INFO - 发起登录请求
2019-04-26 10:26:36,494 - order_List - INFO - 执行查询order_list操作
2019-04-26 10:26:36,494 - order_List - INFO - 执行查询order_list操作
2019-04-26 10:28:28,613 - order_List - INFO - 发起登录请求
2019-04-26 10:28:28,613 - order_List - INFO - 发起登录请求
2019-04-26 10:28:28,687 - order_List - INFO - 执行查询order_list操作
2019-04-26 10:28:28,687 - order_List - INFO - 执行查询order_list操作
2019-04-26 10:29:05,233 - order_List - INFO - 发起登录请求
2019-04-26 10:29:05,233 - order_List - INFO - 发起登录请求
2019-04-26 10:29:05,291 - order_List - INFO - 执行查询order_list操作
2019-04-26 10:29:05,291 - order_List - INFO - 执行查询order_list操作
2019-04-26 10:30:27,862 - order_List - INFO - 发起登录请求
2019-04-26 10:30:27,862 - order_List - INFO - 发起登录请求
2019-04-26 10:30:27,926 - order_List - INFO - 执行查询order_list操作
2019-04-26 10:30:27,926 - order_List - INFO - 执行查询order_list操作
2019-04-26 10:30:44,072 - order_List - INFO - 发起登录请求
2019-04-26 10:30:44,072 - order_List - INFO - 发起登录请求
2019-04-26 10:30:44,139 - order_List - INFO - 执行查询order_list操作
2019-04-26 10:30:44,139 - order_List - INFO - 执行查询order_list操作
2019-04-26 10:41:05,313 - order_List - INFO - 发起登录请求
2019-04-26 10:41:05,313 - order_List - INFO - 发起登录请求
2019-04-26 10:41:06,249 - order_List - INFO - 执行查询order_list操作
2019-04-26 10:41:06,249 - order_List - INFO - 执行查询order_list操作
2019-04-26 10:41:19,739 - order_List - INFO - 发起登录请求
2019-04-26 10:41:19,739 - order_List - INFO - 发起登录请求
2019-04-26 10:41:19,826 - order_List - INFO - 执行查询order_list操作
2019-04-26 10:41:19,826 - order_List - INFO - 执行查询order_list操作
2019-04-26 10:41:26,881 - order_List - INFO - 发起登录请求
2019-04-26 10:41:26,881 - order_List - INFO - 发起登录请求
2019-04-26 10:41:26,957 - order_List - INFO - 执行查询order_list操作
2019-04-26 10:41:26,957 - order_List - INFO - 执行查询order_list操作
2019-04-26 10:41:39,377 - order_List - INFO - 发起登录请求
2019-04-26 10:41:39,377 - order_List - INFO - 发起登录请求
2019-04-26 10:41:39,458 - order_List - INFO - 执行查询order_list操作
2019-04-26 10:41:39,458 - order_List - INFO - 执行查询order_list操作
2019-04-26 10:44:43,466 - order_List - INFO - 发起登录请求
2019-04-26 10:44:43,466 - order_List - INFO - 发起登录请求
2019-04-26 10:44:43,567 - order_List - INFO - 执行查询order_list操作
2019-04-26 10:44:43,567 - order_List - INFO - 执行查询order_list操作
2019-04-26 10:45:04,110 - order_List - INFO - 发起登录请求
2019-04-26 10:45:04,110 - order_List - INFO - 发起登录请求
2019-04-26 10:45:04,367 - order_List - INFO - 执行查询order_list操作
2019-04-26 10:45:04,367 - order_List - INFO - 执行查询order_list操作
2019-04-26 10:45:45,107 - sys_login_action - INFO - 发起登录请求
2019-04-26 10:50:17,057 - order_List - INFO - 发起登录请求
2019-04-26 10:50:17,057 - order_List - INFO - 发起登录请求
2019-04-26 10:50:17,097 - order_List - INFO - 执行查询order_list操作
2019-04-26 10:50:17,097 - order_List - INFO - 执行查询order_list操作
2019-04-26 10:50:39,402 - order_List - INFO - 发起登录请求
2019-04-26 10:50:39,402 - order_List - INFO - 发起登录请求
2019-04-26 10:50:39,449 - order_List - INFO - 执行查询order_list操作
2019-04-26 10:50:39,449 - order_List - INFO - 执行查询order_list操作
2019-04-26 10:51:08,554 - order_List - INFO - 发起登录请求
2019-04-26 10:51:08,554 - order_List - INFO - 发起登录请求
2019-04-26 10:51:08,588 - order_List - INFO - 执行查询order_list操作
2019-04-26 10:51:08,588 - order_List - INFO - 执行查询order_list操作
2019-04-26 10:51:21,160 - order_List - INFO - 发起登录请求
2019-04-26 10:51:21,160 - order_List - INFO - 发起登录请求
2019-04-26 10:51:21,209 - order_List - INFO - 执行查询order_list操作
2019-04-26 10:51:21,209 - order_List - INFO - 执行查询order_list操作
2019-04-26 10:53:01,589 - order_List - INFO - 发起登录请求
2019-04-26 10:53:01,589 - order_List - INFO - 发起登录请求
2019-04-26 10:53:01,659 - order_List - INFO - 执行查询order_list操作
2019-04-26 10:53:01,659 - order_List - INFO - 执行查询order_list操作
2019-04-26 10:54:01,924 - order_List - INFO - 发起登录请求
2019-04-26 10:54:01,924 - order_List - INFO - 发起登录请求
2019-04-26 10:54:01,971 - order_List - INFO - 执行查询order_list操作
2019-04-26 10:54:01,971 - order_List - INFO - 执行查询order_list操作
2019-04-26 10:54:54,709 - order_List - INFO - 发起登录请求
2019-04-26 10:54:54,709 - order_List - INFO - 发起登录请求
2019-04-26 10:54:54,743 - order_List - INFO - 执行查询order_list操作
2019-04-26 10:54:54,743 - order_List - INFO - 执行查询order_list操作
2019-04-26 10:56:13,260 - order_List - INFO - 发起登录请求
2019-04-26 10:56:13,260 - order_List - INFO - 发起登录请求
2019-04-26 10:56:13,337 - order_List - INFO - 执行查询order_list操作
2019-04-26 10:56:13,337 - order_List - INFO - 执行查询order_list操作
2019-04-26 10:56:22,636 - order_List - INFO - 发起登录请求
2019-04-26 10:56:22,636 - order_List - INFO - 发起登录请求
2019-04-26 10:56:22,680 - order_List - INFO - 执行查询order_list操作
2019-04-26 10:56:22,680 - order_List - INFO - 执行查询order_list操作
2019-04-26 10:57:37,645 - order_List - INFO - 发起登录请求
2019-04-26 10:57:37,645 - order_List - INFO - 发起登录请求
2019-04-26 10:57:37,685 - order_List - INFO - 执行查询order_list操作
2019-04-26 10:57:37,685 - order_List - INFO - 执行查询order_list操作
2019-04-26 11:01:48,576 - order_List - INFO - 发起登录请求
2019-04-26 11:01:48,576 - order_List - INFO - 发起登录请求
2019-04-26 11:01:48,619 - order_List - INFO - 执行查询order_list操作
2019-04-26 11:01:48,619 - order_List - INFO - 执行查询order_list操作
2019-04-26 11:03:18,799 - order_List - INFO - 发起登录请求
2019-04-26 11:03:18,799 - order_List - INFO - 发起登录请求
2019-04-26 11:03:18,840 - order_List - INFO - 执行查询order_list操作
2019-04-26 11:03:18,840 - order_List - INFO - 执行查询order_list操作
2019-04-26 11:03:24,549 - order_List - INFO - 发起登录请求
2019-04-26 11:03:24,549 - order_List - INFO - 发起登录请求
2019-04-26 11:03:24,578 - order_List - INFO - 执行查询order_list操作
2019-04-26 11:03:24,578 - order_List - INFO - 执行查询order_list操作
2019-04-26 11:03:34,523 - order_List - INFO - 发起登录请求
2019-04-26 11:03:34,523 - order_List - INFO - 发起登录请求
2019-04-26 11:03:34,579 - order_List - INFO - 执行查询order_list操作
2019-04-26 11:03:34,579 - order_List - INFO - 执行查询order_list操作
2019-04-26 11:03:43,560 - order_List - INFO - 发起登录请求
2019-04-26 11:03:43,560 - order_List - INFO - 发起登录请求
2019-04-26 11:03:43,609 - order_List - INFO - 执行查询order_list操作
2019-04-26 11:03:43,609 - order_List - INFO - 执行查询order_list操作
2019-04-26 11:03:51,297 - order_List - INFO - 发起登录请求
2019-04-26 11:03:51,297 - order_List - INFO - 发起登录请求
2019-04-26 11:03:51,340 - order_List - INFO - 执行查询order_list操作
2019-04-26 11:03:51,340 - order_List - INFO - 执行查询order_list操作
2019-04-26 11:03:58,768 - order_List - INFO - 发起登录请求
2019-04-26 11:03:58,768 - order_List - INFO - 发起登录请求
2019-04-26 11:03:58,794 - order_List - INFO - 执行查询order_list操作
2019-04-26 11:03:58,794 - order_List - INFO - 执行查询order_list操作
2019-04-26 11:04:07,492 - order_List - INFO - 发起登录请求
2019-04-26 11:04:07,492 - order_List - INFO - 发起登录请求
2019-04-26 11:04:07,540 - order_List - INFO - 执行查询order_list操作
2019-04-26 11:04:07,540 - order_List - INFO - 执行查询order_list操作
2019-04-26 11:04:19,600 - order_List - INFO - 发起登录请求
2019-04-26 11:04:19,600 - order_List - INFO - 发起登录请求
2019-04-26 11:04:19,642 - order_List - INFO - 执行查询order_list操作
2019-04-26 11:04:19,642 - order_List - INFO - 执行查询order_list操作
2019-04-26 11:04:27,864 - order_List - INFO - 发起登录请求
2019-04-26 11:04:27,864 - order_List - INFO - 发起登录请求
2019-04-26 11:04:27,895 - order_List - INFO - 执行查询order_list操作
2019-04-26 11:04:27,895 - order_List - INFO - 执行查询order_list操作
2019-04-26 11:22:41,051 - order_List - INFO - 发起登录请求
2019-04-26 11:22:41,051 - order_List - INFO - 发起登录请求
2019-04-26 11:22:41,098 - order_List - INFO - 执行查询order_list操作
2019-04-26 11:22:41,098 - order_List - INFO - 执行查询order_list操作
2019-04-26 11:22:53,665 - order_List - INFO - 发起登录请求
2019-04-26 11:22:53,665 - order_List - INFO - 发起登录请求
2019-04-26 11:22:53,690 - order_List - INFO - 执行查询order_list操作
2019-04-26 11:22:53,690 - order_List - INFO - 执行查询order_list操作
2019-04-26 11:23:01,663 - order_List - INFO - 发起登录请求
2019-04-26 11:23:01,663 - order_List - INFO - 发起登录请求
2019-04-26 11:23:01,686 - order_List - INFO - 执行查询order_list操作
2019-04-26 11:23:01,686 - order_List - INFO - 执行查询order_list操作
2019-04-26 11:23:10,473 - order_List - INFO - 发起登录请求
2019-04-26 11:23:10,473 - order_List - INFO - 发起登录请求
2019-04-26 11:23:10,499 - order_List - INFO - 执行查询order_list操作
2019-04-26 11:23:10,499 - order_List - INFO - 执行查询order_list操作
2019-04-26 11:23:20,086 - order_List - INFO - 发起登录请求
2019-04-26 11:23:20,086 - order_List - INFO - 发起登录请求
2019-04-26 11:23:20,109 - order_List - INFO - 执行查询order_list操作
2019-04-26 11:23:20,109 - order_List - INFO - 执行查询order_list操作
2019-04-26 11:23:28,803 - order_List - INFO - 发起登录请求
2019-04-26 11:23:28,803 - order_List - INFO - 发起登录请求
2019-04-26 11:23:28,829 - order_List - INFO - 执行查询order_list操作
2019-04-26 11:23:28,829 - order_List - INFO - 执行查询order_list操作
2019-04-26 11:23:36,664 - order_List - INFO - 发起登录请求
2019-04-26 11:23:36,664 - order_List - INFO - 发起登录请求
2019-04-26 11:23:36,705 - order_List - INFO - 执行查询order_list操作
2019-04-26 11:23:36,705 - order_List - INFO - 执行查询order_list操作
2019-04-26 11:23:44,247 - order_List - INFO - 发起登录请求
2019-04-26 11:23:44,247 - order_List - INFO - 发起登录请求
2019-04-26 11:23:44,269 - order_List - INFO - 执行查询order_list操作
2019-04-26 11:23:44,269 - order_List - INFO - 执行查询order_list操作
2019-04-26 11:24:00,739 - order_List - INFO - 发起登录请求
2019-04-26 11:24:00,739 - order_List - INFO - 发起登录请求
2019-04-26 11:24:00,789 - order_List - INFO - 执行查询order_list操作
2019-04-26 11:24:00,789 - order_List - INFO - 执行查询order_list操作
2019-04-26 11:24:03,992 - order_List - INFO - 发起登录请求
2019-04-26 11:24:03,992 - order_List - INFO - 发起登录请求
2019-04-26 11:24:04,017 - order_List - INFO - 执行查询order_list操作
2019-04-26 11:24:04,017 - order_List - INFO - 执行查询order_list操作
2019-04-26 11:24:06,008 - order_List - INFO - 发起登录请求
2019-04-26 11:24:06,008 - order_List - INFO - 发起登录请求
2019-04-26 11:24:06,035 - order_List - INFO - 执行查询order_list操作
2019-04-26 11:24:06,035 - order_List - INFO - 执行查询order_list操作
2019-04-26 11:24:07,659 - order_List - INFO - 发起登录请求
2019-04-26 11:24:07,659 - order_List - INFO - 发起登录请求
2019-04-26 11:24:07,686 - order_List - INFO - 执行查询order_list操作
2019-04-26 11:24:07,686 - order_List - INFO - 执行查询order_list操作
2019-04-26 11:24:09,521 - order_List - INFO - 发起登录请求
2019-04-26 11:24:09,521 - order_List - INFO - 发起登录请求
2019-04-26 11:24:09,566 - order_List - INFO - 执行查询order_list操作
2019-04-26 11:24:09,566 - order_List - INFO - 执行查询order_list操作
2019-04-26 11:24:11,806 - order_List - INFO - 发起登录请求
2019-04-26 11:24:11,806 - order_List - INFO - 发起登录请求
2019-04-26 11:24:11,847 - order_List - INFO - 执行查询order_list操作
2019-04-26 11:24:11,847 - order_List - INFO - 执行查询order_list操作
2019-04-26 11:24:13,934 - order_List - INFO - 发起登录请求
2019-04-26 11:24:13,934 - order_List - INFO - 发起登录请求
2019-04-26 11:24:13,959 - order_List - INFO - 执行查询order_list操作
2019-04-26 11:24:13,959 - order_List - INFO - 执行查询order_list操作
2019-04-26 11:24:15,931 - order_List - INFO - 发起登录请求
2019-04-26 11:24:15,931 - order_List - INFO - 发起登录请求
2019-04-26 11:24:15,968 - order_List - INFO - 执行查询order_list操作
2019-04-26 11:24:15,968 - order_List - INFO - 执行查询order_list操作
2019-04-26 11:24:18,094 - order_List - INFO - 发起登录请求
2019-04-26 11:24:18,094 - order_List - INFO - 发起登录请求
2019-04-26 11:24:18,143 - order_List - INFO - 执行查询order_list操作
2019-04-26 11:24:18,143 - order_List - INFO - 执行查询order_list操作
2019-04-26 11:30:02,954 - order_List - INFO - 发起登录请求
2019-04-26 11:30:02,954 - order_List - INFO - 发起登录请求
2019-04-26 11:30:03,001 - order_List - INFO - 执行查询order_list操作
2019-04-26 11:30:03,001 - order_List - INFO - 执行查询order_list操作
2019-04-26 11:30:17,761 - order_List - INFO - 发起登录请求
2019-04-26 11:30:17,761 - order_List - INFO - 发起登录请求
2019-04-26 11:30:17,791 - order_List - INFO - 执行查询order_list操作
2019-04-26 11:30:17,791 - order_List - INFO - 执行查询order_list操作
2019-04-26 11:30:58,749 - order_List - INFO - 发起登录请求
2019-04-26 11:30:58,749 - order_List - INFO - 发起登录请求
2019-04-26 11:30:58,781 - order_List - INFO - 执行查询order_list操作
2019-04-26 11:30:58,781 - order_List - INFO - 执行查询order_list操作
2019-04-26 11:31:20,127 - order_List - INFO - 发起登录请求
2019-04-26 11:31:20,127 - order_List - INFO - 发起登录请求
2019-04-26 11:31:20,173 - order_List - INFO - 执行查询order_list操作
2019-04-26 11:31:20,173 - order_List - INFO - 执行查询order_list操作
2019-04-26 11:31:35,151 - order_List - INFO - 发起登录请求
2019-04-26 11:31:35,151 - order_List - INFO - 发起登录请求
2019-04-26 11:31:35,179 - order_List - INFO - 执行查询order_list操作
2019-04-26 11:31:35,179 - order_List - INFO - 执行查询order_list操作
2019-04-26 11:32:44,783 - order_List - INFO - 发起登录请求
2019-04-26 11:32:44,783 - order_List - INFO - 发起登录请求
2019-04-26 11:32:44,827 - order_List - INFO - 执行查询order_list操作
2019-04-26 11:32:44,827 - order_List - INFO - 执行查询order_list操作
2019-04-26 11:32:56,848 - order_List - INFO - 发起登录请求
2019-04-26 11:32:56,848 - order_List - INFO - 发起登录请求
2019-04-26 11:32:56,880 - order_List - INFO - 执行查询order_list操作
2019-04-26 11:32:56,880 - order_List - INFO - 执行查询order_list操作
2019-04-26 11:34:34,120 - order_List - INFO - 发起登录请求
2019-04-26 11:34:34,120 - order_List - INFO - 发起登录请求
2019-04-26 11:34:34,180 - order_List - INFO - 执行查询order_list操作
2019-04-26 11:34:34,180 - order_List - INFO - 执行查询order_list操作
2019-04-26 11:34:59,161 - order_List - INFO - 发起登录请求
2019-04-26 11:34:59,161 - order_List - INFO - 发起登录请求
2019-04-26 11:34:59,267 - order_List - INFO - 执行查询order_list操作
2019-04-26 11:34:59,267 - order_List - INFO - 执行查询order_list操作
2019-04-26 11:35:05,270 - order_List - INFO - 发起登录请求
2019-04-26 11:35:05,270 - order_List - INFO - 发起登录请求
2019-04-26 11:35:05,363 - order_List - INFO - 执行查询order_list操作
2019-04-26 11:35:05,363 - order_List - INFO - 执行查询order_list操作
2019-04-26 11:35:13,454 - order_List - INFO - 发起登录请求
2019-04-26 11:35:13,454 - order_List - INFO - 发起登录请求
2019-04-26 11:35:13,540 - order_List - INFO - 执行查询order_list操作
2019-04-26 11:35:13,540 - order_List - INFO - 执行查询order_list操作
2019-04-26 11:36:10,953 - order_List - INFO - 发起登录请求
2019-04-26 11:36:10,953 - order_List - INFO - 发起登录请求
2019-04-26 11:36:10,998 - order_List - INFO - 执行查询order_list操作
2019-04-26 11:36:10,998 - order_List - INFO - 执行查询order_list操作
2019-04-26 11:42:55,724 - order_List - INFO - 发起登录请求
2019-04-26 11:42:55,724 - order_List - INFO - 发起登录请求
2019-04-26 11:42:55,771 - order_List - INFO - 执行查询order_list操作
2019-04-26 11:42:55,771 - order_List - INFO - 执行查询order_list操作
2019-04-26 11:44:40,687 - sys_login_action - INFO - 发起登录请求
2019-04-26 11:54:54,489 - sys_login_action - INFO - 发起登录请求
2019-04-26 11:55:00,676 - order_List - INFO - 发起登录请求
2019-04-26 11:55:00,676 - order_List - INFO - 发起登录请求
2019-04-26 11:55:00,765 - order_List - INFO - 执行查询order_list操作
2019-04-26 11:55:00,765 - order_List - INFO - 执行查询order_list操作
2019-04-26 11:55:11,366 - order_List - INFO - 发起登录请求
2019-04-26 11:55:11,366 - order_List - INFO - 发起登录请求
2019-04-26 11:55:11,438 - order_List - INFO - 执行查询order_list操作
2019-04-26 11:55:11,438 - order_List - INFO - 执行查询order_list操作
2019-04-26 11:55:55,140 - order_List - INFO - 发起登录请求
2019-04-26 11:55:55,140 - order_List - INFO - 发起登录请求
2019-04-26 11:55:55,170 - order_List - INFO - 执行查询order_list操作
2019-04-26 11:55:55,170 - order_List - INFO - 执行查询order_list操作
2019-04-26 11:56:26,185 - order_List - INFO - 发起登录请求
2019-04-26 11:56:26,185 - order_List - INFO - 发起登录请求
2019-04-26 11:56:26,231 - order_List - INFO - 执行查询order_list操作
2019-04-26 11:56:26,231 - order_List - INFO - 执行查询order_list操作
2019-04-26 11:56:50,686 - order_List - INFO - 发起登录请求
2019-04-26 11:56:50,686 - order_List - INFO - 发起登录请求
2019-04-26 11:56:50,716 - order_List - INFO - 执行查询order_list操作
2019-04-26 11:56:50,716 - order_List - INFO - 执行查询order_list操作
2019-04-26 11:57:07,851 - order_List - INFO - 发起登录请求
2019-04-26 11:57:07,851 - order_List - INFO - 发起登录请求
2019-04-26 11:57:07,886 - order_List - INFO - 执行查询order_list操作
2019-04-26 11:57:07,886 - order_List - INFO - 执行查询order_list操作
2019-04-26 11:57:12,440 - order_List - INFO - 发起登录请求
2019-04-26 11:57:12,440 - order_List - INFO - 发起登录请求
2019-04-26 11:57:12,480 - order_List - INFO - 执行查询order_list操作
2019-04-26 11:57:12,480 - order_List - INFO - 执行查询order_list操作
2019-04-26 11:57:16,393 - order_List - INFO - 发起登录请求
2019-04-26 11:57:16,393 - order_List - INFO - 发起登录请求
2019-04-26 11:57:16,420 - order_List - INFO - 执行查询order_list操作
2019-04-26 11:57:16,420 - order_List - INFO - 执行查询order_list操作
2019-04-26 13:42:08,341 - order_List - INFO - 发起登录请求
2019-04-26 13:42:08,341 - order_List - INFO - 发起登录请求
2019-04-26 13:42:08,387 - order_List - INFO - 执行查询order_list操作
2019-04-26 13:42:08,387 - order_List - INFO - 执行查询order_list操作
2019-04-26 13:43:44,722 - order_List - INFO - 发起登录请求
2019-04-26 13:43:44,722 - order_List - INFO - 发起登录请求
2019-04-26 13:43:44,761 - order_List - INFO - 执行查询order_list操作
2019-04-26 13:43:44,761 - order_List - INFO - 执行查询order_list操作
2019-04-26 13:43:53,345 - order_List - INFO - 发起登录请求
2019-04-26 13:43:53,345 - order_List - INFO - 发起登录请求
2019-04-26 13:43:53,375 - order_List - INFO - 执行查询order_list操作
2019-04-26 13:43:53,375 - order_List - INFO - 执行查询order_list操作
2019-04-26 13:44:04,606 - order_List - INFO - 发起登录请求
2019-04-26 13:44:04,606 - order_List - INFO - 发起登录请求
2019-04-26 13:44:04,639 - order_List - INFO - 执行查询order_list操作
2019-04-26 13:44:04,639 - order_List - INFO - 执行查询order_list操作
2019-04-26 13:44:17,545 - order_List - INFO - 发起登录请求
2019-04-26 13:44:17,545 - order_List - INFO - 发起登录请求
2019-04-26 13:44:17,583 - order_List - INFO - 执行查询order_list操作
2019-04-26 13:44:17,583 - order_List - INFO - 执行查询order_list操作
2019-04-26 13:44:41,094 - order_List - INFO - 发起登录请求
2019-04-26 13:44:41,094 - order_List - INFO - 发起登录请求
2019-04-26 13:44:41,125 - order_List - INFO - 执行查询order_list操作
2019-04-26 13:44:41,125 - order_List - INFO - 执行查询order_list操作
2019-04-26 13:46:51,984 - order_refund - INFO - 发起登录请求
2019-04-26 13:46:51,984 - order_refund - INFO - 发起登录请求
2019-04-26 13:46:52,137 - order_refund - INFO - 执行查询order_refund操作
2019-04-26 13:46:52,137 - order_refund - INFO - 执行查询order_refund操作
2019-04-26 13:46:55,926 - order_refund - INFO - 发起登录请求
2019-04-26 13:46:55,926 - order_refund - INFO - 发起登录请求
2019-04-26 13:46:56,087 - order_refund - INFO - 执行查询order_refund操作
2019-04-26 13:46:56,087 - order_refund - INFO - 执行查询order_refund操作
2019-04-26 13:46:59,306 - order_refund - INFO - 发起登录请求
2019-04-26 13:46:59,306 - order_refund - INFO - 发起登录请求
2019-04-26 13:46:59,514 - order_refund - INFO - 执行查询order_refund操作
2019-04-26 13:46:59,514 - order_refund - INFO - 执行查询order_refund操作
2019-04-26 13:47:05,286 - order_refund - INFO - 发起登录请求
2019-04-26 13:47:05,286 - order_refund - INFO - 发起登录请求
2019-04-26 13:47:05,325 - order_refund - INFO - 执行查询order_refund操作
2019-04-26 13:47:05,325 - order_refund - INFO - 执行查询order_refund操作
2019-04-26 13:47:11,297 - order_refund - INFO - 发起登录请求
2019-04-26 13:47:11,297 - order_refund - INFO - 发起登录请求
2019-04-26 13:47:11,337 - order_refund - INFO - 执行查询order_refund操作
2019-04-26 13:47:11,337 - order_refund - INFO - 执行查询order_refund操作
2019-04-26 13:47:17,609 - order_refund - INFO - 发起登录请求
2019-04-26 13:47:17,609 - order_refund - INFO - 发起登录请求
2019-04-26 13:47:17,645 - order_refund - INFO - 执行查询order_refund操作
2019-04-26 13:47:17,645 - order_refund - INFO - 执行查询order_refund操作
2019-04-26 13:47:23,832 - order_refund - INFO - 发起登录请求
2019-04-26 13:47:23,832 - order_refund - INFO - 发起登录请求
2019-04-26 13:47:23,862 - order_refund - INFO - 执行查询order_refund操作
2019-04-26 13:47:23,862 - order_refund - INFO - 执行查询order_refund操作
2019-04-26 13:47:28,574 - order_refund - INFO - 发起登录请求
2019-04-26 13:47:28,574 - order_refund - INFO - 发起登录请求
2019-04-26 13:47:28,600 - order_refund - INFO - 执行查询order_refund操作
2019-04-26 13:47:28,600 - order_refund - INFO - 执行查询order_refund操作
2019-04-26 13:47:34,390 - order_refund - INFO - 发起登录请求
2019-04-26 13:47:34,390 - order_refund - INFO - 发起登录请求
2019-04-26 13:47:34,417 - order_refund - INFO - 执行查询order_refund操作
2019-04-26 13:47:34,417 - order_refund - INFO - 执行查询order_refund操作
2019-04-26 13:47:37,002 - order_refund - INFO - 发起登录请求
2019-04-26 13:47:37,002 - order_refund - INFO - 发起登录请求
2019-04-26 13:47:37,030 - order_refund - INFO - 执行查询order_refund操作
2019-04-26 13:47:37,030 - order_refund - INFO - 执行查询order_refund操作
2019-04-26 13:48:33,102 - order_refund - INFO - 发起登录请求
2019-04-26 13:48:33,102 - order_refund - INFO - 发起登录请求
2019-04-26 13:48:33,131 - order_refund - INFO - 执行查询order_refund操作
2019-04-26 13:48:33,131 - order_refund - INFO - 执行查询order_refund操作
2019-04-26 13:49:23,245 - order_refund - INFO - 发起登录请求
2019-04-26 13:49:23,245 - order_refund - INFO - 发起登录请求
2019-04-26 13:49:23,299 - order_refund - INFO - 执行查询order_refund操作
2019-04-26 13:49:23,299 - order_refund - INFO - 执行查询order_refund操作
2019-04-26 13:51:17,899 - order_refund - INFO - 发起登录请求
2019-04-26 13:51:17,899 - order_refund - INFO - 发起登录请求
2019-04-26 13:51:17,933 - order_refund - INFO - 执行查询order_refund操作
2019-04-26 13:51:17,933 - order_refund - INFO - 执行查询order_refund操作
2019-04-26 13:51:30,187 - order_refund - INFO - 发起登录请求
2019-04-26 13:51:30,187 - order_refund - INFO - 发起登录请求
2019-04-26 13:51:30,222 - order_refund - INFO - 执行查询order_refund操作
2019-04-26 13:51:30,222 - order_refund - INFO - 执行查询order_refund操作
2019-04-26 13:51:34,887 - order_refund - INFO - 发起登录请求
2019-04-26 13:51:34,887 - order_refund - INFO - 发起登录请求
2019-04-26 13:51:34,926 - order_refund - INFO - 执行查询order_refund操作
2019-04-26 13:51:34,926 - order_refund - INFO - 执行查询order_refund操作
2019-04-26 13:52:03,175 - order_refund - INFO - 发起登录请求
2019-04-26 13:52:03,175 - order_refund - INFO - 发起登录请求
2019-04-26 13:52:03,208 - order_refund - INFO - 执行查询order_refund操作
2019-04-26 13:52:03,208 - order_refund - INFO - 执行查询order_refund操作
2019-04-26 13:59:04,218 - sys_login_action - INFO - 发起登录请求
2019-04-26 14:30:17,642 - market_delete - INFO - 发起登录请求
2019-04-26 14:30:17,642 - market_delete - INFO - 发起登录请求
2019-04-26 14:30:18,332 - market_delete - INFO - 执行market_delete操作
2019-04-26 14:30:18,332 - market_delete - INFO - 执行market_delete操作
2019-04-26 14:31:40,452 - market_delete - INFO - 发起登录请求
2019-04-26 14:31:40,452 - market_delete - INFO - 发起登录请求
2019-04-26 14:31:40,548 - market_delete - INFO - 执行market_delete操作
2019-04-26 14:31:40,548 - market_delete - INFO - 执行market_delete操作
2019-04-26 14:42:18,453 - market_insert - INFO - 发起登录请求
2019-04-26 14:42:18,453 - market_insert - INFO - 发起登录请求
2019-04-26 14:42:18,526 - market_insert - INFO - 执行market_delete操作
2019-04-26 14:42:18,526 - market_insert - INFO - 执行market_delete操作
2019-04-26 14:42:50,883 - market_insert - INFO - 发起登录请求
2019-04-26 14:42:50,883 - market_insert - INFO - 发起登录请求
2019-04-26 14:42:50,953 - market_insert - INFO - 执行market_delete操作
2019-04-26 14:42:50,953 - market_insert - INFO - 执行market_delete操作
2019-04-26 14:44:36,190 - market_insert - INFO - 发起登录请求
2019-04-26 14:44:36,190 - market_insert - INFO - 发起登录请求
2019-04-26 14:44:36,247 - market_insert - INFO - 执行market_insert操作
2019-04-26 14:44:36,247 - market_insert - INFO - 执行market_insert操作
2019-04-26 14:49:24,154 - market_insert - INFO - 发起登录请求
2019-04-26 14:49:24,154 - market_insert - INFO - 发起登录请求
2019-04-26 14:49:24,210 - market_insert - INFO - 执行market_insert操作
2019-04-26 14:49:24,210 - market_insert - INFO - 执行market_insert操作
2019-04-26 14:51:42,197 - market_insert - INFO - 发起登录请求
2019-04-26 14:51:42,197 - market_insert - INFO - 发起登录请求
2019-04-26 14:51:42,261 - market_insert - INFO - 执行market_insert操作
2019-04-26 14:51:42,261 - market_insert - INFO - 执行market_insert操作
2019-04-26 15:22:33,079 - market_queryAllinfo - INFO - 发起登录请求
2019-04-26 15:22:33,079 - market_queryAllinfo - INFO - 发起登录请求
2019-04-26 15:22:33,161 - market_queryAllinfo - INFO - 执行market_queryAllInfo操作
2019-04-26 15:22:33,161 - market_queryAllinfo - INFO - 执行market_queryAllInfo操作
2019-04-26 15:22:33,161 - market_queryAllinfo - ERROR - 执行market_queryAllInfo操作报错Failed to parse: 192.168.1.88:8683info
2019-04-26 15:22:33,161 - market_queryAllinfo - ERROR - 执行market_queryAllInfo操作报错Failed to parse: 192.168.1.88:8683info
2019-04-26 15:23:35,884 - market_queryAllinfo - INFO - 发起登录请求
2019-04-26 15:23:35,884 - market_queryAllinfo - INFO - 发起登录请求
2019-04-26 15:23:35,940 - market_queryAllinfo - INFO - 执行market_queryAllInfo操作
2019-04-26 15:23:35,940 - market_queryAllinfo - INFO - 执行market_queryAllInfo操作
2019-04-26 15:23:35,941 - market_queryAllinfo - ERROR - 执行market_queryAllInfo操作报错Failed to parse: 192.168.1.88:8683info
2019-04-26 15:23:35,941 - market_queryAllinfo - ERROR - 执行market_queryAllInfo操作报错Failed to parse: 192.168.1.88:8683info
2019-04-26 15:25:44,463 - market_queryAllinfo - INFO - 发起登录请求
2019-04-26 15:25:44,463 - market_queryAllinfo - INFO - 发起登录请求
2019-04-26 15:25:44,513 - market_queryAllinfo - INFO - 执行market_queryAllInfo操作
2019-04-26 15:25:44,513 - market_queryAllinfo - INFO - 执行market_queryAllInfo操作
2019-04-26 15:25:44,513 - market_queryAllinfo - ERROR - 执行market_queryAllInfo操作报错Failed to parse: 192.168.1.88:8683info
2019-04-26 15:25:44,513 - market_queryAllinfo - ERROR - 执行market_queryAllInfo操作报错Failed to parse: 192.168.1.88:8683info
2019-04-26 15:25:51,498 - market_queryAllinfo - INFO - 发起登录请求
2019-04-26 15:25:51,498 - market_queryAllinfo - INFO - 发起登录请求
2019-04-26 15:25:51,546 - market_queryAllinfo - INFO - 执行market_queryAllInfo操作
2019-04-26 15:25:51,546 - market_queryAllinfo - INFO - 执行market_queryAllInfo操作
2019-04-26 15:26:44,212 - market_insert - INFO - 发起登录请求
2019-04-26 15:26:44,212 - market_insert - INFO - 发起登录请求
2019-04-26 15:26:44,256 - market_insert - INFO - 执行market_insert操作
2019-04-26 15:26:44,256 - market_insert - INFO - 执行market_insert操作
2019-04-26 15:27:15,177 - market_insert - INFO - 发起登录请求
2019-04-26 15:27:15,177 - market_insert - INFO - 发起登录请求
2019-04-26 15:27:15,331 - market_insert - INFO - 执行market_insert操作
2019-04-26 15:27:15,331 - market_insert - INFO - 执行market_insert操作
2019-04-26 15:27:27,004 - market_insert - INFO - 发起登录请求
2019-04-26 15:27:27,004 - market_insert - INFO - 发起登录请求
2019-04-26 15:27:49,684 - sys_login_action - INFO - 发起登录请求
2019-04-26 15:28:03,413 - sys_login_action - INFO - 发起登录请求
2019-04-26 15:28:11,118 - sys_login_action - INFO - 发起登录请求
2019-04-26 15:28:19,744 - sys_login_action - INFO - 发起登录请求
2019-04-26 15:28:25,759 - market_insert - INFO - 发起登录请求
2019-04-26 15:28:25,759 - market_insert - INFO - 发起登录请求
2019-04-26 15:28:25,789 - market_insert - INFO - 执行market_insert操作
2019-04-26 15:28:25,789 - market_insert - INFO - 执行market_insert操作
2019-04-26 15:28:48,584 - market_insert - INFO - 发起登录请求
2019-04-26 15:28:48,584 - market_insert - INFO - 发起登录请求
2019-04-26 15:28:48,777 - market_insert - INFO - 执行market_insert操作
2019-04-26 15:28:48,777 - market_insert - INFO - 执行market_insert操作
2019-04-26 15:29:44,864 - market_insert - INFO - 发起登录请求
2019-04-26 15:29:44,864 - market_insert - INFO - 发起登录请求
2019-04-26 15:29:44,945 - market_insert - INFO - 执行market_insert操作
2019-04-26 15:29:44,945 - market_insert - INFO - 执行market_insert操作
2019-04-26 15:30:03,115 - market_queryAllinfo - INFO - 发起登录请求
2019-04-26 15:30:03,115 - market_queryAllinfo - INFO - 发起登录请求
2019-04-26 15:30:03,178 - market_queryAllinfo - INFO - 执行market_queryAllInfo操作
2019-04-26 15:30:03,178 - market_queryAllinfo - INFO - 执行market_queryAllInfo操作
2019-04-26 15:30:15,461 - market_queryAllinfo - INFO - 发起登录请求
2019-04-26 15:30:15,461 - market_queryAllinfo - INFO - 发起登录请求
2019-04-26 15:30:15,524 - market_queryAllinfo - INFO - 执行market_queryAllInfo操作
2019-04-26 15:30:15,524 - market_queryAllinfo - INFO - 执行market_queryAllInfo操作
2019-04-26 15:31:05,341 - market_queryAllinfo - INFO - 发起登录请求
2019-04-26 15:31:05,341 - market_queryAllinfo - INFO - 发起登录请求
2019-04-26 15:31:05,443 - market_queryAllinfo - INFO - 执行market_queryAllInfo操作
2019-04-26 15:31:05,443 - market_queryAllinfo - INFO - 执行market_queryAllInfo操作
2019-04-26 15:33:00,262 - market_queryAllinfo - INFO - 发起登录请求
2019-04-26 15:33:00,262 - market_queryAllinfo - INFO - 发起登录请求
2019-04-26 15:33:00,311 - market_queryAllinfo - INFO - 执行market_queryAllInfo操作
2019-04-26 15:33:00,311 - market_queryAllinfo - INFO - 执行market_queryAllInfo操作
2019-04-26 15:35:24,781 - market_queryAllinfo - INFO - 发起登录请求
2019-04-26 15:35:24,781 - market_queryAllinfo - INFO - 发起登录请求
2019-04-26 15:35:24,922 - market_queryAllinfo - INFO - 执行market_queryAllInfo操作
2019-04-26 15:35:24,922 - market_queryAllinfo - INFO - 执行market_queryAllInfo操作
2019-04-26 15:35:29,997 - market_queryAllinfo - INFO - 发起登录请求
2019-04-26 15:35:29,997 - market_queryAllinfo - INFO - 发起登录请求
2019-04-26 15:35:30,066 - market_queryAllinfo - INFO - 执行market_queryAllInfo操作
2019-04-26 15:35:30,066 - market_queryAllinfo - INFO - 执行market_queryAllInfo操作
2019-04-26 15:35:34,074 - market_queryAllinfo - INFO - 发起登录请求
2019-04-26 15:35:34,074 - market_queryAllinfo - INFO - 发起登录请求
2019-04-26 15:35:34,152 - market_queryAllinfo - INFO - 执行market_queryAllInfo操作
2019-04-26 15:35:34,152 - market_queryAllinfo - INFO - 执行market_queryAllInfo操作
2019-04-26 15:35:39,931 - market_queryAllinfo - INFO - 发起登录请求
2019-04-26 15:35:39,931 - market_queryAllinfo - INFO - 发起登录请求
2019-04-26 15:35:39,989 - market_queryAllinfo - INFO - 执行market_queryAllInfo操作
2019-04-26 15:35:39,989 - market_queryAllinfo - INFO - 执行market_queryAllInfo操作
2019-04-26 15:47:23,807 - market_info_queryByInfoId_id - INFO - 发起登录请求
2019-04-26 15:47:23,807 - market_info_queryByInfoId_id - INFO - 发起登录请求
2019-04-26 15:47:23,912 - market_info_queryByInfoId_id - INFO - 执行market_queryAllInfo操作
2019-04-26 15:47:23,912 - market_info_queryByInfoId_id - INFO - 执行market_queryAllInfo操作
2019-04-26 15:47:23,912 - market_info_queryByInfoId_id - ERROR - 执行market_queryAllInfo操作报错'market_QueryById' object has no attribute 'url_market_queryallinfo'
2019-04-26 15:47:23,912 - market_info_queryByInfoId_id - ERROR - 执行market_queryAllInfo操作报错'market_QueryById' object has no attribute 'url_market_queryallinfo'
2019-04-26 15:48:03,878 - market_info_queryByInfoId_id - INFO - 发起登录请求
2019-04-26 15:48:03,878 - market_info_queryByInfoId_id - INFO - 发起登录请求
2019-04-26 15:48:03,933 - market_info_queryByInfoId_id - INFO - 执行market_queryAllInfo操作
2019-04-26 15:48:03,933 - market_info_queryByInfoId_id - INFO - 执行market_queryAllInfo操作
2019-04-26 15:49:45,334 - market_insert - INFO - 发起登录请求
2019-04-26 15:49:45,334 - market_insert - INFO - 发起登录请求
2019-04-26 15:49:45,381 - market_insert - INFO - 执行market_insert操作
2019-04-26 15:49:45,381 - market_insert - INFO - 执行market_insert操作
2019-04-26 16:15:25,770 - market_insert - INFO - 发起登录请求
2019-04-26 16:15:25,770 - market_insert - INFO - 发起登录请求
2019-04-26 16:15:25,823 - market_insert - INFO - 执行market_insert操作
2019-04-26 16:15:25,823 - market_insert - INFO - 执行market_insert操作
2019-04-26 16:15:36,488 - market_insert - INFO - 发起登录请求
2019-04-26 16:15:36,488 - market_insert - INFO - 发起登录请求
2019-04-26 16:15:36,532 - market_insert - INFO - 执行market_insert操作
2019-04-26 16:15:36,532 - market_insert - INFO - 执行market_insert操作
2019-04-26 16:18:03,419 - market_insert - INFO - 发起登录请求
2019-04-26 16:18:03,419 - market_insert - INFO - 发起登录请求
2019-04-26 16:18:03,467 - market_insert - INFO - 执行market_insert操作
2019-04-26 16:18:03,467 - market_insert - INFO - 执行market_insert操作
2019-04-26 16:44:00,730 - question_list - INFO - 发起登录请求
2019-04-26 16:44:00,730 - question_list - INFO - 发起登录请求
2019-04-26 16:44:00,842 - question_list - INFO - 发起问题列表true查询请求
2019-04-26 16:44:00,842 - question_list - INFO - 发起问题列表true查询请求
2019-04-26 16:46:36,077 - question_list - INFO - 发起登录请求
2019-04-26 16:46:36,077 - question_list - INFO - 发起登录请求
2019-04-26 16:46:59,498 - question_list - INFO - 发起登录请求
2019-04-26 16:46:59,498 - question_list - INFO - 发起登录请求
2019-04-26 16:47:00,009 - question_list - INFO - 发起问题列表true查询请求
2019-04-26 16:47:00,009 - question_list - INFO - 发起问题列表true查询请求
2019-04-26 17:03:38,301 - question_list - INFO - 发起登录请求
2019-04-26 17:03:38,301 - question_list - INFO - 发起登录请求
2019-04-26 17:03:38,584 - question_list - INFO - 发起问题列表true查询请求
2019-04-26 17:03:38,584 - question_list - INFO - 发起问题列表true查询请求
2019-04-26 17:07:19,245 - question_list - INFO - 发起登录请求
2019-04-26 17:07:19,245 - question_list - INFO - 发起登录请求
2019-04-26 17:07:19,300 - question_list - INFO - 发起问题列表true查询请求
2019-04-26 17:07:19,300 - question_list - INFO - 发起问题列表true查询请求
2019-04-26 17:07:36,555 - question_list - INFO - 发起登录请求
2019-04-26 17:07:36,555 - question_list - INFO - 发起登录请求
2019-04-26 17:07:36,620 - question_list - INFO - 发起问题列表true查询请求
2019-04-26 17:07:36,620 - question_list - INFO - 发起问题列表true查询请求
2019-04-26 17:08:56,495 - question_list - INFO - 发起登录请求
2019-04-26 17:08:56,495 - question_list - INFO - 发起登录请求
2019-04-26 17:08:56,588 - question_list - INFO - 发起问题列表true查询请求
2019-04-26 17:08:56,588 - question_list - INFO - 发起问题列表true查询请求
2019-04-26 17:09:42,097 - question_list - INFO - 发起登录请求
2019-04-26 17:09:42,097 - question_list - INFO - 发起登录请求
2019-04-26 17:09:42,175 - question_list - INFO - 发起问题列表true查询请求
2019-04-26 17:09:42,175 - question_list - INFO - 发起问题列表true查询请求
2019-04-26 17:20:55,586 - order_List - INFO - 发起登录请求
2019-04-26 17:20:55,586 - order_List - INFO - 发起登录请求
2019-04-26 17:21:32,405 - order_List - INFO - 发起登录请求
2019-04-26 17:21:32,405 - order_List - INFO - 发起登录请求
2019-04-26 17:21:39,191 - question_list - INFO - 发起登录请求
2019-04-26 17:21:39,191 - question_list - INFO - 发起登录请求
2019-04-26 17:21:51,102 - order_List - INFO - 发起登录请求
2019-04-26 17:21:51,102 - order_List - INFO - 发起登录请求
2019-04-26 17:22:08,250 - question_list - INFO - 发起登录请求
2019-04-26 17:22:08,250 - question_list - INFO - 发起登录请求
2019-04-26 17:22:08,307 - question_list - INFO - 发起问题列表true查询请求
2019-04-26 17:22:08,307 - question_list - INFO - 发起问题列表true查询请求
2019-04-26 17:22:12,807 - order_List - INFO - 发起登录请求
2019-04-26 17:22:12,807 - order_List - INFO - 发起登录请求
2019-04-26 17:22:12,837 - order_List - INFO - 执行查询order_list操作
2019-04-26 17:22:12,837 - order_List - INFO - 执行查询order_list操作
2019-04-26 17:22:25,328 - sys_login_action - INFO - 发起登录请求
2019-04-26 17:22:32,299 - order_List - INFO - 发起登录请求
2019-04-26 17:22:32,299 - order_List - INFO - 发起登录请求
2019-04-26 17:22:32,361 - order_List - INFO - 执行查询order_list操作
2019-04-26 17:22:32,361 - order_List - INFO - 执行查询order_list操作
2019-04-26 17:25:01,229 - question_list - INFO - 发起登录请求
2019-04-26 17:25:01,229 - question_list - INFO - 发起登录请求
2019-04-26 17:25:01,400 - question_list - INFO - 发起问题列表true查询请求
2019-04-26 17:25:01,400 - question_list - INFO - 发起问题列表true查询请求
2019-04-26 17:25:14,775 - question_list - INFO - 发起登录请求
2019-04-26 17:25:14,775 - question_list - INFO - 发起登录请求
2019-04-26 17:25:14,975 - question_list - INFO - 发起问题列表true查询请求
2019-04-26 17:25:14,975 - question_list - INFO - 发起问题列表true查询请求
2019-04-26 17:26:15,499 - question_list - INFO - 发起登录请求
2019-04-26 17:26:15,499 - question_list - INFO - 发起登录请求
2019-04-26 17:26:15,567 - question_list - INFO - 发起问题列表true查询请求
2019-04-26 17:26:15,567 - question_list - INFO - 发起问题列表true查询请求
2019-04-26 17:27:36,024 - market_insert - INFO - 发起登录请求
2019-04-26 17:27:36,024 - market_insert - INFO - 发起登录请求
2019-04-26 17:27:36,114 - market_insert - INFO - 执行market_insert操作
2019-04-26 17:27:36,114 - market_insert - INFO - 执行market_insert操作
2019-04-26 17:31:54,631 - market_insert - INFO - 发起登录请求
2019-04-26 17:31:54,631 - market_insert - INFO - 发起登录请求
2019-04-26 17:31:54,685 - market_insert - INFO - 执行market_insert操作
2019-04-26 17:31:54,685 - market_insert - INFO - 执行market_insert操作
2019-04-26 17:32:00,500 - question_list - INFO - 发起登录请求
2019-04-26 17:32:00,500 - question_list - INFO - 发起登录请求
2019-04-26 17:32:00,545 - question_list - INFO - 发起问题列表true查询请求
2019-04-26 17:32:00,545 - question_list - INFO - 发起问题列表true查询请求
2019-04-26 17:33:02,067 - question_list - INFO - 发起登录请求
2019-04-26 17:33:02,067 - question_list - INFO - 发起登录请求
2019-04-26 17:33:02,129 - question_list - INFO - 发起问题列表true查询请求
2019-04-26 17:33:02,129 - question_list - INFO - 发起问题列表true查询请求
2019-04-26 17:34:46,895 - question_list - INFO - 发起登录请求
2019-04-26 17:34:46,895 - question_list - INFO - 发起登录请求
2019-04-26 17:34:46,988 - question_list - INFO - 发起问题列表true查询请求
2019-04-26 17:34:46,988 - question_list - INFO - 发起问题列表true查询请求
2019-04-26 17:35:57,870 - question_list - INFO - 发起登录请求
2019-04-26 17:35:57,870 - question_list - INFO - 发起登录请求
2019-04-26 17:35:57,964 - question_list - INFO - 发起问题列表true查询请求
2019-04-26 17:35:57,964 - question_list - INFO - 发起问题列表true查询请求
2019-04-26 17:40:36,751 - question_list - INFO - 发起登录请求
2019-04-26 17:40:36,751 - question_list - INFO - 发起登录请求
2019-04-26 17:40:36,805 - question_list - INFO - 发起问题列表true查询请求
2019-04-26 17:40:36,805 - question_list - INFO - 发起问题列表true查询请求
2019-04-26 17:42:06,028 - question_list - INFO - 发起登录请求
2019-04-26 17:42:06,028 - question_list - INFO - 发起登录请求
2019-04-26 17:42:06,090 - question_list - INFO - 发起问题列表true查询请求
2019-04-26 17:42:06,090 - question_list - INFO - 发起问题列表true查询请求
2019-04-26 17:42:18,346 - question_list - INFO - 发起登录请求
2019-04-26 17:42:18,346 - question_list - INFO - 发起登录请求
2019-04-26 17:42:18,398 - question_list - INFO - 发起问题列表true查询请求
2019-04-26 17:42:18,398 - question_list - INFO - 发起问题列表true查询请求
2019-04-26 17:43:24,180 - question_list - INFO - 发起登录请求
2019-04-26 17:43:24,180 - question_list - INFO - 发起登录请求
2019-04-26 17:43:24,246 - question_list - INFO - 发起问题列表true查询请求
2019-04-26 17:43:24,246 - question_list - INFO - 发起问题列表true查询请求
2019-04-26 17:44:29,372 - question_list - INFO - 发起登录请求
2019-04-26 17:44:29,372 - question_list - INFO - 发起登录请求
2019-04-26 17:44:29,438 - question_list - INFO - 发起问题列表true查询请求
2019-04-26 17:44:29,438 - question_list - INFO - 发起问题列表true查询请求
2019-04-26 17:46:56,662 - question_list - INFO - 发起登录请求
2019-04-26 17:46:56,662 - question_list - INFO - 发起登录请求
2019-04-26 17:46:56,730 - question_list - INFO - 发起问题列表true查询请求
2019-04-26 17:46:56,730 - question_list - INFO - 发起问题列表true查询请求
2019-04-26 17:47:57,668 - question_list - INFO - 发起登录请求
2019-04-26 17:47:57,668 - question_list - INFO - 发起登录请求
2019-04-26 17:47:57,719 - question_list - INFO - 发起问题列表true查询请求
2019-04-26 17:47:57,719 - question_list - INFO - 发起问题列表true查询请求
2019-04-26 17:48:13,935 - question_list - INFO - 发起登录请求
2019-04-26 17:48:13,935 - question_list - INFO - 发起登录请求
2019-04-26 17:48:14,002 - question_list - INFO - 发起问题列表true查询请求
2019-04-26 17:48:14,002 - question_list - INFO - 发起问题列表true查询请求
2019-04-26 17:48:45,872 - question_list - INFO - 发起登录请求
2019-04-26 17:48:45,872 - question_list - INFO - 发起登录请求
2019-04-26 17:48:45,913 - question_list - INFO - 发起问题列表true查询请求
2019-04-26 17:48:45,913 - question_list - INFO - 发起问题列表true查询请求
2019-04-26 17:49:10,812 - question_list - INFO - 发起登录请求
2019-04-26 17:49:10,812 - question_list - INFO - 发起登录请求
2019-04-26 17:49:10,857 - question_list - INFO - 发起问题列表true查询请求
2019-04-26 17:49:10,857 - question_list - INFO - 发起问题列表true查询请求
2019-04-26 17:49:53,486 - question_list - INFO - 发起登录请求
2019-04-26 17:49:53,486 - question_list - INFO - 发起登录请求
2019-04-26 17:49:53,529 - question_list - INFO - 发起问题列表true查询请求
2019-04-26 17:49:53,529 - question_list - INFO - 发起问题列表true查询请求
2019-04-26 17:50:28,130 - question_list - INFO - 发起登录请求
2019-04-26 17:50:28,130 - question_list - INFO - 发起登录请求
2019-04-26 17:50:28,170 - question_list - INFO - 发起问题列表true查询请求
2019-04-26 17:50:28,170 - question_list - INFO - 发起问题列表true查询请求
