2019-04-28 09:01:25,404 - question_list - INFO - 发起登录请求
2019-04-28 09:01:25,404 - question_list - INFO - 发起登录请求
2019-04-28 09:01:26,102 - question_list - INFO - 发起问题列表true查询请求
2019-04-28 09:01:26,102 - question_list - INFO - 发起问题列表true查询请求
2019-04-28 09:01:46,850 - question_list - INFO - 发起登录请求
2019-04-28 09:01:46,850 - question_list - INFO - 发起登录请求
2019-04-28 09:01:46,921 - question_list - INFO - 发起问题列表true查询请求
2019-04-28 09:01:46,921 - question_list - INFO - 发起问题列表true查询请求
2019-04-28 09:03:02,934 - question_list - INFO - 发起登录请求
2019-04-28 09:03:02,934 - question_list - INFO - 发起登录请求
2019-04-28 09:03:03,020 - question_list - INFO - 发起问题列表true查询请求
2019-04-28 09:03:03,020 - question_list - INFO - 发起问题列表true查询请求
2019-04-28 09:04:25,050 - question_list - INFO - 发起登录请求
2019-04-28 09:04:25,050 - question_list - INFO - 发起登录请求
2019-04-28 09:04:25,152 - question_list - INFO - 发起问题列表true查询请求
2019-04-28 09:04:25,152 - question_list - INFO - 发起问题列表true查询请求
2019-04-28 09:04:31,098 - question_list - INFO - 发起登录请求
2019-04-28 09:04:31,098 - question_list - INFO - 发起登录请求
2019-04-28 09:04:31,165 - question_list - INFO - 发起问题列表true查询请求
2019-04-28 09:04:31,165 - question_list - INFO - 发起问题列表true查询请求
2019-04-28 09:06:40,093 - question_list - INFO - 发起登录请求
2019-04-28 09:06:40,093 - question_list - INFO - 发起登录请求
2019-04-28 09:06:40,171 - question_list - INFO - 发起问题列表true查询请求
2019-04-28 09:06:40,171 - question_list - INFO - 发起问题列表true查询请求
2019-04-28 09:06:48,502 - question_list - INFO - 发起登录请求
2019-04-28 09:06:48,502 - question_list - INFO - 发起登录请求
2019-04-28 09:06:48,573 - question_list - INFO - 发起问题列表true查询请求
2019-04-28 09:06:48,573 - question_list - INFO - 发起问题列表true查询请求
2019-04-28 09:06:57,882 - question_list - INFO - 发起登录请求
2019-04-28 09:06:57,882 - question_list - INFO - 发起登录请求
2019-04-28 09:06:57,932 - question_list - INFO - 发起问题列表true查询请求
2019-04-28 09:06:57,932 - question_list - INFO - 发起问题列表true查询请求
2019-04-28 09:08:31,755 - question_list - INFO - 发起登录请求
2019-04-28 09:08:31,755 - question_list - INFO - 发起登录请求
2019-04-28 09:08:31,853 - question_list - INFO - 发起问题列表true查询请求
2019-04-28 09:08:31,853 - question_list - INFO - 发起问题列表true查询请求
2019-04-28 09:09:09,245 - question_list - INFO - 发起登录请求
2019-04-28 09:09:09,245 - question_list - INFO - 发起登录请求
2019-04-28 09:09:09,452 - question_list - INFO - 发起问题列表true查询请求
2019-04-28 09:09:09,452 - question_list - INFO - 发起问题列表true查询请求
2019-04-28 09:10:05,390 - question_list - INFO - 发起登录请求
2019-04-28 09:10:05,390 - question_list - INFO - 发起登录请求
2019-04-28 09:10:05,471 - question_list - INFO - 发起问题列表true查询请求
2019-04-28 09:10:05,471 - question_list - INFO - 发起问题列表true查询请求
2019-04-28 09:10:10,501 - question_list - INFO - 发起登录请求
2019-04-28 09:10:10,501 - question_list - INFO - 发起登录请求
2019-04-28 09:10:10,591 - question_list - INFO - 发起问题列表true查询请求
2019-04-28 09:10:10,591 - question_list - INFO - 发起问题列表true查询请求
2019-04-28 09:11:14,814 - question_list - INFO - 发起登录请求
2019-04-28 09:11:14,814 - question_list - INFO - 发起登录请求
2019-04-28 09:11:14,894 - question_list - INFO - 发起问题列表true查询请求
2019-04-28 09:11:14,894 - question_list - INFO - 发起问题列表true查询请求
2019-04-28 09:13:09,267 - question_list - INFO - 发起登录请求
2019-04-28 09:13:09,267 - question_list - INFO - 发起登录请求
2019-04-28 09:13:09,407 - question_list - INFO - 发起问题列表true查询请求
2019-04-28 09:13:09,407 - question_list - INFO - 发起问题列表true查询请求
2019-04-28 09:13:18,366 - question_list - INFO - 发起登录请求
2019-04-28 09:13:18,366 - question_list - INFO - 发起登录请求
2019-04-28 09:13:18,446 - question_list - INFO - 发起问题列表true查询请求
2019-04-28 09:13:18,446 - question_list - INFO - 发起问题列表true查询请求
2019-04-28 09:20:32,805 - question_list - INFO - 发起登录请求
2019-04-28 09:20:32,805 - question_list - INFO - 发起登录请求
2019-04-28 09:20:32,845 - question_list - INFO - 发起问题列表true查询请求
2019-04-28 09:20:32,845 - question_list - INFO - 发起问题列表true查询请求
2019-04-28 09:20:39,384 - question_list - INFO - 发起登录请求
2019-04-28 09:20:39,384 - question_list - INFO - 发起登录请求
2019-04-28 09:20:39,434 - question_list - INFO - 发起问题列表true查询请求
2019-04-28 09:20:39,434 - question_list - INFO - 发起问题列表true查询请求
2019-04-28 09:20:39,434 - question_list - ERROR - 查询问题列表true请求报错Invalid header name b''
2019-04-28 09:20:39,434 - question_list - ERROR - 查询问题列表true请求报错Invalid header name b''
2019-04-28 09:20:46,404 - question_list - INFO - 发起登录请求
2019-04-28 09:20:46,404 - question_list - INFO - 发起登录请求
2019-04-28 09:20:46,454 - question_list - INFO - 发起问题列表true查询请求
2019-04-28 09:20:46,454 - question_list - INFO - 发起问题列表true查询请求
2019-04-28 09:20:51,204 - question_list - INFO - 发起登录请求
2019-04-28 09:20:51,204 - question_list - INFO - 发起登录请求
2019-04-28 09:20:51,284 - question_list - INFO - 发起问题列表true查询请求
2019-04-28 09:20:51,284 - question_list - INFO - 发起问题列表true查询请求
2019-04-28 09:20:51,284 - question_list - ERROR - 查询问题列表true请求报错Invalid header name b''
2019-04-28 09:20:51,284 - question_list - ERROR - 查询问题列表true请求报错Invalid header name b''
2019-04-28 09:21:17,495 - question_list - INFO - 发起登录请求
2019-04-28 09:21:17,495 - question_list - INFO - 发起登录请求
2019-04-28 09:21:17,625 - question_list - INFO - 发起问题列表true查询请求
2019-04-28 09:21:17,625 - question_list - INFO - 发起问题列表true查询请求
2019-04-28 09:21:22,325 - question_list - INFO - 发起登录请求
2019-04-28 09:21:22,325 - question_list - INFO - 发起登录请求
2019-04-28 09:21:22,415 - question_list - INFO - 发起问题列表true查询请求
2019-04-28 09:21:22,415 - question_list - INFO - 发起问题列表true查询请求
2019-04-28 09:21:26,514 - question_list - INFO - 发起登录请求
2019-04-28 09:21:26,514 - question_list - INFO - 发起登录请求
2019-04-28 09:21:26,584 - question_list - INFO - 发起问题列表true查询请求
2019-04-28 09:21:26,584 - question_list - INFO - 发起问题列表true查询请求
2019-04-28 09:21:31,584 - question_list - INFO - 发起登录请求
2019-04-28 09:21:31,584 - question_list - INFO - 发起登录请求
2019-04-28 09:21:31,634 - question_list - INFO - 发起问题列表true查询请求
2019-04-28 09:21:31,634 - question_list - INFO - 发起问题列表true查询请求
2019-04-28 09:24:48,745 - sys_login_action - INFO - 发起登录请求
2019-04-28 09:25:04,360 - sys_login_action - INFO - 发起登录请求
2019-04-28 09:25:17,676 - sys_login_action - INFO - 发起登录请求
2019-04-28 09:31:02,298 - question_insert - INFO - 发起登录请求
2019-04-28 09:31:02,298 - question_insert - INFO - 发起登录请求
2019-04-28 09:31:02,329 - question_insert - INFO - question插入接口为true请求开始
2019-04-28 09:31:02,329 - question_insert - INFO - question插入接口为true请求开始
2019-04-28 09:31:28,678 - question_insert - INFO - 发起登录请求
2019-04-28 09:31:28,678 - question_insert - INFO - 发起登录请求
2019-04-28 09:31:28,728 - question_insert - INFO - question插入接口为true请求开始
2019-04-28 09:31:28,728 - question_insert - INFO - question插入接口为true请求开始
2019-04-28 09:33:24,957 - question_insert - INFO - 发起登录请求
2019-04-28 09:33:24,957 - question_insert - INFO - 发起登录请求
2019-04-28 09:33:25,017 - question_insert - INFO - question插入接口为true请求开始
2019-04-28 09:33:25,017 - question_insert - INFO - question插入接口为true请求开始
2019-04-28 09:34:24,880 - question_insert - INFO - 发起登录请求
2019-04-28 09:34:24,880 - question_insert - INFO - 发起登录请求
2019-04-28 09:34:24,930 - question_insert - INFO - question插入接口为true请求开始
2019-04-28 09:34:24,930 - question_insert - INFO - question插入接口为true请求开始
2019-04-28 09:39:14,548 - question_insert - INFO - 发起登录请求
2019-04-28 09:39:14,548 - question_insert - INFO - 发起登录请求
2019-04-28 09:39:14,578 - question_insert - INFO - question插入接口为true请求开始
2019-04-28 09:39:14,578 - question_insert - INFO - question插入接口为true请求开始
2019-04-28 09:39:33,958 - question_insert - INFO - 发起登录请求
2019-04-28 09:39:33,958 - question_insert - INFO - 发起登录请求
2019-04-28 09:39:33,988 - question_insert - INFO - question插入接口为true请求开始
2019-04-28 09:39:33,988 - question_insert - INFO - question插入接口为true请求开始
2019-04-28 09:40:08,488 - question_insert - INFO - 发起登录请求
2019-04-28 09:40:08,488 - question_insert - INFO - 发起登录请求
2019-04-28 09:40:08,518 - question_insert - INFO - question插入接口为true请求开始
2019-04-28 09:40:08,518 - question_insert - INFO - question插入接口为true请求开始
2019-04-28 09:40:25,316 - question_insert - INFO - 发起登录请求
2019-04-28 09:40:25,316 - question_insert - INFO - 发起登录请求
2019-04-28 09:40:25,346 - question_insert - INFO - question插入接口为true请求开始
2019-04-28 09:40:25,346 - question_insert - INFO - question插入接口为true请求开始
2019-04-28 09:42:36,070 - question_insert - INFO - 发起登录请求
2019-04-28 09:42:36,070 - question_insert - INFO - 发起登录请求
2019-04-28 09:42:36,100 - question_insert - INFO - question插入接口为true请求开始
2019-04-28 09:42:36,100 - question_insert - INFO - question插入接口为true请求开始
2019-04-28 09:44:16,672 - question_insert - INFO - 发起登录请求
2019-04-28 09:44:16,672 - question_insert - INFO - 发起登录请求
2019-04-28 09:44:16,712 - question_insert - INFO - question插入接口为true请求开始
2019-04-28 09:44:16,712 - question_insert - INFO - question插入接口为true请求开始
2019-04-28 09:44:51,734 - question_insert - INFO - 发起登录请求
2019-04-28 09:44:51,734 - question_insert - INFO - 发起登录请求
2019-04-28 09:44:51,884 - question_insert - INFO - question插入接口为true请求开始
2019-04-28 09:44:51,884 - question_insert - INFO - question插入接口为true请求开始
2019-04-28 09:46:53,327 - question_insert - INFO - 发起登录请求
2019-04-28 09:46:53,327 - question_insert - INFO - 发起登录请求
2019-04-28 09:46:53,397 - question_insert - INFO - question插入接口为true请求开始
2019-04-28 09:46:53,397 - question_insert - INFO - question插入接口为true请求开始
2019-04-28 09:46:53,397 - question_insert - ERROR - question插入接口为true请求报错Invalid header name b''
2019-04-28 09:46:53,397 - question_insert - ERROR - question插入接口为true请求报错Invalid header name b''
2019-04-28 09:47:31,605 - question_insert - INFO - 发起登录请求
2019-04-28 09:47:31,605 - question_insert - INFO - 发起登录请求
2019-04-28 09:47:31,635 - question_insert - INFO - question插入接口为true请求开始
2019-04-28 09:47:31,635 - question_insert - INFO - question插入接口为true请求开始
2019-04-28 09:48:31,106 - question_insert - INFO - 发起登录请求
2019-04-28 09:48:31,106 - question_insert - INFO - 发起登录请求
2019-04-28 09:48:31,136 - question_insert - INFO - question插入接口为true请求开始
2019-04-28 09:48:31,136 - question_insert - INFO - question插入接口为true请求开始
2019-04-28 09:49:35,629 - question_insert - INFO - 发起登录请求
2019-04-28 09:49:35,629 - question_insert - INFO - 发起登录请求
2019-04-28 09:49:35,650 - question_insert - INFO - question插入接口为true请求开始
2019-04-28 09:49:35,650 - question_insert - INFO - question插入接口为true请求开始
2019-04-28 09:50:06,959 - question_insert - INFO - 发起登录请求
2019-04-28 09:50:06,959 - question_insert - INFO - 发起登录请求
2019-04-28 09:50:07,069 - question_insert - INFO - question插入接口为true请求开始
2019-04-28 09:50:07,069 - question_insert - INFO - question插入接口为true请求开始
2019-04-28 09:50:13,740 - question_insert - INFO - 发起登录请求
2019-04-28 09:50:13,740 - question_insert - INFO - 发起登录请求
2019-04-28 09:50:38,072 - question_insert - INFO - 发起登录请求
2019-04-28 09:50:38,072 - question_insert - INFO - 发起登录请求
2019-04-28 09:50:53,567 - question_insert - INFO - 发起登录请求
2019-04-28 09:50:53,567 - question_insert - INFO - 发起登录请求
2019-04-28 09:50:56,397 - question_insert - INFO - question插入接口为true请求开始
2019-04-28 09:50:56,397 - question_insert - INFO - question插入接口为true请求开始
2019-04-28 09:52:04,967 - question_insert - INFO - 发起登录请求
2019-04-28 09:52:04,967 - question_insert - INFO - 发起登录请求
2019-04-28 09:52:05,047 - question_insert - INFO - question插入接口为true请求开始
2019-04-28 09:52:05,047 - question_insert - INFO - question插入接口为true请求开始
2019-04-28 09:52:19,947 - question_insert - INFO - 发起登录请求
2019-04-28 09:52:19,947 - question_insert - INFO - 发起登录请求
2019-04-28 09:52:20,136 - question_insert - INFO - question插入接口为true请求开始
2019-04-28 09:52:20,136 - question_insert - INFO - question插入接口为true请求开始
2019-04-28 09:52:36,568 - question_insert - INFO - 发起登录请求
2019-04-28 09:52:36,568 - question_insert - INFO - 发起登录请求
2019-04-28 09:52:36,628 - question_insert - INFO - question插入接口为true请求开始
2019-04-28 09:52:36,628 - question_insert - INFO - question插入接口为true请求开始
2019-04-28 09:53:21,759 - question_insert - INFO - 发起登录请求
2019-04-28 09:53:21,759 - question_insert - INFO - 发起登录请求
2019-04-28 09:53:21,808 - question_insert - INFO - question插入接口为true请求开始
2019-04-28 09:53:21,808 - question_insert - INFO - question插入接口为true请求开始
2019-04-28 09:54:15,919 - question_insert - INFO - 发起登录请求
2019-04-28 09:54:15,919 - question_insert - INFO - 发起登录请求
2019-04-28 09:54:15,959 - question_insert - INFO - question插入接口为true请求开始
2019-04-28 09:54:15,959 - question_insert - INFO - question插入接口为true请求开始
2019-04-28 09:57:33,557 - question_insert - INFO - 发起登录请求
2019-04-28 09:57:33,557 - question_insert - INFO - 发起登录请求
2019-04-28 09:58:14,436 - question_insert - INFO - 发起登录请求
2019-04-28 09:58:14,436 - question_insert - INFO - 发起登录请求
2019-04-28 09:58:14,646 - question_insert - INFO - question插入接口为true请求开始
2019-04-28 09:58:14,646 - question_insert - INFO - question插入接口为true请求开始
2019-04-28 09:59:52,546 - question_insert - INFO - 发起登录请求
2019-04-28 09:59:52,546 - question_insert - INFO - 发起登录请求
2019-04-28 09:59:52,636 - question_insert - INFO - question插入接口为true请求开始
2019-04-28 09:59:52,636 - question_insert - INFO - question插入接口为true请求开始
2019-04-28 10:00:11,127 - question_insert - INFO - 发起登录请求
2019-04-28 10:00:11,127 - question_insert - INFO - 发起登录请求
2019-04-28 10:00:11,197 - question_insert - INFO - question插入接口为true请求开始
2019-04-28 10:00:11,197 - question_insert - INFO - question插入接口为true请求开始
2019-04-28 10:00:34,107 - question_insert - INFO - 发起登录请求
2019-04-28 10:00:34,107 - question_insert - INFO - 发起登录请求
2019-04-28 10:00:34,187 - question_insert - INFO - question插入接口为true请求开始
2019-04-28 10:00:34,187 - question_insert - INFO - question插入接口为true请求开始
2019-04-28 10:01:33,208 - question_insert - INFO - 发起登录请求
2019-04-28 10:01:33,208 - question_insert - INFO - 发起登录请求
2019-04-28 10:01:33,278 - question_insert - INFO - question插入接口为true请求开始
2019-04-28 10:01:33,278 - question_insert - INFO - question插入接口为true请求开始
2019-04-28 10:03:41,794 - question_insert - INFO - 发起登录请求
2019-04-28 10:03:41,794 - question_insert - INFO - 发起登录请求
2019-04-28 10:03:41,864 - question_insert - INFO - question插入接口为true请求开始
2019-04-28 10:03:41,864 - question_insert - INFO - question插入接口为true请求开始
2019-04-28 10:05:08,452 - question_insert - INFO - 发起登录请求
2019-04-28 10:05:08,452 - question_insert - INFO - 发起登录请求
2019-04-28 10:05:09,324 - question_insert - INFO - question插入接口为true请求开始
2019-04-28 10:05:09,324 - question_insert - INFO - question插入接口为true请求开始
2019-04-28 10:06:50,136 - question_insert - INFO - 发起登录请求
2019-04-28 10:06:50,136 - question_insert - INFO - 发起登录请求
2019-04-28 10:06:50,186 - question_insert - INFO - question插入接口为true请求开始
2019-04-28 10:06:50,186 - question_insert - INFO - question插入接口为true请求开始
2019-04-28 10:07:17,520 - question_insert - INFO - 发起登录请求
2019-04-28 10:07:17,520 - question_insert - INFO - 发起登录请求
2019-04-28 10:07:17,560 - question_insert - INFO - question插入接口为true请求开始
2019-04-28 10:07:17,560 - question_insert - INFO - question插入接口为true请求开始
2019-04-28 10:08:57,449 - question_insert - INFO - 发起登录请求
2019-04-28 10:08:57,449 - question_insert - INFO - 发起登录请求
2019-04-28 10:08:57,499 - question_insert - INFO - question插入接口为true请求开始
2019-04-28 10:08:57,499 - question_insert - INFO - question插入接口为true请求开始
2019-04-28 10:09:36,743 - question_insert - INFO - 发起登录请求
2019-04-28 10:09:36,743 - question_insert - INFO - 发起登录请求
2019-04-28 10:09:36,773 - question_insert - INFO - question插入接口为true请求开始
2019-04-28 10:09:36,773 - question_insert - INFO - question插入接口为true请求开始
2019-04-28 10:09:59,025 - question_insert - INFO - 发起登录请求
2019-04-28 10:09:59,025 - question_insert - INFO - 发起登录请求
2019-04-28 10:09:59,075 - question_insert - INFO - question插入接口为true请求开始
2019-04-28 10:09:59,075 - question_insert - INFO - question插入接口为true请求开始
2019-04-28 10:10:13,517 - question_insert - INFO - 发起登录请求
2019-04-28 10:10:13,517 - question_insert - INFO - 发起登录请求
2019-04-28 10:10:13,587 - question_insert - INFO - question插入接口为true请求开始
2019-04-28 10:10:13,587 - question_insert - INFO - question插入接口为true请求开始
2019-04-28 10:10:26,710 - question_insert - INFO - 发起登录请求
2019-04-28 10:10:26,710 - question_insert - INFO - 发起登录请求
2019-04-28 10:10:26,810 - question_insert - INFO - question插入接口为true请求开始
2019-04-28 10:10:26,810 - question_insert - INFO - question插入接口为true请求开始
2019-04-28 10:10:31,399 - question_insert - INFO - 发起登录请求
2019-04-28 10:10:31,399 - question_insert - INFO - 发起登录请求
2019-04-28 10:10:31,459 - question_insert - INFO - question插入接口为true请求开始
2019-04-28 10:10:31,459 - question_insert - INFO - question插入接口为true请求开始
2019-04-28 10:10:47,239 - question_insert - INFO - 发起登录请求
2019-04-28 10:10:47,239 - question_insert - INFO - 发起登录请求
2019-04-28 10:10:47,279 - question_insert - INFO - question插入接口为true请求开始
2019-04-28 10:10:47,279 - question_insert - INFO - question插入接口为true请求开始
2019-04-28 10:11:06,002 - question_insert - INFO - 发起登录请求
2019-04-28 10:11:06,002 - question_insert - INFO - 发起登录请求
2019-04-28 10:11:06,062 - question_insert - INFO - question插入接口为true请求开始
2019-04-28 10:11:06,062 - question_insert - INFO - question插入接口为true请求开始
2019-04-28 10:11:18,014 - question_insert - INFO - 发起登录请求
2019-04-28 10:11:18,014 - question_insert - INFO - 发起登录请求
2019-04-28 10:11:18,064 - question_insert - INFO - question插入接口为true请求开始
2019-04-28 10:11:18,064 - question_insert - INFO - question插入接口为true请求开始
2019-04-28 10:11:55,835 - question_insert - INFO - 发起登录请求
2019-04-28 10:11:55,835 - question_insert - INFO - 发起登录请求
2019-04-28 10:11:55,935 - question_insert - INFO - question插入接口为true请求开始
2019-04-28 10:11:55,935 - question_insert - INFO - question插入接口为true请求开始
2019-04-28 10:12:11,756 - question_insert - INFO - 发起登录请求
2019-04-28 10:12:11,756 - question_insert - INFO - 发起登录请求
2019-04-28 10:12:11,806 - question_insert - INFO - question插入接口为true请求开始
2019-04-28 10:12:11,806 - question_insert - INFO - question插入接口为true请求开始
2019-04-28 10:12:25,246 - question_insert - INFO - 发起登录请求
2019-04-28 10:12:25,246 - question_insert - INFO - 发起登录请求
2019-04-28 10:12:25,286 - question_insert - INFO - question插入接口为true请求开始
2019-04-28 10:12:25,286 - question_insert - INFO - question插入接口为true请求开始
2019-04-28 10:12:29,956 - question_insert - INFO - 发起登录请求
2019-04-28 10:12:29,956 - question_insert - INFO - 发起登录请求
2019-04-28 10:12:30,006 - question_insert - INFO - question插入接口为true请求开始
2019-04-28 10:12:30,006 - question_insert - INFO - question插入接口为true请求开始
2019-04-28 10:12:34,016 - question_insert - INFO - 发起登录请求
2019-04-28 10:12:34,016 - question_insert - INFO - 发起登录请求
2019-04-28 10:12:34,056 - question_insert - INFO - question插入接口为true请求开始
2019-04-28 10:12:34,056 - question_insert - INFO - question插入接口为true请求开始
2019-04-28 10:12:38,136 - question_insert - INFO - 发起登录请求
2019-04-28 10:12:38,136 - question_insert - INFO - 发起登录请求
2019-04-28 10:12:38,226 - question_insert - INFO - question插入接口为true请求开始
2019-04-28 10:12:38,226 - question_insert - INFO - question插入接口为true请求开始
2019-04-28 10:12:48,567 - question_insert - INFO - 发起登录请求
2019-04-28 10:12:48,567 - question_insert - INFO - 发起登录请求
2019-04-28 10:12:48,617 - question_insert - INFO - question插入接口为true请求开始
2019-04-28 10:12:48,617 - question_insert - INFO - question插入接口为true请求开始
2019-04-28 10:12:55,876 - question_insert - INFO - 发起登录请求
2019-04-28 10:12:55,876 - question_insert - INFO - 发起登录请求
2019-04-28 10:12:55,906 - question_insert - INFO - question插入接口为true请求开始
2019-04-28 10:12:55,906 - question_insert - INFO - question插入接口为true请求开始
2019-04-28 10:12:59,108 - question_insert - INFO - 发起登录请求
2019-04-28 10:12:59,108 - question_insert - INFO - 发起登录请求
2019-04-28 10:12:59,158 - question_insert - INFO - question插入接口为true请求开始
2019-04-28 10:12:59,158 - question_insert - INFO - question插入接口为true请求开始
2019-04-28 10:13:46,346 - question_insert - INFO - 发起登录请求
2019-04-28 10:13:46,346 - question_insert - INFO - 发起登录请求
2019-04-28 10:13:46,406 - question_insert - INFO - question插入接口为true请求开始
2019-04-28 10:13:46,406 - question_insert - INFO - question插入接口为true请求开始
2019-04-28 10:14:30,871 - question_insert - INFO - 发起登录请求
2019-04-28 10:14:30,871 - question_insert - INFO - 发起登录请求
2019-04-28 10:14:30,911 - question_insert - INFO - question插入接口为true请求开始
2019-04-28 10:14:30,911 - question_insert - INFO - question插入接口为true请求开始
2019-04-28 10:15:38,747 - question_delete - INFO - 发起登录请求
2019-04-28 10:15:38,747 - question_delete - INFO - 发起登录请求
2019-04-28 10:15:38,797 - question_delete - INFO - 执行删除question操作
2019-04-28 10:15:38,797 - question_delete - INFO - 执行删除question操作
2019-04-28 10:18:09,897 - question_delete - INFO - 发起登录请求
2019-04-28 10:18:09,897 - question_delete - INFO - 发起登录请求
2019-04-28 10:18:09,927 - question_delete - INFO - 执行删除question操作
2019-04-28 10:18:09,927 - question_delete - INFO - 执行删除question操作
2019-04-28 10:18:33,600 - question_delete - INFO - 发起登录请求
2019-04-28 10:18:33,600 - question_delete - INFO - 发起登录请求
2019-04-28 10:18:33,640 - question_delete - INFO - 执行删除question操作
2019-04-28 10:18:33,640 - question_delete - INFO - 执行删除question操作
2019-04-28 10:18:53,662 - sys_login_action - INFO - 发起登录请求
2019-04-28 10:19:45,822 - question_delete - INFO - 发起登录请求
2019-04-28 10:19:45,822 - question_delete - INFO - 发起登录请求
2019-04-28 10:19:45,852 - question_delete - INFO - 执行删除question操作
2019-04-28 10:19:45,852 - question_delete - INFO - 执行删除question操作
2019-04-28 10:21:46,059 - question_delete - INFO - 发起登录请求
2019-04-28 10:21:46,059 - question_delete - INFO - 发起登录请求
2019-04-28 10:21:46,099 - question_delete - INFO - 执行删除question操作
2019-04-28 10:21:46,099 - question_delete - INFO - 执行删除question操作
2019-04-28 10:22:08,331 - question_delete - INFO - 发起登录请求
2019-04-28 10:22:08,331 - question_delete - INFO - 发起登录请求
2019-04-28 10:22:08,361 - question_delete - INFO - 执行删除question操作
2019-04-28 10:22:08,361 - question_delete - INFO - 执行删除question操作
2019-04-28 10:26:00,672 - question_delete - INFO - 发起登录请求
2019-04-28 10:26:00,672 - question_delete - INFO - 发起登录请求
2019-04-28 10:26:00,719 - question_delete - INFO - 执行删除question操作
2019-04-28 10:26:00,719 - question_delete - INFO - 执行删除question操作
2019-04-28 10:26:06,332 - question_delete - INFO - 发起登录请求
2019-04-28 10:26:06,332 - question_delete - INFO - 发起登录请求
2019-04-28 10:26:06,380 - question_delete - INFO - 执行删除question操作
2019-04-28 10:26:06,380 - question_delete - INFO - 执行删除question操作
2019-04-28 10:26:18,797 - question_delete - INFO - 发起登录请求
2019-04-28 10:26:18,797 - question_delete - INFO - 发起登录请求
2019-04-28 10:26:18,851 - question_delete - INFO - 执行删除question操作
2019-04-28 10:26:18,851 - question_delete - INFO - 执行删除question操作
2019-04-28 10:28:15,154 - question_delete - INFO - 发起登录请求
2019-04-28 10:28:15,154 - question_delete - INFO - 发起登录请求
2019-04-28 10:28:15,189 - question_delete - INFO - 执行删除question操作
2019-04-28 10:28:15,189 - question_delete - INFO - 执行删除question操作
2019-04-28 10:28:30,831 - question_delete - INFO - 发起登录请求
2019-04-28 10:28:30,831 - question_delete - INFO - 发起登录请求
2019-04-28 10:28:31,837 - question_delete - ERROR - 登录成功请求报错：HTTPConnectionPool(host='192.168.1.88', port=8683): Max retries exceeded with url: /sys/login (Caused by NewConnectionError('<urllib3.connection.HTTPConnection object at 0x000001D547009390>: Failed to establish a new connection: [WinError 10061] 由于目标计算机积极拒绝，无法连接。'))
2019-04-28 10:28:31,837 - question_delete - ERROR - 登录成功请求报错：HTTPConnectionPool(host='192.168.1.88', port=8683): Max retries exceeded with url: /sys/login (Caused by NewConnectionError('<urllib3.connection.HTTPConnection object at 0x000001D547009390>: Failed to establish a new connection: [WinError 10061] 由于目标计算机积极拒绝，无法连接。'))
2019-04-28 10:29:00,774 - question_delete - INFO - 发起登录请求
2019-04-28 10:29:00,774 - question_delete - INFO - 发起登录请求
2019-04-28 10:29:00,977 - question_delete - INFO - 执行删除question操作
2019-04-28 10:29:00,977 - question_delete - INFO - 执行删除question操作
2019-04-28 10:38:35,815 - sys_login_action - INFO - 发起登录请求
2019-04-28 11:03:21,895 - order_List - INFO - 发起登录请求
2019-04-28 11:03:21,895 - order_List - INFO - 发起登录请求
2019-04-28 11:03:22,000 - order_List - INFO - 执行查询order_list操作
2019-04-28 11:03:22,000 - order_List - INFO - 执行查询order_list操作
2019-04-28 11:06:32,164 - order_List - INFO - 发起登录请求
2019-04-28 11:06:32,164 - order_List - INFO - 发起登录请求
2019-04-28 11:06:33,333 - order_List - INFO - 执行查询order_list操作
2019-04-28 11:06:33,333 - order_List - INFO - 执行查询order_list操作
2019-04-28 11:06:41,030 - order_List - INFO - 发起登录请求
2019-04-28 11:06:41,030 - order_List - INFO - 发起登录请求
2019-04-28 11:06:41,090 - order_List - INFO - 执行查询order_list操作
2019-04-28 11:06:41,090 - order_List - INFO - 执行查询order_list操作
2019-04-28 11:18:06,616 - market_delete - INFO - 发起登录请求
2019-04-28 11:18:06,616 - market_delete - INFO - 发起登录请求
2019-04-28 11:18:06,709 - market_delete - INFO - 执行market_delete操作
2019-04-28 11:18:06,709 - market_delete - INFO - 执行market_delete操作
2019-04-28 11:19:19,037 - market_delete - INFO - 发起登录请求
2019-04-28 11:19:19,037 - market_delete - INFO - 发起登录请求
2019-04-28 11:19:19,109 - market_delete - INFO - 执行market_delete操作
2019-04-28 11:19:19,109 - market_delete - INFO - 执行market_delete操作
2019-04-28 11:25:26,456 - market_info_queryByInfoId_id - INFO - 发起登录请求
2019-04-28 11:25:26,456 - market_info_queryByInfoId_id - INFO - 发起登录请求
2019-04-28 11:25:26,542 - market_info_queryByInfoId_id - INFO - 执行market_queryAllInfo操作
2019-04-28 11:25:26,542 - market_info_queryByInfoId_id - INFO - 执行market_queryAllInfo操作
2019-04-28 11:29:40,078 - market_info_queryByInfoId_id - INFO - 发起登录请求
2019-04-28 11:29:40,078 - market_info_queryByInfoId_id - INFO - 发起登录请求
2019-04-28 11:29:40,157 - market_info_queryByInfoId_id - INFO - 执行market_queryAllInfo操作
2019-04-28 11:29:40,157 - market_info_queryByInfoId_id - INFO - 执行market_queryAllInfo操作
2019-04-28 11:29:46,898 - market_info_queryByInfoId_id - INFO - 发起登录请求
2019-04-28 11:29:46,898 - market_info_queryByInfoId_id - INFO - 发起登录请求
2019-04-28 11:29:46,957 - market_info_queryByInfoId_id - INFO - 执行market_queryAllInfo操作
2019-04-28 11:29:46,957 - market_info_queryByInfoId_id - INFO - 执行market_queryAllInfo操作
2019-04-28 11:32:28,167 - market_info_queryByInfoId_id - INFO - 发起登录请求
2019-04-28 11:32:28,167 - market_info_queryByInfoId_id - INFO - 发起登录请求
2019-04-28 11:32:28,247 - market_info_queryByInfoId_id - INFO - 执行market_queryAllInfo操作
2019-04-28 11:32:28,247 - market_info_queryByInfoId_id - INFO - 执行market_queryAllInfo操作
2019-04-28 11:33:12,258 - market_info_queryByInfoId_id - INFO - 发起登录请求
2019-04-28 11:33:12,258 - market_info_queryByInfoId_id - INFO - 发起登录请求
2019-04-28 11:33:12,300 - market_info_queryByInfoId_id - INFO - 执行market_queryAllInfo操作
2019-04-28 11:33:12,300 - market_info_queryByInfoId_id - INFO - 执行market_queryAllInfo操作
2019-04-28 11:50:39,687 - market_queryAllinfo - INFO - 发起登录请求
2019-04-28 11:50:39,687 - market_queryAllinfo - INFO - 发起登录请求
2019-04-28 11:50:39,732 - market_queryAllinfo - INFO - 执行market_queryAllInfo操作
2019-04-28 11:50:39,732 - market_queryAllinfo - INFO - 执行market_queryAllInfo操作
2019-04-28 11:50:50,380 - market_queryAllinfo - INFO - 发起登录请求
2019-04-28 11:50:50,380 - market_queryAllinfo - INFO - 发起登录请求
2019-04-28 11:50:50,412 - market_queryAllinfo - INFO - 执行market_queryAllInfo操作
2019-04-28 11:50:50,412 - market_queryAllinfo - INFO - 执行market_queryAllInfo操作
2019-04-28 11:58:33,806 - market_insert - INFO - 发起登录请求
2019-04-28 11:58:33,806 - market_insert - INFO - 发起登录请求
2019-04-28 11:58:33,841 - market_insert - INFO - 执行market_insert操作
2019-04-28 11:58:33,841 - market_insert - INFO - 执行market_insert操作
2019-04-28 11:59:12,917 - market_insert - INFO - 发起登录请求
2019-04-28 11:59:12,917 - market_insert - INFO - 发起登录请求
2019-04-28 11:59:12,951 - market_insert - INFO - 执行market_insert操作
2019-04-28 11:59:12,951 - market_insert - INFO - 执行market_insert操作
2019-04-28 11:59:52,536 - market_insert - INFO - 发起登录请求
2019-04-28 11:59:52,536 - market_insert - INFO - 发起登录请求
2019-04-28 11:59:52,592 - market_insert - INFO - 执行market_insert操作
2019-04-28 11:59:52,592 - market_insert - INFO - 执行market_insert操作
2019-04-28 12:00:55,277 - market_insert - INFO - 发起登录请求
2019-04-28 12:00:55,277 - market_insert - INFO - 发起登录请求
2019-04-28 12:00:55,341 - market_insert - INFO - 执行market_insert操作
2019-04-28 12:00:55,341 - market_insert - INFO - 执行market_insert操作
2019-04-28 12:02:02,256 - market_insert - INFO - 发起登录请求
2019-04-28 12:02:02,256 - market_insert - INFO - 发起登录请求
2019-04-28 12:02:02,283 - market_insert - INFO - 执行market_insert操作
2019-04-28 12:02:02,283 - market_insert - INFO - 执行market_insert操作
2019-04-28 12:02:17,888 - market_insert - INFO - 发起登录请求
2019-04-28 12:02:17,888 - market_insert - INFO - 发起登录请求
2019-04-28 12:02:17,918 - market_insert - INFO - 执行market_insert操作
2019-04-28 12:02:17,918 - market_insert - INFO - 执行market_insert操作
2019-04-28 12:02:35,561 - market_insert - INFO - 发起登录请求
2019-04-28 12:02:35,561 - market_insert - INFO - 发起登录请求
2019-04-28 12:02:35,617 - market_insert - INFO - 执行market_insert操作
2019-04-28 12:02:35,617 - market_insert - INFO - 执行market_insert操作
2019-04-28 14:30:58,663 - market_delete - INFO - 发起登录请求
2019-04-28 14:30:58,663 - market_delete - INFO - 发起登录请求
2019-04-28 14:30:58,690 - market_delete - INFO - 执行market_delete操作
2019-04-28 14:30:58,690 - market_delete - INFO - 执行market_delete操作
2019-04-28 14:31:44,315 - market_delete - INFO - 发起登录请求
2019-04-28 14:31:44,315 - market_delete - INFO - 发起登录请求
2019-04-28 14:31:44,410 - market_delete - INFO - 执行market_delete操作
2019-04-28 14:31:44,410 - market_delete - INFO - 执行market_delete操作
2019-04-28 14:33:34,472 - market_delete - INFO - 发起登录请求
2019-04-28 14:33:34,472 - market_delete - INFO - 发起登录请求
2019-04-28 14:33:34,502 - market_delete - INFO - 执行market_delete操作
2019-04-28 14:33:34,502 - market_delete - INFO - 执行market_delete操作
2019-04-28 14:34:32,832 - market_delete - INFO - 发起登录请求
2019-04-28 14:34:32,832 - market_delete - INFO - 发起登录请求
2019-04-28 14:34:32,974 - market_delete - INFO - 执行market_delete操作
2019-04-28 14:34:32,974 - market_delete - INFO - 执行market_delete操作
2019-04-28 14:35:27,385 - market_delete - INFO - 发起登录请求
2019-04-28 14:35:27,385 - market_delete - INFO - 发起登录请求
2019-04-28 14:35:27,474 - market_delete - INFO - 执行market_delete操作
2019-04-28 14:35:27,474 - market_delete - INFO - 执行market_delete操作
2019-04-28 14:39:55,481 - market_delete - INFO - 发起登录请求
2019-04-28 14:39:55,481 - market_delete - INFO - 发起登录请求
2019-04-28 14:39:55,575 - market_delete - INFO - 执行market_delete操作
2019-04-28 14:39:55,575 - market_delete - INFO - 执行market_delete操作
2019-04-28 14:40:15,559 - market_delete - INFO - 发起登录请求
2019-04-28 14:40:15,559 - market_delete - INFO - 发起登录请求
2019-04-28 14:40:15,606 - market_delete - INFO - 执行market_delete操作
2019-04-28 14:40:15,606 - market_delete - INFO - 执行market_delete操作
2019-04-28 14:40:15,710 - market_delete - INFO - 发起登录请求
2019-04-28 14:40:15,710 - market_delete - INFO - 发起登录请求
2019-04-28 14:40:15,742 - market_delete - INFO - 执行market_delete操作
2019-04-28 14:40:15,742 - market_delete - INFO - 执行market_delete操作
2019-04-28 14:41:16,930 - market_delete - INFO - 发起登录请求
2019-04-28 14:41:16,930 - market_delete - INFO - 发起登录请求
2019-04-28 14:41:17,559 - market_delete - INFO - 执行market_delete操作
2019-04-28 14:41:17,559 - market_delete - INFO - 执行market_delete操作
2019-04-28 14:41:31,052 - market_delete - INFO - 发起登录请求
2019-04-28 14:41:31,052 - market_delete - INFO - 发起登录请求
2019-04-28 14:41:31,523 - market_delete - INFO - 执行market_delete操作
2019-04-28 14:41:31,523 - market_delete - INFO - 执行market_delete操作
2019-04-28 14:42:21,560 - market_delete - INFO - 发起登录请求
2019-04-28 14:42:21,560 - market_delete - INFO - 发起登录请求
2019-04-28 14:42:21,717 - market_delete - INFO - 执行market_delete操作
2019-04-28 14:42:21,717 - market_delete - INFO - 执行market_delete操作
2019-04-28 14:42:47,462 - market_delete - INFO - 发起登录请求
2019-04-28 14:42:47,462 - market_delete - INFO - 发起登录请求
2019-04-28 14:42:47,610 - market_delete - INFO - 执行market_delete操作
2019-04-28 14:42:47,610 - market_delete - INFO - 执行market_delete操作
2019-04-28 14:42:47,611 - market_delete - ERROR - 执行market_delete操作报错Invalid header name b''
2019-04-28 14:42:47,611 - market_delete - ERROR - 执行market_delete操作报错Invalid header name b''
2019-04-28 14:42:51,967 - market_delete - INFO - 发起登录请求
2019-04-28 14:42:51,967 - market_delete - INFO - 发起登录请求
2019-04-28 14:42:52,056 - market_delete - INFO - 执行market_delete操作
2019-04-28 14:42:52,056 - market_delete - INFO - 执行market_delete操作
2019-04-28 14:42:57,691 - market_delete - INFO - 发起登录请求
2019-04-28 14:42:57,691 - market_delete - INFO - 发起登录请求
2019-04-28 14:42:57,826 - market_delete - INFO - 执行market_delete操作
2019-04-28 14:42:57,826 - market_delete - INFO - 执行market_delete操作
2019-04-28 14:43:03,137 - market_delete - INFO - 发起登录请求
2019-04-28 14:43:03,137 - market_delete - INFO - 发起登录请求
2019-04-28 14:43:03,215 - market_delete - INFO - 执行market_delete操作
2019-04-28 14:43:03,215 - market_delete - INFO - 执行market_delete操作
2019-04-28 14:43:03,217 - market_delete - ERROR - 执行market_delete操作报错Invalid header name b''
2019-04-28 14:43:03,217 - market_delete - ERROR - 执行market_delete操作报错Invalid header name b''
2019-04-28 14:45:14,659 - sys_login_action - INFO - 发起登录请求
2019-04-28 14:45:59,936 - sys_login_action - INFO - 发起登录请求
2019-04-28 14:53:47,178 - market_queryAllinfo - INFO - 发起登录请求
2019-04-28 14:53:47,178 - market_queryAllinfo - INFO - 发起登录请求
2019-04-28 14:53:47,208 - market_queryAllinfo - INFO - 执行market_queryAllInfo操作
2019-04-28 14:53:47,208 - market_queryAllinfo - INFO - 执行market_queryAllInfo操作
2019-04-28 14:58:05,897 - market_queryAllinfo - INFO - 发起登录请求
2019-04-28 14:58:05,897 - market_queryAllinfo - INFO - 发起登录请求
2019-04-28 14:58:05,959 - market_queryAllinfo - INFO - 执行market_queryAllInfo操作
2019-04-28 14:58:05,959 - market_queryAllinfo - INFO - 执行market_queryAllInfo操作
2019-04-28 14:58:50,254 - market_queryAllinfo - INFO - 发起登录请求
2019-04-28 14:58:50,254 - market_queryAllinfo - INFO - 发起登录请求
2019-04-28 14:58:50,290 - market_queryAllinfo - INFO - 执行market_queryAllInfo操作
2019-04-28 14:58:50,290 - market_queryAllinfo - INFO - 执行market_queryAllInfo操作
2019-04-28 15:00:14,322 - market_queryAllinfo - INFO - 发起登录请求
2019-04-28 15:00:14,322 - market_queryAllinfo - INFO - 发起登录请求
2019-04-28 15:00:14,362 - market_queryAllinfo - INFO - 执行market_queryAllInfo操作
2019-04-28 15:00:14,362 - market_queryAllinfo - INFO - 执行market_queryAllInfo操作
2019-04-28 15:00:43,285 - market_queryAllinfo - INFO - 发起登录请求
2019-04-28 15:00:43,285 - market_queryAllinfo - INFO - 发起登录请求
2019-04-28 15:00:43,326 - market_queryAllinfo - INFO - 执行market_queryAllInfo操作
2019-04-28 15:00:43,326 - market_queryAllinfo - INFO - 执行market_queryAllInfo操作
2019-04-28 15:10:41,440 - market_queryAllinfo - INFO - 发起登录请求
2019-04-28 15:10:41,440 - market_queryAllinfo - INFO - 发起登录请求
2019-04-28 15:10:41,549 - market_queryAllinfo - INFO - 执行market_queryAllInfo操作
2019-04-28 15:10:41,549 - market_queryAllinfo - INFO - 执行market_queryAllInfo操作
2019-04-28 15:11:30,773 - market_queryAllinfo - INFO - 发起登录请求
2019-04-28 15:11:30,773 - market_queryAllinfo - INFO - 发起登录请求
2019-04-28 15:11:30,804 - market_queryAllinfo - INFO - 执行market_queryAllInfo操作
2019-04-28 15:11:30,804 - market_queryAllinfo - INFO - 执行market_queryAllInfo操作
2019-04-28 15:11:55,570 - market_queryAllinfo - INFO - 发起登录请求
2019-04-28 15:11:55,570 - market_queryAllinfo - INFO - 发起登录请求
2019-04-28 15:11:55,601 - market_queryAllinfo - INFO - 执行market_queryAllInfo操作
2019-04-28 15:11:55,601 - market_queryAllinfo - INFO - 执行market_queryAllInfo操作
2019-04-28 15:12:26,985 - market_queryAllinfo - INFO - 发起登录请求
2019-04-28 15:12:26,985 - market_queryAllinfo - INFO - 发起登录请求
2019-04-28 15:12:27,049 - market_queryAllinfo - INFO - 执行market_queryAllInfo操作
2019-04-28 15:12:27,049 - market_queryAllinfo - INFO - 执行market_queryAllInfo操作
2019-04-28 15:13:21,741 - market_queryAllinfo - INFO - 发起登录请求
2019-04-28 15:13:21,741 - market_queryAllinfo - INFO - 发起登录请求
2019-04-28 15:13:21,773 - market_queryAllinfo - INFO - 执行market_queryAllInfo操作
2019-04-28 15:13:21,773 - market_queryAllinfo - INFO - 执行market_queryAllInfo操作
2019-04-28 15:13:51,573 - market_queryAllinfo - INFO - 发起登录请求
2019-04-28 15:13:51,573 - market_queryAllinfo - INFO - 发起登录请求
2019-04-28 15:13:51,608 - market_queryAllinfo - INFO - 执行market_queryAllInfo操作
2019-04-28 15:13:51,608 - market_queryAllinfo - INFO - 执行market_queryAllInfo操作
2019-04-28 15:15:02,987 - market_queryAllinfo - INFO - 发起登录请求
2019-04-28 15:15:02,987 - market_queryAllinfo - INFO - 发起登录请求
2019-04-28 15:15:03,109 - market_queryAllinfo - INFO - 执行market_queryAllInfo操作
2019-04-28 15:15:03,109 - market_queryAllinfo - INFO - 执行market_queryAllInfo操作
2019-04-28 15:15:36,247 - market_queryAllinfo - INFO - 发起登录请求
2019-04-28 15:15:36,247 - market_queryAllinfo - INFO - 发起登录请求
2019-04-28 15:15:36,281 - market_queryAllinfo - INFO - 执行market_queryAllInfo操作
2019-04-28 15:15:36,281 - market_queryAllinfo - INFO - 执行market_queryAllInfo操作
2019-04-28 15:18:20,623 - market_queryAllinfo - INFO - 发起登录请求
2019-04-28 15:18:20,623 - market_queryAllinfo - INFO - 发起登录请求
2019-04-28 15:18:20,655 - market_queryAllinfo - INFO - 执行market_queryAllInfo操作
2019-04-28 15:18:20,655 - market_queryAllinfo - INFO - 执行market_queryAllInfo操作
2019-04-28 15:19:56,765 - market_queryAllinfo - INFO - 发起登录请求
2019-04-28 15:19:56,765 - market_queryAllinfo - INFO - 发起登录请求
2019-04-28 15:19:56,860 - market_queryAllinfo - INFO - 执行market_queryAllInfo操作
2019-04-28 15:19:56,860 - market_queryAllinfo - INFO - 执行market_queryAllInfo操作
2019-04-28 15:20:04,232 - market_queryAllinfo - INFO - 发起登录请求
2019-04-28 15:20:04,232 - market_queryAllinfo - INFO - 发起登录请求
2019-04-28 15:20:04,262 - market_queryAllinfo - INFO - 执行market_queryAllInfo操作
2019-04-28 15:20:04,262 - market_queryAllinfo - INFO - 执行market_queryAllInfo操作
2019-04-28 15:20:16,163 - market_queryAllinfo - INFO - 发起登录请求
2019-04-28 15:20:16,163 - market_queryAllinfo - INFO - 发起登录请求
2019-04-28 15:20:16,207 - market_queryAllinfo - INFO - 执行market_queryAllInfo操作
2019-04-28 15:20:16,207 - market_queryAllinfo - INFO - 执行market_queryAllInfo操作
2019-04-28 15:21:21,273 - market_queryAllinfo - INFO - 发起登录请求
2019-04-28 15:21:21,273 - market_queryAllinfo - INFO - 发起登录请求
2019-04-28 15:21:21,378 - market_queryAllinfo - INFO - 执行market_queryAllInfo操作
2019-04-28 15:21:21,378 - market_queryAllinfo - INFO - 执行market_queryAllInfo操作
2019-04-28 15:21:24,233 - market_queryAllinfo - INFO - 发起登录请求
2019-04-28 15:21:24,233 - market_queryAllinfo - INFO - 发起登录请求
2019-04-28 15:21:24,261 - market_queryAllinfo - INFO - 执行market_queryAllInfo操作
2019-04-28 15:21:24,261 - market_queryAllinfo - INFO - 执行market_queryAllInfo操作
2019-04-28 15:21:36,371 - market_queryAllinfo - INFO - 发起登录请求
2019-04-28 15:21:36,371 - market_queryAllinfo - INFO - 发起登录请求
2019-04-28 15:21:36,400 - market_queryAllinfo - INFO - 执行market_queryAllInfo操作
2019-04-28 15:21:36,400 - market_queryAllinfo - INFO - 执行market_queryAllInfo操作
2019-04-28 15:22:32,583 - market_queryAllinfo - INFO - 发起登录请求
2019-04-28 15:22:32,583 - market_queryAllinfo - INFO - 发起登录请求
2019-04-28 15:22:32,620 - market_queryAllinfo - INFO - 执行market_queryAllInfo操作
2019-04-28 15:22:32,620 - market_queryAllinfo - INFO - 执行market_queryAllInfo操作
2019-04-28 15:23:06,191 - market_queryAllinfo - INFO - 发起登录请求
2019-04-28 15:23:06,191 - market_queryAllinfo - INFO - 发起登录请求
2019-04-28 15:23:06,247 - market_queryAllinfo - INFO - 执行market_queryAllInfo操作
2019-04-28 15:23:06,247 - market_queryAllinfo - INFO - 执行market_queryAllInfo操作
2019-04-28 15:23:19,323 - market_queryAllinfo - INFO - 发起登录请求
2019-04-28 15:23:19,323 - market_queryAllinfo - INFO - 发起登录请求
2019-04-28 15:23:19,396 - market_queryAllinfo - INFO - 执行market_queryAllInfo操作
2019-04-28 15:23:19,396 - market_queryAllinfo - INFO - 执行market_queryAllInfo操作
2019-04-28 15:24:07,536 - market_queryAllinfo - INFO - 发起登录请求
2019-04-28 15:24:07,536 - market_queryAllinfo - INFO - 发起登录请求
2019-04-28 15:24:07,576 - market_queryAllinfo - INFO - 执行market_queryAllInfo操作
2019-04-28 15:24:07,576 - market_queryAllinfo - INFO - 执行market_queryAllInfo操作
2019-04-28 15:25:08,534 - market_queryAllinfo - INFO - 发起登录请求
2019-04-28 15:25:08,534 - market_queryAllinfo - INFO - 发起登录请求
2019-04-28 15:25:08,709 - market_queryAllinfo - INFO - 执行market_queryAllInfo操作
2019-04-28 15:25:08,709 - market_queryAllinfo - INFO - 执行market_queryAllInfo操作
2019-04-28 15:27:27,066 - market_queryAllinfo - INFO - 发起登录请求
2019-04-28 15:27:27,066 - market_queryAllinfo - INFO - 发起登录请求
2019-04-28 15:27:27,123 - market_queryAllinfo - INFO - 执行market_queryAllInfo操作
2019-04-28 15:27:27,123 - market_queryAllinfo - INFO - 执行market_queryAllInfo操作
2019-04-28 15:28:26,661 - market_queryAllinfo - INFO - 发起登录请求
2019-04-28 15:28:26,661 - market_queryAllinfo - INFO - 发起登录请求
2019-04-28 15:28:40,757 - market_queryAllinfo - INFO - 发起登录请求
2019-04-28 15:28:40,757 - market_queryAllinfo - INFO - 发起登录请求
2019-04-28 15:28:40,810 - market_queryAllinfo - INFO - 执行market_queryAllInfo操作
2019-04-28 15:28:40,810 - market_queryAllinfo - INFO - 执行market_queryAllInfo操作
2019-04-28 15:30:25,184 - market_queryAllinfo - INFO - 发起登录请求
2019-04-28 15:30:25,184 - market_queryAllinfo - INFO - 发起登录请求
2019-04-28 15:30:25,224 - market_queryAllinfo - INFO - 执行market_queryAllInfo操作
2019-04-28 15:30:25,224 - market_queryAllinfo - INFO - 执行market_queryAllInfo操作
2019-04-28 15:30:29,986 - market_queryAllinfo - INFO - 发起登录请求
2019-04-28 15:30:29,986 - market_queryAllinfo - INFO - 发起登录请求
2019-04-28 15:30:30,016 - market_queryAllinfo - INFO - 执行market_queryAllInfo操作
2019-04-28 15:30:30,016 - market_queryAllinfo - INFO - 执行market_queryAllInfo操作
2019-04-28 15:30:41,872 - market_queryAllinfo - INFO - 发起登录请求
2019-04-28 15:30:41,872 - market_queryAllinfo - INFO - 发起登录请求
2019-04-28 15:30:41,905 - market_queryAllinfo - INFO - 执行market_queryAllInfo操作
2019-04-28 15:30:41,905 - market_queryAllinfo - INFO - 执行market_queryAllInfo操作
2019-04-28 15:30:49,560 - market_queryAllinfo - INFO - 发起登录请求
2019-04-28 15:30:49,560 - market_queryAllinfo - INFO - 发起登录请求
2019-04-28 15:30:49,592 - market_queryAllinfo - INFO - 执行market_queryAllInfo操作
2019-04-28 15:30:49,592 - market_queryAllinfo - INFO - 执行market_queryAllInfo操作
2019-04-28 15:31:32,378 - market_queryAllinfo - INFO - 发起登录请求
2019-04-28 15:31:32,378 - market_queryAllinfo - INFO - 发起登录请求
2019-04-28 15:31:32,438 - market_queryAllinfo - INFO - 执行market_queryAllInfo操作
2019-04-28 15:31:32,438 - market_queryAllinfo - INFO - 执行market_queryAllInfo操作
2019-04-28 15:31:43,831 - market_queryAllinfo - INFO - 发起登录请求
2019-04-28 15:31:43,831 - market_queryAllinfo - INFO - 发起登录请求
2019-04-28 15:31:43,866 - market_queryAllinfo - INFO - 执行market_queryAllInfo操作
2019-04-28 15:31:43,866 - market_queryAllinfo - INFO - 执行market_queryAllInfo操作
2019-04-28 15:32:05,937 - market_queryAllinfo - INFO - 发起登录请求
2019-04-28 15:32:05,937 - market_queryAllinfo - INFO - 发起登录请求
2019-04-28 15:32:05,971 - market_queryAllinfo - INFO - 执行market_queryAllInfo操作
2019-04-28 15:32:05,971 - market_queryAllinfo - INFO - 执行market_queryAllInfo操作
2019-04-28 15:32:05,972 - market_queryAllinfo - ERROR - 执行market_queryAllInfo操作报错Invalid header name b''
2019-04-28 15:32:05,972 - market_queryAllinfo - ERROR - 执行market_queryAllInfo操作报错Invalid header name b''
2019-04-28 15:32:13,530 - market_queryAllinfo - INFO - 发起登录请求
2019-04-28 15:32:13,530 - market_queryAllinfo - INFO - 发起登录请求
2019-04-28 15:32:13,560 - market_queryAllinfo - INFO - 执行market_queryAllInfo操作
2019-04-28 15:32:13,560 - market_queryAllinfo - INFO - 执行market_queryAllInfo操作
2019-04-28 15:32:51,982 - market_queryAllinfo - INFO - 发起登录请求
2019-04-28 15:32:51,982 - market_queryAllinfo - INFO - 发起登录请求
2019-04-28 15:32:52,018 - market_queryAllinfo - INFO - 执行market_queryAllInfo操作
2019-04-28 15:32:52,018 - market_queryAllinfo - INFO - 执行market_queryAllInfo操作
2019-04-28 15:33:42,157 - market_queryAllinfo - INFO - 发起登录请求
2019-04-28 15:33:42,157 - market_queryAllinfo - INFO - 发起登录请求
2019-04-28 15:33:42,189 - market_queryAllinfo - INFO - 执行market_queryAllInfo操作
2019-04-28 15:33:42,189 - market_queryAllinfo - INFO - 执行market_queryAllInfo操作
2019-04-28 15:33:59,889 - market_queryAllinfo - INFO - 发起登录请求
2019-04-28 15:33:59,889 - market_queryAllinfo - INFO - 发起登录请求
2019-04-28 15:33:59,931 - market_queryAllinfo - INFO - 执行market_queryAllInfo操作
2019-04-28 15:33:59,931 - market_queryAllinfo - INFO - 执行market_queryAllInfo操作
2019-04-28 15:34:15,602 - market_queryAllinfo - INFO - 发起登录请求
2019-04-28 15:34:15,602 - market_queryAllinfo - INFO - 发起登录请求
2019-04-28 15:34:15,635 - market_queryAllinfo - INFO - 执行market_queryAllInfo操作
2019-04-28 15:34:15,635 - market_queryAllinfo - INFO - 执行market_queryAllInfo操作
2019-04-28 15:35:53,761 - market_queryAllinfo - INFO - 发起登录请求
2019-04-28 15:35:53,761 - market_queryAllinfo - INFO - 发起登录请求
2019-04-28 15:35:53,935 - market_queryAllinfo - INFO - 执行market_queryAllInfo操作
2019-04-28 15:35:53,935 - market_queryAllinfo - INFO - 执行market_queryAllInfo操作
2019-04-28 15:36:13,175 - market_queryAllinfo - INFO - 发起登录请求
2019-04-28 15:36:13,175 - market_queryAllinfo - INFO - 发起登录请求
2019-04-28 15:36:13,208 - market_queryAllinfo - INFO - 执行market_queryAllInfo操作
2019-04-28 15:36:13,208 - market_queryAllinfo - INFO - 执行market_queryAllInfo操作
2019-04-28 15:36:19,152 - market_queryAllinfo - INFO - 发起登录请求
2019-04-28 15:36:19,152 - market_queryAllinfo - INFO - 发起登录请求
2019-04-28 15:36:19,183 - market_queryAllinfo - INFO - 执行market_queryAllInfo操作
2019-04-28 15:36:19,183 - market_queryAllinfo - INFO - 执行market_queryAllInfo操作
2019-04-28 15:36:48,008 - market_queryAllinfo - INFO - 发起登录请求
2019-04-28 15:36:48,008 - market_queryAllinfo - INFO - 发起登录请求
2019-04-28 15:36:48,043 - market_queryAllinfo - INFO - 执行market_queryAllInfo操作
2019-04-28 15:36:48,043 - market_queryAllinfo - INFO - 执行market_queryAllInfo操作
2019-04-28 15:40:34,330 - market_insert - INFO - 发起登录请求
2019-04-28 15:40:34,330 - market_insert - INFO - 发起登录请求
2019-04-28 15:40:34,374 - market_insert - INFO - 执行market_insert操作
2019-04-28 15:40:34,374 - market_insert - INFO - 执行market_insert操作
2019-04-28 15:40:57,262 - market_insert - INFO - 发起登录请求
2019-04-28 15:40:57,262 - market_insert - INFO - 发起登录请求
2019-04-28 15:40:57,293 - market_insert - INFO - 执行market_insert操作
2019-04-28 15:40:57,293 - market_insert - INFO - 执行market_insert操作
2019-04-28 15:42:20,292 - market_insert - INFO - 发起登录请求
2019-04-28 15:42:20,292 - market_insert - INFO - 发起登录请求
2019-04-28 15:42:20,459 - market_insert - INFO - 执行market_insert操作
2019-04-28 15:42:20,459 - market_insert - INFO - 执行market_insert操作
2019-04-28 15:45:13,391 - market_insert - INFO - 发起登录请求
2019-04-28 15:45:13,391 - market_insert - INFO - 发起登录请求
2019-04-28 15:45:13,615 - market_insert - INFO - 执行market_insert操作
2019-04-28 15:45:13,615 - market_insert - INFO - 执行market_insert操作
2019-04-28 15:46:02,137 - market_insert - INFO - 发起登录请求
2019-04-28 15:46:02,137 - market_insert - INFO - 发起登录请求
2019-04-28 15:46:02,170 - market_insert - INFO - 执行market_insert操作
2019-04-28 15:46:02,170 - market_insert - INFO - 执行market_insert操作
2019-04-28 15:46:20,047 - market_insert - INFO - 发起登录请求
2019-04-28 15:46:20,047 - market_insert - INFO - 发起登录请求
2019-04-28 15:46:20,089 - market_insert - INFO - 执行market_insert操作
2019-04-28 15:46:20,089 - market_insert - INFO - 执行market_insert操作
2019-04-28 15:46:50,102 - market_insert - INFO - 发起登录请求
2019-04-28 15:46:50,102 - market_insert - INFO - 发起登录请求
2019-04-28 15:46:50,170 - market_insert - INFO - 执行market_insert操作
2019-04-28 15:46:50,170 - market_insert - INFO - 执行market_insert操作
2019-04-28 15:46:59,524 - market_insert - INFO - 发起登录请求
2019-04-28 15:46:59,524 - market_insert - INFO - 发起登录请求
2019-04-28 15:46:59,558 - market_insert - INFO - 执行market_insert操作
2019-04-28 15:46:59,558 - market_insert - INFO - 执行market_insert操作
2019-04-28 15:49:34,141 - market_insert - INFO - 发起登录请求
2019-04-28 15:49:34,141 - market_insert - INFO - 发起登录请求
2019-04-28 15:49:34,202 - market_insert - INFO - 执行market_insert操作
2019-04-28 15:49:34,202 - market_insert - INFO - 执行market_insert操作
2019-04-28 15:49:56,762 - market_insert - INFO - 发起登录请求
2019-04-28 15:49:56,762 - market_insert - INFO - 发起登录请求
2019-04-28 15:49:56,797 - market_insert - INFO - 执行market_insert操作
2019-04-28 15:49:56,797 - market_insert - INFO - 执行market_insert操作
2019-04-28 15:51:03,194 - market_insert - INFO - 发起登录请求
2019-04-28 15:51:03,194 - market_insert - INFO - 发起登录请求
2019-04-28 15:51:03,245 - market_insert - INFO - 执行market_insert操作
2019-04-28 15:51:03,245 - market_insert - INFO - 执行market_insert操作
2019-04-28 15:51:29,497 - market_insert - INFO - 发起登录请求
2019-04-28 15:51:29,497 - market_insert - INFO - 发起登录请求
2019-04-28 15:51:29,533 - market_insert - INFO - 执行market_insert操作
2019-04-28 15:51:29,533 - market_insert - INFO - 执行market_insert操作
2019-04-28 15:51:41,713 - market_insert - INFO - 发起登录请求
2019-04-28 15:51:41,713 - market_insert - INFO - 发起登录请求
2019-04-28 15:51:41,746 - market_insert - INFO - 执行market_insert操作
2019-04-28 15:51:41,746 - market_insert - INFO - 执行market_insert操作
2019-04-28 15:51:55,879 - market_insert - INFO - 发起登录请求
2019-04-28 15:51:55,879 - market_insert - INFO - 发起登录请求
2019-04-28 15:51:55,912 - market_insert - INFO - 执行market_insert操作
2019-04-28 15:51:55,912 - market_insert - INFO - 执行market_insert操作
2019-04-28 15:52:05,659 - market_insert - INFO - 发起登录请求
2019-04-28 15:52:05,659 - market_insert - INFO - 发起登录请求
2019-04-28 15:52:05,689 - market_insert - INFO - 执行market_insert操作
2019-04-28 15:52:05,689 - market_insert - INFO - 执行market_insert操作
2019-04-28 15:53:41,684 - market_insert - INFO - 发起登录请求
2019-04-28 15:53:41,684 - market_insert - INFO - 发起登录请求
2019-04-28 15:53:41,811 - market_insert - INFO - 执行market_insert操作
2019-04-28 15:53:41,811 - market_insert - INFO - 执行market_insert操作
2019-04-28 15:54:53,113 - market_insert - INFO - 发起登录请求
2019-04-28 15:54:53,113 - market_insert - INFO - 发起登录请求
2019-04-28 15:54:53,157 - market_insert - INFO - 执行market_insert操作
2019-04-28 15:54:53,157 - market_insert - INFO - 执行market_insert操作
2019-04-28 15:55:10,697 - market_insert - INFO - 发起登录请求
2019-04-28 15:55:10,697 - market_insert - INFO - 发起登录请求
2019-04-28 15:55:11,021 - market_insert - INFO - 执行market_insert操作
2019-04-28 15:55:11,021 - market_insert - INFO - 执行market_insert操作
2019-04-28 15:55:43,045 - market_insert - INFO - 发起登录请求
2019-04-28 15:55:43,045 - market_insert - INFO - 发起登录请求
2019-04-28 15:55:43,245 - market_insert - INFO - 执行market_insert操作
2019-04-28 15:55:43,245 - market_insert - INFO - 执行market_insert操作
2019-04-28 15:55:57,251 - market_insert - INFO - 发起登录请求
2019-04-28 15:55:57,251 - market_insert - INFO - 发起登录请求
2019-04-28 15:55:57,285 - market_insert - INFO - 执行market_insert操作
2019-04-28 15:55:57,285 - market_insert - INFO - 执行market_insert操作
2019-04-28 15:56:39,476 - market_insert - INFO - 发起登录请求
2019-04-28 15:56:39,476 - market_insert - INFO - 发起登录请求
2019-04-28 15:56:39,541 - market_insert - INFO - 执行market_insert操作
2019-04-28 15:56:39,541 - market_insert - INFO - 执行market_insert操作
2019-04-28 15:58:04,028 - market_insert - INFO - 发起登录请求
2019-04-28 15:58:04,028 - market_insert - INFO - 发起登录请求
2019-04-28 15:58:04,110 - market_insert - INFO - 执行market_insert操作
2019-04-28 15:58:04,110 - market_insert - INFO - 执行market_insert操作
2019-04-28 16:00:08,529 - market_insert - INFO - 发起登录请求
2019-04-28 16:00:08,529 - market_insert - INFO - 发起登录请求
2019-04-28 16:00:08,563 - market_insert - INFO - 执行market_insert操作
2019-04-28 16:00:08,563 - market_insert - INFO - 执行market_insert操作
2019-04-28 16:00:25,565 - market_insert - INFO - 发起登录请求
2019-04-28 16:00:25,565 - market_insert - INFO - 发起登录请求
2019-04-28 16:00:25,620 - market_insert - INFO - 执行market_insert操作
2019-04-28 16:00:25,620 - market_insert - INFO - 执行market_insert操作
2019-04-28 16:00:36,475 - market_insert - INFO - 发起登录请求
2019-04-28 16:00:36,475 - market_insert - INFO - 发起登录请求
2019-04-28 16:00:36,566 - market_insert - INFO - 执行market_insert操作
2019-04-28 16:00:36,566 - market_insert - INFO - 执行market_insert操作
2019-04-28 16:01:24,980 - market_insert - INFO - 发起登录请求
2019-04-28 16:01:24,980 - market_insert - INFO - 发起登录请求
2019-04-28 16:01:25,013 - market_insert - INFO - 执行market_insert操作
2019-04-28 16:01:25,013 - market_insert - INFO - 执行market_insert操作
2019-04-28 16:01:29,358 - market_insert - INFO - 发起登录请求
2019-04-28 16:01:29,358 - market_insert - INFO - 发起登录请求
2019-04-28 16:01:29,411 - market_insert - INFO - 执行market_insert操作
2019-04-28 16:01:29,411 - market_insert - INFO - 执行market_insert操作
2019-04-28 16:02:22,104 - market_insert - INFO - 发起登录请求
2019-04-28 16:02:22,104 - market_insert - INFO - 发起登录请求
2019-04-28 16:02:22,131 - market_insert - INFO - 执行market_insert操作
2019-04-28 16:02:22,131 - market_insert - INFO - 执行market_insert操作
2019-04-28 16:02:43,491 - market_insert - INFO - 发起登录请求
2019-04-28 16:02:43,491 - market_insert - INFO - 发起登录请求
2019-04-28 16:02:43,529 - market_insert - INFO - 执行market_insert操作
2019-04-28 16:02:43,529 - market_insert - INFO - 执行market_insert操作
2019-04-28 16:02:49,035 - market_insert - INFO - 发起登录请求
2019-04-28 16:02:49,035 - market_insert - INFO - 发起登录请求
2019-04-28 16:02:49,061 - market_insert - INFO - 执行market_insert操作
2019-04-28 16:02:49,061 - market_insert - INFO - 执行market_insert操作
2019-04-28 16:02:59,895 - market_insert - INFO - 发起登录请求
2019-04-28 16:02:59,895 - market_insert - INFO - 发起登录请求
2019-04-28 16:02:59,933 - market_insert - INFO - 执行market_insert操作
2019-04-28 16:02:59,933 - market_insert - INFO - 执行market_insert操作
2019-04-28 16:35:14,451 - market_insert - INFO - 发起登录请求
2019-04-28 16:35:14,451 - market_insert - INFO - 发起登录请求
2019-04-28 16:35:15,974 - market_insert - INFO - 执行market_insert操作
2019-04-28 16:35:15,974 - market_insert - INFO - 执行market_insert操作
2019-04-28 16:37:35,078 - market_insert - INFO - 发起登录请求
2019-04-28 16:37:35,078 - market_insert - INFO - 发起登录请求
2019-04-28 16:37:35,119 - market_insert - INFO - 执行market_insert操作
2019-04-28 16:37:35,119 - market_insert - INFO - 执行market_insert操作
2019-04-28 16:38:01,013 - market_insert - INFO - 发起登录请求
2019-04-28 16:38:01,013 - market_insert - INFO - 发起登录请求
2019-04-28 16:38:01,046 - market_insert - INFO - 执行market_insert操作
2019-04-28 16:38:01,046 - market_insert - INFO - 执行market_insert操作
2019-04-28 16:38:25,495 - market_insert - INFO - 发起登录请求
2019-04-28 16:38:25,495 - market_insert - INFO - 发起登录请求
2019-04-28 16:38:25,531 - market_insert - INFO - 执行market_insert操作
2019-04-28 16:38:25,531 - market_insert - INFO - 执行market_insert操作
2019-04-28 16:38:31,659 - market_insert - INFO - 发起登录请求
2019-04-28 16:38:31,659 - market_insert - INFO - 发起登录请求
2019-04-28 16:38:31,686 - market_insert - INFO - 执行market_insert操作
2019-04-28 16:38:31,686 - market_insert - INFO - 执行market_insert操作
2019-04-28 16:40:17,213 - market_insert - INFO - 发起登录请求
2019-04-28 16:40:17,213 - market_insert - INFO - 发起登录请求
2019-04-28 16:40:17,241 - market_insert - INFO - 执行market_insert操作
2019-04-28 16:40:17,241 - market_insert - INFO - 执行market_insert操作
2019-04-28 16:40:26,051 - market_insert - INFO - 发起登录请求
2019-04-28 16:40:26,051 - market_insert - INFO - 发起登录请求
2019-04-28 16:40:26,329 - market_insert - INFO - 执行market_insert操作
2019-04-28 16:40:26,329 - market_insert - INFO - 执行market_insert操作
2019-04-28 16:41:48,352 - market_insert - INFO - 发起登录请求
2019-04-28 16:41:48,352 - market_insert - INFO - 发起登录请求
2019-04-28 16:41:48,383 - market_insert - INFO - 执行market_insert操作
2019-04-28 16:41:48,383 - market_insert - INFO - 执行market_insert操作
2019-04-28 16:41:58,741 - market_insert - INFO - 发起登录请求
2019-04-28 16:41:58,741 - market_insert - INFO - 发起登录请求
2019-04-28 16:41:58,771 - market_insert - INFO - 执行market_insert操作
2019-04-28 16:41:58,771 - market_insert - INFO - 执行market_insert操作
2019-04-28 16:42:08,270 - market_insert - INFO - 发起登录请求
2019-04-28 16:42:08,270 - market_insert - INFO - 发起登录请求
2019-04-28 16:42:08,322 - market_insert - INFO - 执行market_insert操作
2019-04-28 16:42:08,322 - market_insert - INFO - 执行market_insert操作
2019-04-28 16:42:22,464 - market_insert - INFO - 发起登录请求
2019-04-28 16:42:22,464 - market_insert - INFO - 发起登录请求
2019-04-28 16:42:22,511 - market_insert - INFO - 执行market_insert操作
2019-04-28 16:42:22,511 - market_insert - INFO - 执行market_insert操作
2019-04-28 16:43:22,891 - market_insert - INFO - 发起登录请求
2019-04-28 16:43:22,891 - market_insert - INFO - 发起登录请求
2019-04-28 16:43:22,925 - market_insert - INFO - 执行market_insert操作
2019-04-28 16:43:22,925 - market_insert - INFO - 执行market_insert操作
2019-04-28 16:43:29,074 - market_insert - INFO - 发起登录请求
2019-04-28 16:43:29,074 - market_insert - INFO - 发起登录请求
2019-04-28 16:43:29,101 - market_insert - INFO - 执行market_insert操作
2019-04-28 16:43:29,101 - market_insert - INFO - 执行market_insert操作
2019-04-28 16:45:58,772 - market_insert - INFO - 发起登录请求
2019-04-28 16:45:58,772 - market_insert - INFO - 发起登录请求
2019-04-28 16:45:58,827 - market_insert - INFO - 执行market_insert操作
2019-04-28 16:45:58,827 - market_insert - INFO - 执行market_insert操作
2019-04-28 16:46:13,223 - market_insert - INFO - 发起登录请求
2019-04-28 16:46:13,223 - market_insert - INFO - 发起登录请求
2019-04-28 16:46:13,270 - market_insert - INFO - 执行market_insert操作
2019-04-28 16:46:13,270 - market_insert - INFO - 执行market_insert操作
2019-04-28 16:46:40,029 - market_insert - INFO - 发起登录请求
2019-04-28 16:46:40,029 - market_insert - INFO - 发起登录请求
2019-04-28 16:46:40,065 - market_insert - INFO - 执行market_insert操作
2019-04-28 16:46:40,065 - market_insert - INFO - 执行market_insert操作
2019-04-28 16:46:55,559 - market_insert - INFO - 发起登录请求
2019-04-28 16:46:55,559 - market_insert - INFO - 发起登录请求
2019-04-28 16:46:55,588 - market_insert - INFO - 执行market_insert操作
2019-04-28 16:46:55,588 - market_insert - INFO - 执行market_insert操作
2019-04-28 16:47:08,841 - market_insert - INFO - 发起登录请求
2019-04-28 16:47:08,841 - market_insert - INFO - 发起登录请求
2019-04-28 16:47:08,866 - market_insert - INFO - 执行market_insert操作
2019-04-28 16:47:08,866 - market_insert - INFO - 执行market_insert操作
2019-04-28 16:47:13,898 - market_insert - INFO - 发起登录请求
2019-04-28 16:47:13,898 - market_insert - INFO - 发起登录请求
2019-04-28 16:47:13,933 - market_insert - INFO - 执行market_insert操作
2019-04-28 16:47:13,933 - market_insert - INFO - 执行market_insert操作
2019-04-28 16:47:25,971 - market_insert - INFO - 发起登录请求
2019-04-28 16:47:25,971 - market_insert - INFO - 发起登录请求
2019-04-28 16:47:25,999 - market_insert - INFO - 执行market_insert操作
2019-04-28 16:47:25,999 - market_insert - INFO - 执行market_insert操作
2019-04-28 16:47:29,215 - market_insert - INFO - 发起登录请求
2019-04-28 16:47:29,215 - market_insert - INFO - 发起登录请求
2019-04-28 16:47:29,242 - market_insert - INFO - 执行market_insert操作
2019-04-28 16:47:29,242 - market_insert - INFO - 执行market_insert操作
2019-04-28 16:48:18,022 - market_insert - INFO - 发起登录请求
2019-04-28 16:48:18,022 - market_insert - INFO - 发起登录请求
2019-04-28 16:48:24,830 - market_insert - INFO - 发起登录请求
2019-04-28 16:48:24,830 - market_insert - INFO - 发起登录请求
2019-04-28 16:48:34,550 - market_insert - INFO - 发起登录请求
2019-04-28 16:48:34,550 - market_insert - INFO - 发起登录请求
2019-04-28 16:48:34,571 - market_insert - INFO - 执行market_insert操作
2019-04-28 16:48:34,571 - market_insert - INFO - 执行market_insert操作
2019-04-28 16:50:04,380 - market_insert - INFO - 发起登录请求
2019-04-28 16:50:04,380 - market_insert - INFO - 发起登录请求
2019-04-28 16:50:04,402 - market_insert - INFO - 执行market_insert操作
2019-04-28 16:50:04,402 - market_insert - INFO - 执行market_insert操作
2019-04-28 16:52:38,080 - market_insert - INFO - 发起登录请求
2019-04-28 16:52:38,080 - market_insert - INFO - 发起登录请求
2019-04-28 16:52:38,108 - market_insert - INFO - 执行market_insert操作
2019-04-28 16:52:38,108 - market_insert - INFO - 执行market_insert操作
2019-04-28 16:52:54,558 - market_insert - INFO - 发起登录请求
2019-04-28 16:52:54,558 - market_insert - INFO - 发起登录请求
2019-04-28 16:52:54,594 - market_insert - INFO - 执行market_insert操作
2019-04-28 16:52:54,594 - market_insert - INFO - 执行market_insert操作
2019-04-28 16:53:52,971 - market_insert - INFO - 发起登录请求
2019-04-28 16:53:52,971 - market_insert - INFO - 发起登录请求
2019-04-28 16:53:53,001 - market_insert - INFO - 执行market_insert操作
2019-04-28 16:53:53,001 - market_insert - INFO - 执行market_insert操作
2019-04-28 16:54:10,978 - market_insert - INFO - 发起登录请求
2019-04-28 16:54:10,978 - market_insert - INFO - 发起登录请求
2019-04-28 16:54:11,002 - market_insert - INFO - 执行market_insert操作
2019-04-28 16:54:11,002 - market_insert - INFO - 执行market_insert操作
2019-04-28 16:54:16,619 - market_insert - INFO - 发起登录请求
2019-04-28 16:54:16,619 - market_insert - INFO - 发起登录请求
2019-04-28 16:54:16,639 - market_insert - INFO - 执行market_insert操作
2019-04-28 16:54:16,639 - market_insert - INFO - 执行market_insert操作
2019-04-28 16:54:39,375 - market_insert - INFO - 发起登录请求
2019-04-28 16:54:39,375 - market_insert - INFO - 发起登录请求
2019-04-28 16:54:39,398 - market_insert - INFO - 执行market_insert操作
2019-04-28 16:54:39,398 - market_insert - INFO - 执行market_insert操作
2019-04-28 16:55:08,749 - market_insert - INFO - 发起登录请求
2019-04-28 16:55:08,749 - market_insert - INFO - 发起登录请求
2019-04-28 16:55:08,778 - market_insert - INFO - 执行market_insert操作
2019-04-28 16:55:08,778 - market_insert - INFO - 执行market_insert操作
2019-04-28 16:55:54,085 - market_insert - INFO - 发起登录请求
2019-04-28 16:55:54,085 - market_insert - INFO - 发起登录请求
2019-04-28 16:55:54,344 - market_insert - INFO - 执行market_insert操作
2019-04-28 16:55:54,344 - market_insert - INFO - 执行market_insert操作
2019-04-28 16:56:11,089 - market_insert - INFO - 发起登录请求
2019-04-28 16:56:11,089 - market_insert - INFO - 发起登录请求
2019-04-28 16:56:11,118 - market_insert - INFO - 执行market_insert操作
2019-04-28 16:56:11,118 - market_insert - INFO - 执行market_insert操作
2019-04-28 16:56:14,472 - market_insert - INFO - 发起登录请求
2019-04-28 16:56:14,472 - market_insert - INFO - 发起登录请求
2019-04-28 16:56:14,492 - market_insert - INFO - 执行market_insert操作
2019-04-28 16:56:14,492 - market_insert - INFO - 执行market_insert操作
2019-04-28 16:59:42,340 - market_insert - INFO - 发起登录请求
2019-04-28 16:59:42,340 - market_insert - INFO - 发起登录请求
2019-04-28 16:59:42,366 - market_insert - INFO - 执行market_insert操作
2019-04-28 16:59:42,366 - market_insert - INFO - 执行market_insert操作
2019-04-28 17:00:04,716 - market_insert - INFO - 发起登录请求
2019-04-28 17:00:04,716 - market_insert - INFO - 发起登录请求
2019-04-28 17:00:04,743 - market_insert - INFO - 执行market_insert操作
2019-04-28 17:00:04,743 - market_insert - INFO - 执行market_insert操作
2019-04-28 17:00:17,439 - market_insert - INFO - 发起登录请求
2019-04-28 17:00:17,439 - market_insert - INFO - 发起登录请求
2019-04-28 17:00:17,465 - market_insert - INFO - 执行market_insert操作
2019-04-28 17:00:17,465 - market_insert - INFO - 执行market_insert操作
2019-04-28 17:00:28,547 - market_insert - INFO - 发起登录请求
2019-04-28 17:00:28,547 - market_insert - INFO - 发起登录请求
2019-04-28 17:00:28,572 - market_insert - INFO - 执行market_insert操作
2019-04-28 17:00:28,572 - market_insert - INFO - 执行market_insert操作
2019-04-28 17:00:36,872 - market_insert - INFO - 发起登录请求
2019-04-28 17:00:36,872 - market_insert - INFO - 发起登录请求
2019-04-28 17:00:36,896 - market_insert - INFO - 执行market_insert操作
2019-04-28 17:00:36,896 - market_insert - INFO - 执行market_insert操作
2019-04-28 17:01:47,677 - market_insert - INFO - 发起登录请求
2019-04-28 17:01:47,677 - market_insert - INFO - 发起登录请求
2019-04-28 17:01:47,700 - market_insert - INFO - 执行market_insert操作
2019-04-28 17:01:47,700 - market_insert - INFO - 执行market_insert操作
2019-04-28 17:01:51,079 - market_insert - INFO - 发起登录请求
2019-04-28 17:01:51,079 - market_insert - INFO - 发起登录请求
2019-04-28 17:01:51,102 - market_insert - INFO - 执行market_insert操作
2019-04-28 17:01:51,102 - market_insert - INFO - 执行market_insert操作
2019-04-28 17:02:25,580 - market_insert - INFO - 发起登录请求
2019-04-28 17:02:25,580 - market_insert - INFO - 发起登录请求
2019-04-28 17:02:25,605 - market_insert - INFO - 执行market_insert操作
2019-04-28 17:02:25,605 - market_insert - INFO - 执行market_insert操作
2019-04-28 17:02:29,785 - market_insert - INFO - 发起登录请求
2019-04-28 17:02:29,785 - market_insert - INFO - 发起登录请求
2019-04-28 17:02:29,806 - market_insert - INFO - 执行market_insert操作
2019-04-28 17:02:29,806 - market_insert - INFO - 执行market_insert操作
2019-04-28 17:02:33,756 - market_insert - INFO - 发起登录请求
2019-04-28 17:02:33,756 - market_insert - INFO - 发起登录请求
2019-04-28 17:02:33,777 - market_insert - INFO - 执行market_insert操作
2019-04-28 17:02:33,777 - market_insert - INFO - 执行market_insert操作
2019-04-28 17:03:00,832 - market_insert - INFO - 发起登录请求
2019-04-28 17:03:00,832 - market_insert - INFO - 发起登录请求
2019-04-28 17:03:00,855 - market_insert - INFO - 执行market_insert操作
2019-04-28 17:03:00,855 - market_insert - INFO - 执行market_insert操作
2019-04-28 17:03:00,856 - market_insert - ERROR - 执行market_insert操作报错Invalid header name b''
2019-04-28 17:03:00,856 - market_insert - ERROR - 执行market_insert操作报错Invalid header name b''
