2019-05-09 15:35:38,905 - sys_login_action - INFO - 发起登录请求
2019-05-09 15:52:17,592 - sys_login_action - INFO - 发起登录请求
2019-05-09 15:52:17,592 - sys_login_action - ERROR - 登录成功请求报错：'get_login' object has no attribute 'ur1_login'
2019-05-09 15:52:28,867 - sys_login_action - INFO - 发起登录请求
2019-05-09 15:52:45,996 - sys_login_action - INFO - 发起登录请求
2019-05-09 15:52:46,024 - sys_login_action - INFO - 发起登录请求
2019-05-09 15:52:46,024 - sys_login_action - ERROR - 登录成功请求报错：'get_login' object has no attribute 'ur1_login'
2019-05-09 15:53:29,034 - sys_login_action - INFO - 发起登录请求
2019-05-09 15:53:29,064 - sys_login_action - INFO - 发起登录请求
2019-05-09 15:53:29,065 - sys_login_action - ERROR - 登录成功请求报错：'get_login' object has no attribute 'ur1_login'
2019-05-09 15:53:45,088 - sys_login_action - INFO - 发起登录请求
2019-05-09 15:53:45,141 - sys_login_action - INFO - 发起登录请求
2019-05-09 15:53:45,142 - sys_login_action - ERROR - 登录成功请求报错：'get_login' object has no attribute 'ur1_login'
2019-05-09 15:54:33,949 - sys_login_action - INFO - 发起登录请求
2019-05-09 15:54:33,978 - sys_login_action - INFO - 发起登录请求
2019-05-09 15:54:33,978 - sys_login_action - ERROR - 登录成功请求报错：'get_login' object has no attribute 'ur_login'
2019-05-09 15:54:40,685 - sys_login_action - INFO - 发起登录请求
2019-05-09 15:54:40,710 - sys_login_action - INFO - 发起登录请求
2019-05-09 15:54:40,726 - sys_login_action - INFO - 发起登录请求
2019-05-09 15:54:40,758 - sys_login_action - INFO - 发起登录请求
2019-05-09 15:54:40,767 - sys_login_action - INFO - 发起登录请求
2019-05-09 15:54:40,781 - sys_login_action - INFO - 发起登录请求
2019-05-09 15:54:40,788 - sys_login_action - INFO - 发起登录请求
2019-05-09 15:54:40,796 - sys_login_action - INFO - 发起登录请求
2019-05-09 15:54:40,803 - sys_login_action - INFO - 发起登录请求
2019-05-09 15:54:40,811 - sys_login_action - INFO - 发起登录请求
2019-05-09 15:55:44,932 - sys_login_action - INFO - 发起登录请求
2019-05-09 15:55:45,011 - sys_login_action - INFO - 发起登录请求
2019-05-09 15:55:46,050 - sys_login_action - INFO - 发起登录请求
2019-05-09 15:55:47,092 - sys_login_action - INFO - 发起登录请求
2019-05-09 15:55:48,098 - sys_login_action - INFO - 发起登录请求
2019-05-09 15:55:49,123 - sys_login_action - INFO - 发起登录请求
2019-05-09 15:55:50,144 - sys_login_action - INFO - 发起登录请求
2019-05-09 15:55:51,165 - sys_login_action - INFO - 发起登录请求
2019-05-09 15:55:52,181 - sys_login_action - INFO - 发起登录请求
2019-05-09 15:55:53,187 - sys_login_action - INFO - 发起登录请求
2019-05-09 15:57:02,065 - sys_login_action - INFO - 发起登录请求
2019-05-09 15:57:03,083 - sys_login_action - INFO - 发起登录请求
2019-05-09 15:57:04,101 - sys_login_action - INFO - 发起登录请求
2019-05-09 15:57:05,114 - sys_login_action - INFO - 发起登录请求
2019-05-09 15:57:06,120 - sys_login_action - INFO - 发起登录请求
2019-05-09 15:57:07,126 - sys_login_action - INFO - 发起登录请求
2019-05-09 15:57:08,133 - sys_login_action - INFO - 发起登录请求
2019-05-09 15:57:09,140 - sys_login_action - INFO - 发起登录请求
2019-05-09 15:57:10,147 - sys_login_action - INFO - 发起登录请求
2019-05-09 15:57:48,595 - sys_login_action - INFO - 发起登录请求
2019-05-09 15:57:49,615 - sys_login_action - INFO - 发起登录请求
2019-05-09 15:57:50,635 - sys_login_action - INFO - 发起登录请求
2019-05-09 15:57:51,641 - sys_login_action - INFO - 发起登录请求
2019-05-09 15:57:52,648 - sys_login_action - INFO - 发起登录请求
2019-05-09 15:57:53,654 - sys_login_action - INFO - 发起登录请求
2019-05-09 15:57:54,660 - sys_login_action - INFO - 发起登录请求
2019-05-09 15:57:55,667 - sys_login_action - INFO - 发起登录请求
2019-05-09 15:57:56,672 - sys_login_action - INFO - 发起登录请求
2019-05-09 16:02:43,355 - sys_login_action - INFO - 发起登录请求
2019-05-09 16:04:53,071 - question_insert - INFO - 发起登录请求
2019-05-09 16:04:53,071 - question_insert - INFO - 发起登录请求
2019-05-09 16:04:53,107 - question_insert - INFO - question插入接口为true请求开始
2019-05-09 16:04:53,107 - question_insert - INFO - question插入接口为true请求开始
2019-05-09 16:06:23,552 - question_insert - INFO - 发起登录请求
2019-05-09 16:06:23,552 - question_insert - INFO - 发起登录请求
2019-05-09 16:06:23,595 - question_insert - INFO - question插入接口为true请求开始
2019-05-09 16:06:23,595 - question_insert - INFO - question插入接口为true请求开始
2019-05-09 16:09:15,432 - sys_login_action - INFO - 发起登录请求
2019-05-09 16:29:04,870 - market_delete - INFO - 发起登录请求
2019-05-09 16:29:04,870 - market_delete - INFO - 发起登录请求
2019-05-09 16:29:04,906 - market_delete - INFO - 执行market_delete操作
2019-05-09 16:29:04,906 - market_delete - INFO - 执行market_delete操作
2019-05-09 16:31:10,819 - market_delete - INFO - 发起登录请求
2019-05-09 16:31:10,819 - market_delete - INFO - 发起登录请求
2019-05-09 16:31:10,857 - market_delete - INFO - 执行market_delete操作
2019-05-09 16:31:10,857 - market_delete - INFO - 执行market_delete操作
2019-05-09 16:31:51,754 - market_delete - INFO - 发起登录请求
2019-05-09 16:31:51,754 - market_delete - INFO - 发起登录请求
2019-05-09 16:31:51,784 - market_delete - INFO - 执行market_delete操作
2019-05-09 16:31:51,784 - market_delete - INFO - 执行market_delete操作
2019-05-09 16:38:25,709 - market_delete - INFO - 发起登录请求
2019-05-09 16:38:25,709 - market_delete - INFO - 发起登录请求
2019-05-09 16:38:25,831 - market_delete - INFO - 执行market_delete操作
2019-05-09 16:38:25,831 - market_delete - INFO - 执行market_delete操作
2019-05-09 16:39:17,542 - market_delete - INFO - 发起登录请求
2019-05-09 16:39:17,542 - market_delete - INFO - 发起登录请求
2019-05-09 16:39:17,603 - market_delete - INFO - 执行market_delete操作
2019-05-09 16:39:17,603 - market_delete - INFO - 执行market_delete操作
2019-05-09 16:49:54,964 - sys_login_action - INFO - 发起登录请求
2019-05-09 17:03:29,298 - question_status - INFO - 发起登录请求
2019-05-09 17:03:29,298 - question_status - INFO - 发起登录请求
2019-05-09 17:03:29,346 - question_status - INFO - 执行question_status操作
2019-05-09 17:03:29,346 - question_status - INFO - 执行question_status操作
2019-05-09 17:03:42,651 - question_status - INFO - 发起登录请求
2019-05-09 17:03:42,651 - question_status - INFO - 发起登录请求
2019-05-09 17:03:42,687 - question_status - INFO - 执行question_status操作
2019-05-09 17:03:42,687 - question_status - INFO - 执行question_status操作
2019-05-09 17:04:24,915 - question_status - INFO - 发起登录请求
2019-05-09 17:04:24,915 - question_status - INFO - 发起登录请求
2019-05-09 17:04:24,996 - question_status - INFO - 执行question_status操作
2019-05-09 17:04:24,996 - question_status - INFO - 执行question_status操作
2019-05-09 17:04:30,450 - question_status - INFO - 发起登录请求
2019-05-09 17:04:30,450 - question_status - INFO - 发起登录请求
2019-05-09 17:04:30,482 - question_status - INFO - 执行question_status操作
2019-05-09 17:04:30,482 - question_status - INFO - 执行question_status操作
2019-05-09 17:04:36,989 - question_status - INFO - 发起登录请求
2019-05-09 17:04:36,989 - question_status - INFO - 发起登录请求
2019-05-09 17:04:37,018 - question_status - INFO - 执行question_status操作
2019-05-09 17:04:37,018 - question_status - INFO - 执行question_status操作
2019-05-09 17:04:50,823 - question_status - INFO - 发起登录请求
2019-05-09 17:04:50,823 - question_status - INFO - 发起登录请求
2019-05-09 17:04:50,905 - question_status - INFO - 执行question_status操作
2019-05-09 17:04:50,905 - question_status - INFO - 执行question_status操作
2019-05-09 17:05:01,412 - question_status - INFO - 发起登录请求
2019-05-09 17:05:01,412 - question_status - INFO - 发起登录请求
2019-05-09 17:05:01,446 - question_status - INFO - 执行question_status操作
2019-05-09 17:05:01,446 - question_status - INFO - 执行question_status操作
2019-05-09 17:05:19,623 - question_status - INFO - 发起登录请求
2019-05-09 17:05:19,623 - question_status - INFO - 发起登录请求
2019-05-09 17:05:19,758 - question_status - INFO - 执行question_status操作
2019-05-09 17:05:19,758 - question_status - INFO - 执行question_status操作
2019-05-09 17:06:12,024 - question_status - INFO - 发起登录请求
2019-05-09 17:06:12,024 - question_status - INFO - 发起登录请求
2019-05-09 17:06:12,139 - question_status - INFO - 执行question_status操作
2019-05-09 17:06:12,139 - question_status - INFO - 执行question_status操作
2019-05-09 17:06:17,004 - question_status - INFO - 发起登录请求
2019-05-09 17:06:17,004 - question_status - INFO - 发起登录请求
2019-05-09 17:06:17,065 - question_status - INFO - 执行question_status操作
2019-05-09 17:06:17,065 - question_status - INFO - 执行question_status操作
2019-05-09 17:06:19,894 - question_status - INFO - 发起登录请求
2019-05-09 17:06:19,894 - question_status - INFO - 发起登录请求
2019-05-09 17:06:19,928 - question_status - INFO - 执行question_status操作
2019-05-09 17:06:19,928 - question_status - INFO - 执行question_status操作
2019-05-09 17:07:18,616 - question_status - INFO - 发起登录请求
2019-05-09 17:07:18,616 - question_status - INFO - 发起登录请求
2019-05-09 17:07:18,661 - question_status - INFO - 执行question_status操作
2019-05-09 17:07:18,661 - question_status - INFO - 执行question_status操作
2019-05-09 17:15:48,377 - question_status - INFO - 发起登录请求
2019-05-09 17:15:48,377 - question_status - INFO - 发起登录请求
2019-05-09 17:15:48,436 - question_status - INFO - 执行question_status操作
2019-05-09 17:15:48,436 - question_status - INFO - 执行question_status操作
2019-05-09 17:18:38,971 - question_status - INFO - 发起登录请求
2019-05-09 17:18:38,971 - question_status - INFO - 发起登录请求
2019-05-09 17:18:39,020 - question_status - INFO - 执行question_status操作
2019-05-09 17:18:39,020 - question_status - INFO - 执行question_status操作
2019-05-09 17:18:51,076 - question_status - INFO - 发起登录请求
2019-05-09 17:18:51,076 - question_status - INFO - 发起登录请求
2019-05-09 17:18:51,116 - question_status - INFO - 执行question_status操作
2019-05-09 17:18:51,116 - question_status - INFO - 执行question_status操作
2019-05-09 17:18:55,837 - question_status - INFO - 发起登录请求
2019-05-09 17:18:55,837 - question_status - INFO - 发起登录请求
2019-05-09 17:18:55,861 - question_status - INFO - 执行question_status操作
2019-05-09 17:18:55,861 - question_status - INFO - 执行question_status操作
2019-05-09 17:21:51,917 - market_insert - INFO - 发起登录请求
2019-05-09 17:21:51,917 - market_insert - INFO - 发起登录请求
2019-05-09 17:21:51,958 - market_insert - INFO - 执行market_insert操作
2019-05-09 17:21:51,958 - market_insert - INFO - 执行market_insert操作
2019-05-09 17:23:02,736 - market_insert - INFO - 发起登录请求
2019-05-09 17:23:02,736 - market_insert - INFO - 发起登录请求
2019-05-09 17:23:02,765 - market_insert - INFO - 执行market_insert操作
2019-05-09 17:23:02,765 - market_insert - INFO - 执行market_insert操作
2019-05-09 17:23:55,659 - market_insert - INFO - 发起登录请求
2019-05-09 17:23:55,659 - market_insert - INFO - 发起登录请求
2019-05-09 17:23:55,689 - market_insert - INFO - 执行market_insert操作
2019-05-09 17:23:55,689 - market_insert - INFO - 执行market_insert操作
2019-05-09 17:27:16,194 - market_insert - INFO - 发起登录请求
2019-05-09 17:27:16,194 - market_insert - INFO - 发起登录请求
2019-05-09 17:27:16,232 - market_insert - INFO - 执行market_insert操作
2019-05-09 17:27:16,232 - market_insert - INFO - 执行market_insert操作
2019-05-09 17:27:25,708 - market_insert - INFO - 发起登录请求
2019-05-09 17:27:25,708 - market_insert - INFO - 发起登录请求
2019-05-09 17:27:25,734 - market_insert - INFO - 执行market_insert操作
2019-05-09 17:27:25,734 - market_insert - INFO - 执行market_insert操作
2019-05-09 17:29:23,111 - question_insert - INFO - 发起登录请求
2019-05-09 17:29:23,111 - question_insert - INFO - 发起登录请求
2019-05-09 17:29:23,173 - question_insert - INFO - question插入接口为true请求开始
2019-05-09 17:29:23,173 - question_insert - INFO - question插入接口为true请求开始
2019-05-09 17:29:37,796 - question_insert - INFO - 发起登录请求
2019-05-09 17:29:37,796 - question_insert - INFO - 发起登录请求
2019-05-09 17:29:37,822 - question_insert - INFO - question插入接口为true请求开始
2019-05-09 17:29:37,822 - question_insert - INFO - question插入接口为true请求开始
2019-05-09 17:30:21,138 - question_insert - INFO - 发起登录请求
2019-05-09 17:30:21,138 - question_insert - INFO - 发起登录请求
2019-05-09 17:30:21,186 - question_insert - INFO - question插入接口为true请求开始
2019-05-09 17:30:21,186 - question_insert - INFO - question插入接口为true请求开始
2019-05-09 17:30:27,213 - question_insert - INFO - 发起登录请求
2019-05-09 17:30:27,213 - question_insert - INFO - 发起登录请求
2019-05-09 17:30:27,353 - question_insert - INFO - question插入接口为true请求开始
2019-05-09 17:30:27,353 - question_insert - INFO - question插入接口为true请求开始
2019-05-09 17:30:38,273 - question_insert - INFO - 发起登录请求
2019-05-09 17:30:38,273 - question_insert - INFO - 发起登录请求
2019-05-09 17:30:38,310 - question_insert - INFO - question插入接口为true请求开始
2019-05-09 17:30:38,310 - question_insert - INFO - question插入接口为true请求开始
2019-05-09 17:30:54,457 - question_insert - INFO - 发起登录请求
2019-05-09 17:30:54,457 - question_insert - INFO - 发起登录请求
2019-05-09 17:30:54,495 - question_insert - INFO - question插入接口为true请求开始
2019-05-09 17:30:54,495 - question_insert - INFO - question插入接口为true请求开始
2019-05-09 17:34:28,639 - question_insert - INFO - 发起登录请求
2019-05-09 17:34:28,639 - question_insert - INFO - 发起登录请求
2019-05-09 17:34:28,673 - question_insert - INFO - question插入接口为true请求开始
2019-05-09 17:34:28,673 - question_insert - INFO - question插入接口为true请求开始
2019-05-09 17:35:11,837 - question_status - INFO - 发起登录请求
2019-05-09 17:35:11,837 - question_status - INFO - 发起登录请求
2019-05-09 17:35:11,867 - question_status - INFO - 执行question_status操作
2019-05-09 17:35:11,867 - question_status - INFO - 执行question_status操作
2019-05-09 17:35:24,981 - question_status - INFO - 发起登录请求
2019-05-09 17:35:24,981 - question_status - INFO - 发起登录请求
2019-05-09 17:35:25,177 - question_status - INFO - 执行question_status操作
2019-05-09 17:35:25,177 - question_status - INFO - 执行question_status操作
2019-05-09 17:35:38,003 - question_status - INFO - 发起登录请求
2019-05-09 17:35:38,003 - question_status - INFO - 发起登录请求
2019-05-09 17:35:38,115 - question_status - INFO - 执行question_status操作
2019-05-09 17:35:38,115 - question_status - INFO - 执行question_status操作
